{"/Users/erz/code/preceptorjs/taxi/index.js":{"path":"/Users/erz/code/preceptorjs/taxi/index.js","s":{"1":1,"2":1,"3":1,"4":1,"5":1,"6":1,"7":1,"8":1,"9":1,"10":1,"11":1,"12":1,"13":1,"14":1,"15":1,"16":1,"17":1,"18":1,"19":1,"20":1,"21":1,"22":1,"23":1,"24":1,"25":1,"26":3,"27":1,"28":1,"29":1,"30":1,"31":1,"32":1,"33":1,"34":1,"35":1,"36":1,"37":1,"38":1,"39":1,"40":1,"41":1,"42":1,"43":1,"44":1,"45":1,"46":1,"47":1,"48":1,"49":1},"b":{},"f":{"1":3},"fnMap":{"1":{"name":"taxi","line":50,"loc":{"start":{"line":50,"column":0},"end":{"line":50,"column":45}}}},"statementMap":{"1":{"start":{"line":3,"column":0},"end":{"line":3,"column":35}},"2":{"start":{"line":4,"column":0},"end":{"line":4,"column":49}},"3":{"start":{"line":5,"column":0},"end":{"line":5,"column":39}},"4":{"start":{"line":6,"column":0},"end":{"line":6,"column":35}},"5":{"start":{"line":7,"column":0},"end":{"line":7,"column":37}},"6":{"start":{"line":8,"column":0},"end":{"line":8,"column":51}},"7":{"start":{"line":9,"column":0},"end":{"line":9,"column":39}},"8":{"start":{"line":10,"column":0},"end":{"line":10,"column":35}},"9":{"start":{"line":11,"column":0},"end":{"line":11,"column":47}},"10":{"start":{"line":12,"column":0},"end":{"line":12,"column":47}},"11":{"start":{"line":13,"column":0},"end":{"line":13,"column":31}},"12":{"start":{"line":14,"column":0},"end":{"line":14,"column":33}},"13":{"start":{"line":15,"column":0},"end":{"line":15,"column":49}},"14":{"start":{"line":16,"column":0},"end":{"line":16,"column":41}},"15":{"start":{"line":17,"column":0},"end":{"line":17,"column":35}},"16":{"start":{"line":18,"column":0},"end":{"line":18,"column":43}},"17":{"start":{"line":19,"column":0},"end":{"line":19,"column":39}},"18":{"start":{"line":20,"column":0},"end":{"line":20,"column":53}},"19":{"start":{"line":21,"column":0},"end":{"line":21,"column":37}},"20":{"start":{"line":22,"column":0},"end":{"line":22,"column":39}},"21":{"start":{"line":23,"column":0},"end":{"line":23,"column":35}},"22":{"start":{"line":24,"column":0},"end":{"line":24,"column":44}},"23":{"start":{"line":26,"column":0},"end":{"line":26,"column":37}},"24":{"start":{"line":28,"column":0},"end":{"line":28,"column":22}},"25":{"start":{"line":50,"column":0},"end":{"line":52,"column":1}},"26":{"start":{"line":51,"column":2},"end":{"line":51,"column":51}},"27":{"start":{"line":59,"column":0},"end":{"line":59,"column":33}},"28":{"start":{"line":65,"column":0},"end":{"line":65,"column":19}},"29":{"start":{"line":71,"column":0},"end":{"line":71,"column":23}},"30":{"start":{"line":77,"column":0},"end":{"line":77,"column":19}},"31":{"start":{"line":83,"column":0},"end":{"line":83,"column":21}},"32":{"start":{"line":89,"column":0},"end":{"line":89,"column":35}},"33":{"start":{"line":95,"column":0},"end":{"line":95,"column":21}},"34":{"start":{"line":101,"column":0},"end":{"line":101,"column":23}},"35":{"start":{"line":107,"column":0},"end":{"line":107,"column":19}},"36":{"start":{"line":113,"column":0},"end":{"line":113,"column":31}},"37":{"start":{"line":119,"column":0},"end":{"line":119,"column":31}},"38":{"start":{"line":125,"column":0},"end":{"line":125,"column":15}},"39":{"start":{"line":131,"column":0},"end":{"line":131,"column":17}},"40":{"start":{"line":137,"column":0},"end":{"line":137,"column":33}},"41":{"start":{"line":143,"column":0},"end":{"line":143,"column":25}},"42":{"start":{"line":149,"column":0},"end":{"line":149,"column":19}},"43":{"start":{"line":155,"column":0},"end":{"line":155,"column":27}},"44":{"start":{"line":161,"column":0},"end":{"line":161,"column":23}},"45":{"start":{"line":167,"column":0},"end":{"line":167,"column":37}},"46":{"start":{"line":173,"column":0},"end":{"line":173,"column":21}},"47":{"start":{"line":179,"column":0},"end":{"line":179,"column":23}},"48":{"start":{"line":185,"column":0},"end":{"line":185,"column":19}},"49":{"start":{"line":191,"column":0},"end":{"line":191,"column":35}}},"branchMap":{}},"/Users/erz/code/preceptorjs/taxi/lib/alert.js":{"path":"/Users/erz/code/preceptorjs/taxi/lib/alert.js","s":{"1":1,"2":1,"3":1,"4":1,"5":36,"6":1,"7":72,"8":72,"9":1,"10":36,"11":1,"12":0,"13":1,"14":14,"15":1,"16":2,"17":2,"18":1,"19":16,"20":1,"21":4,"22":1},"b":{},"f":{"1":36,"2":72,"3":36,"4":0,"5":14,"6":2,"7":16,"8":4},"fnMap":{"1":{"name":"Alert","line":19,"loc":{"start":{"line":19,"column":0},"end":{"line":19,"column":24}}},"2":{"name":"(anonymous_2)","line":35,"loc":{"start":{"line":35,"column":33},"end":{"line":35,"column":50}}},"3":{"name":"(anonymous_3)","line":52,"loc":{"start":{"line":52,"column":31},"end":{"line":52,"column":61}}},"4":{"name":"(anonymous_4)","line":67,"loc":{"start":{"line":67,"column":28},"end":{"line":67,"column":40}}},"5":{"name":"(anonymous_5)","line":78,"loc":{"start":{"line":78,"column":26},"end":{"line":78,"column":38}}},"6":{"name":"(anonymous_6)","line":88,"loc":{"start":{"line":88,"column":26},"end":{"line":88,"column":42}}},"7":{"name":"(anonymous_7)","line":100,"loc":{"start":{"line":100,"column":25},"end":{"line":100,"column":37}}},"8":{"name":"(anonymous_8)","line":113,"loc":{"start":{"line":113,"column":26},"end":{"line":113,"column":38}}}},"statementMap":{"1":{"start":{"line":3,"column":0},"end":{"line":3,"column":34}},"2":{"start":{"line":4,"column":0},"end":{"line":4,"column":29}},"3":{"start":{"line":6,"column":0},"end":{"line":6,"column":23}},"4":{"start":{"line":19,"column":0},"end":{"line":21,"column":1}},"5":{"start":{"line":20,"column":2},"end":{"line":20,"column":24}},"6":{"start":{"line":35,"column":0},"end":{"line":38,"column":2}},"7":{"start":{"line":36,"column":2},"end":{"line":36,"column":25}},"8":{"start":{"line":37,"column":2},"end":{"line":37,"column":37}},"9":{"start":{"line":52,"column":0},"end":{"line":54,"column":2}},"10":{"start":{"line":53,"column":2},"end":{"line":53,"column":55}},"11":{"start":{"line":67,"column":0},"end":{"line":69,"column":2}},"12":{"start":{"line":68,"column":2},"end":{"line":68,"column":22}},"13":{"start":{"line":78,"column":0},"end":{"line":80,"column":2}},"14":{"start":{"line":79,"column":2},"end":{"line":79,"column":49}},"15":{"start":{"line":88,"column":0},"end":{"line":91,"column":2}},"16":{"start":{"line":89,"column":2},"end":{"line":89,"column":31}},"17":{"start":{"line":90,"column":2},"end":{"line":90,"column":66}},"18":{"start":{"line":100,"column":0},"end":{"line":102,"column":2}},"19":{"start":{"line":101,"column":2},"end":{"line":101,"column":52}},"20":{"start":{"line":113,"column":0},"end":{"line":115,"column":2}},"21":{"start":{"line":114,"column":2},"end":{"line":114,"column":53}},"22":{"start":{"line":118,"column":0},"end":{"line":118,"column":28}}},"branchMap":{}},"/Users/erz/code/preceptorjs/taxi/lib/log.js":{"path":"/Users/erz/code/preceptorjs/taxi/lib/log.js","s":{"1":1,"2":1,"3":1,"4":1,"5":1,"6":26,"7":456,"8":439,"9":344,"10":1,"11":344,"12":1624,"13":1624,"14":1624,"15":1624,"16":1624,"17":1624,"18":1624,"19":1624,"20":1614,"21":1614,"22":1614,"23":1614,"24":1614,"25":10,"26":10,"27":10,"28":10,"29":10,"30":344,"31":344},"b":{"1":[439,17],"2":[344,95],"3":[439,344,344,344]},"f":{"1":26,"2":344,"3":1624,"4":1624,"5":1614,"6":10},"fnMap":{"1":{"name":"logMethods","line":19,"loc":{"start":{"line":19,"column":0},"end":{"line":19,"column":26}}},"2":{"name":"logMethod","line":41,"loc":{"start":{"line":41,"column":0},"end":{"line":41,"column":34}}},"3":{"name":"(anonymous_3)","line":42,"loc":{"start":{"line":42,"column":15},"end":{"line":42,"column":27}}},"4":{"name":"(anonymous_4)","line":48,"loc":{"start":{"line":48,"column":20},"end":{"line":48,"column":32}}},"5":{"name":"(anonymous_5)","line":54,"loc":{"start":{"line":54,"column":18},"end":{"line":54,"column":33}}},"6":{"name":"(anonymous_6)","line":60,"loc":{"start":{"line":60,"column":18},"end":{"line":60,"column":33}}}},"statementMap":{"1":{"start":{"line":3,"column":0},"end":{"line":3,"column":50}},"2":{"start":{"line":4,"column":0},"end":{"line":4,"column":29}},"3":{"start":{"line":6,"column":0},"end":{"line":6,"column":28}},"4":{"start":{"line":8,"column":0},"end":{"line":8,"column":20}},"5":{"start":{"line":19,"column":0},"end":{"line":27,"column":1}},"6":{"start":{"line":20,"column":2},"end":{"line":26,"column":3}},"7":{"start":{"line":21,"column":4},"end":{"line":25,"column":5}},"8":{"start":{"line":22,"column":6},"end":{"line":24,"column":7}},"9":{"start":{"line":23,"column":8},"end":{"line":23,"column":44}},"10":{"start":{"line":41,"column":0},"end":{"line":72,"column":1}},"11":{"start":{"line":42,"column":2},"end":{"line":67,"column":4}},"12":{"start":{"line":43,"column":4},"end":{"line":43,"column":53}},"13":{"start":{"line":44,"column":4},"end":{"line":47,"column":6}},"14":{"start":{"line":48,"column":4},"end":{"line":66,"column":18}},"15":{"start":{"line":49,"column":6},"end":{"line":49,"column":20}},"16":{"start":{"line":50,"column":6},"end":{"line":50,"column":28}},"17":{"start":{"line":51,"column":6},"end":{"line":51,"column":38}},"18":{"start":{"line":52,"column":6},"end":{"line":52,"column":33}},"19":{"start":{"line":53,"column":6},"end":{"line":53,"column":38}},"20":{"start":{"line":55,"column":6},"end":{"line":55,"column":20}},"21":{"start":{"line":56,"column":6},"end":{"line":56,"column":26}},"22":{"start":{"line":57,"column":6},"end":{"line":57,"column":25}},"23":{"start":{"line":58,"column":6},"end":{"line":58,"column":33}},"24":{"start":{"line":59,"column":6},"end":{"line":59,"column":17}},"25":{"start":{"line":61,"column":6},"end":{"line":61,"column":20}},"26":{"start":{"line":62,"column":6},"end":{"line":62,"column":26}},"27":{"start":{"line":63,"column":6},"end":{"line":63,"column":24}},"28":{"start":{"line":64,"column":6},"end":{"line":64,"column":33}},"29":{"start":{"line":65,"column":6},"end":{"line":65,"column":16}},"30":{"start":{"line":69,"column":2},"end":{"line":69,"column":24}},"31":{"start":{"line":71,"column":2},"end":{"line":71,"column":16}}},"branchMap":{"1":{"line":21,"type":"if","locations":[{"start":{"line":21,"column":4},"end":{"line":21,"column":4}},{"start":{"line":21,"column":4},"end":{"line":21,"column":4}}]},"2":{"line":22,"type":"if","locations":[{"start":{"line":22,"column":6},"end":{"line":22,"column":6}},{"start":{"line":22,"column":6},"end":{"line":22,"column":6}}]},"3":{"line":22,"type":"binary-expr","locations":[{"start":{"line":22,"column":10},"end":{"line":22,"column":24}},{"start":{"line":22,"column":28},"end":{"line":22,"column":60}},{"start":{"line":22,"column":64},"end":{"line":22,"column":94}},{"start":{"line":22,"column":98},"end":{"line":22,"column":110}}]}}},"/Users/erz/code/preceptorjs/taxi/lib/when.js":{"path":"/Users/erz/code/preceptorjs/taxi/lib/when.js","s":{"1":1,"2":1,"3":1,"4":1,"5":1745,"6":873,"7":872,"8":1,"9":3248,"10":1624,"11":1624,"12":1,"13":1624,"14":1624,"15":1624,"16":5,"17":1619,"18":290,"19":1329,"20":1,"21":6612},"b":{"1":[873,872],"2":[1624,1624],"3":[290,1329],"4":[6612,6474,109,6365]},"f":{"1":1745,"2":3248,"3":1624,"4":6612},"fnMap":{"1":{"name":"when","line":19,"loc":{"start":{"line":19,"column":0},"end":{"line":19,"column":24}}},"2":{"name":"whenDone","line":32,"loc":{"start":{"line":32,"column":0},"end":{"line":32,"column":28}}},"3":{"name":"whenTry","line":40,"loc":{"start":{"line":40,"column":0},"end":{"line":40,"column":30}}},"4":{"name":"isPromise","line":65,"loc":{"start":{"line":65,"column":0},"end":{"line":65,"column":25}}}},"statementMap":{"1":{"start":{"line":3,"column":0},"end":{"line":3,"column":22}},"2":{"start":{"line":4,"column":0},"end":{"line":4,"column":31}},"3":{"start":{"line":5,"column":0},"end":{"line":5,"column":29}},"4":{"start":{"line":19,"column":0},"end":{"line":25,"column":1}},"5":{"start":{"line":20,"column":2},"end":{"line":24,"column":3}},"6":{"start":{"line":21,"column":4},"end":{"line":21,"column":24}},"7":{"start":{"line":23,"column":4},"end":{"line":23,"column":19}},"8":{"start":{"line":32,"column":0},"end":{"line":38,"column":1}},"9":{"start":{"line":33,"column":2},"end":{"line":37,"column":3}},"10":{"start":{"line":34,"column":4},"end":{"line":34,"column":24}},"11":{"start":{"line":36,"column":4},"end":{"line":36,"column":19}},"12":{"start":{"line":40,"column":0},"end":{"line":52,"column":1}},"13":{"start":{"line":41,"column":2},"end":{"line":41,"column":10}},"14":{"start":{"line":42,"column":2},"end":{"line":46,"column":3}},"15":{"start":{"line":43,"column":4},"end":{"line":43,"column":15}},"16":{"start":{"line":45,"column":4},"end":{"line":45,"column":18}},"17":{"start":{"line":47,"column":2},"end":{"line":51,"column":3}},"18":{"start":{"line":48,"column":4},"end":{"line":48,"column":28}},"19":{"start":{"line":50,"column":4},"end":{"line":50,"column":19}},"20":{"start":{"line":65,"column":0},"end":{"line":67,"column":1}},"21":{"start":{"line":66,"column":2},"end":{"line":66,"column":105}}},"branchMap":{"1":{"line":20,"type":"if","locations":[{"start":{"line":20,"column":2},"end":{"line":20,"column":2}},{"start":{"line":20,"column":2},"end":{"line":20,"column":2}}]},"2":{"line":33,"type":"if","locations":[{"start":{"line":33,"column":2},"end":{"line":33,"column":2}},{"start":{"line":33,"column":2},"end":{"line":33,"column":2}}]},"3":{"line":47,"type":"if","locations":[{"start":{"line":47,"column":2},"end":{"line":47,"column":2}},{"start":{"line":47,"column":2},"end":{"line":47,"column":2}}]},"4":{"line":66,"type":"binary-expr","locations":[{"start":{"line":66,"column":9},"end":{"line":66,"column":12}},{"start":{"line":66,"column":17},"end":{"line":66,"column":40}},{"start":{"line":66,"column":44},"end":{"line":66,"column":69}},{"start":{"line":66,"column":74},"end":{"line":66,"column":104}}]}}},"/Users/erz/code/preceptorjs/taxi/lib/type.js":{"path":"/Users/erz/code/preceptorjs/taxi/lib/type.js","s":{"1":1,"2":1,"3":980,"4":154,"5":154,"6":140,"7":840,"8":840,"9":848,"10":0,"11":848,"12":2,"13":846,"14":840,"15":840,"16":0,"17":1,"18":850,"19":0,"20":0,"21":0,"22":0,"23":6,"24":0,"25":6,"26":4,"27":4,"28":0,"29":6,"30":6,"31":0,"32":844,"33":0,"34":844,"35":0,"36":844,"37":0,"38":844,"39":844},"b":{"1":[154,826],"2":[140,14],"3":[154,154],"4":[0,848],"5":[848,0,0],"6":[2,846],"7":[848,846],"8":[840,0],"9":[0,0,0,0,6],"10":[0,6],"11":[4,0],"12":[6,0],"13":[0,844],"14":[0,844],"15":[0,844]},"f":{"1":980,"2":848,"3":850,"4":4},"fnMap":{"1":{"name":"checkType","line":10,"loc":{"start":{"line":10,"column":0},"end":{"line":10,"column":41}}},"2":{"name":"(anonymous_2)","line":16,"loc":{"start":{"line":16,"column":41},"end":{"line":16,"column":61}}},"3":{"name":"type","line":34,"loc":{"start":{"line":34,"column":0},"end":{"line":34,"column":20}}},"4":{"name":"(anonymous_4)","line":46,"loc":{"start":{"line":46,"column":41},"end":{"line":46,"column":57}}}},"statementMap":{"1":{"start":{"line":8,"column":0},"end":{"line":8,"column":27}},"2":{"start":{"line":10,"column":0},"end":{"line":27,"column":1}},"3":{"start":{"line":11,"column":2},"end":{"line":14,"column":3}},"4":{"start":{"line":12,"column":4},"end":{"line":12,"column":58}},"5":{"start":{"line":13,"column":4},"end":{"line":13,"column":50}},"6":{"start":{"line":13,"column":43},"end":{"line":13,"column":50}},"7":{"start":{"line":15,"column":2},"end":{"line":15,"column":25}},"8":{"start":{"line":16,"column":2},"end":{"line":24,"column":5}},"9":{"start":{"line":17,"column":4},"end":{"line":19,"column":5}},"10":{"start":{"line":18,"column":6},"end":{"line":18,"column":18}},"11":{"start":{"line":20,"column":4},"end":{"line":22,"column":5}},"12":{"start":{"line":21,"column":6},"end":{"line":21,"column":32}},"13":{"start":{"line":23,"column":4},"end":{"line":23,"column":31}},"14":{"start":{"line":25,"column":2},"end":{"line":25,"column":22}},"15":{"start":{"line":25,"column":15},"end":{"line":25,"column":22}},"16":{"start":{"line":26,"column":2},"end":{"line":26,"column":107}},"17":{"start":{"line":34,"column":0},"end":{"line":59,"column":1}},"18":{"start":{"line":35,"column":2},"end":{"line":51,"column":3}},"19":{"start":{"line":37,"column":6},"end":{"line":37,"column":20}},"20":{"start":{"line":39,"column":6},"end":{"line":39,"column":22}},"21":{"start":{"line":41,"column":6},"end":{"line":41,"column":25}},"22":{"start":{"line":43,"column":6},"end":{"line":43,"column":21}},"23":{"start":{"line":45,"column":6},"end":{"line":45,"column":43}},"24":{"start":{"line":45,"column":28},"end":{"line":45,"column":43}},"25":{"start":{"line":46,"column":6},"end":{"line":48,"column":9}},"26":{"start":{"line":47,"column":8},"end":{"line":47,"column":48}},"27":{"start":{"line":47,"column":21},"end":{"line":47,"column":30}},"28":{"start":{"line":47,"column":36},"end":{"line":47,"column":48}},"29":{"start":{"line":49,"column":6},"end":{"line":49,"column":52}},"30":{"start":{"line":49,"column":19},"end":{"line":49,"column":52}},"31":{"start":{"line":50,"column":6},"end":{"line":50,"column":27}},"32":{"start":{"line":53,"column":2},"end":{"line":53,"column":34}},"33":{"start":{"line":53,"column":20},"end":{"line":53,"column":34}},"34":{"start":{"line":54,"column":2},"end":{"line":54,"column":44}},"35":{"start":{"line":54,"column":25},"end":{"line":54,"column":44}},"36":{"start":{"line":55,"column":2},"end":{"line":55,"column":32}},"37":{"start":{"line":55,"column":19},"end":{"line":55,"column":32}},"38":{"start":{"line":57,"column":2},"end":{"line":57,"column":33}},"39":{"start":{"line":58,"column":2},"end":{"line":58,"column":45}}},"branchMap":{"1":{"line":11,"type":"if","locations":[{"start":{"line":11,"column":2},"end":{"line":11,"column":2}},{"start":{"line":11,"column":2},"end":{"line":11,"column":2}}]},"2":{"line":13,"type":"if","locations":[{"start":{"line":13,"column":4},"end":{"line":13,"column":4}},{"start":{"line":13,"column":4},"end":{"line":13,"column":4}}]},"3":{"line":13,"type":"binary-expr","locations":[{"start":{"line":13,"column":8},"end":{"line":13,"column":20}},{"start":{"line":13,"column":24},"end":{"line":13,"column":41}}]},"4":{"line":17,"type":"if","locations":[{"start":{"line":17,"column":4},"end":{"line":17,"column":4}},{"start":{"line":17,"column":4},"end":{"line":17,"column":4}}]},"5":{"line":17,"type":"binary-expr","locations":[{"start":{"line":17,"column":8},"end":{"line":17,"column":26}},{"start":{"line":17,"column":30},"end":{"line":17,"column":46}},{"start":{"line":17,"column":50},"end":{"line":17,"column":73}}]},"6":{"line":20,"type":"if","locations":[{"start":{"line":20,"column":4},"end":{"line":20,"column":4}},{"start":{"line":20,"column":4},"end":{"line":20,"column":4}}]},"7":{"line":20,"type":"binary-expr","locations":[{"start":{"line":20,"column":8},"end":{"line":20,"column":34}},{"start":{"line":20,"column":38},"end":{"line":20,"column":58}}]},"8":{"line":25,"type":"if","locations":[{"start":{"line":25,"column":2},"end":{"line":25,"column":2}},{"start":{"line":25,"column":2},"end":{"line":25,"column":2}}]},"9":{"line":35,"type":"switch","locations":[{"start":{"line":36,"column":4},"end":{"line":37,"column":20}},{"start":{"line":38,"column":4},"end":{"line":39,"column":22}},{"start":{"line":40,"column":4},"end":{"line":41,"column":25}},{"start":{"line":42,"column":4},"end":{"line":43,"column":21}},{"start":{"line":44,"column":4},"end":{"line":50,"column":27}}]},"10":{"line":45,"type":"if","locations":[{"start":{"line":45,"column":6},"end":{"line":45,"column":6}},{"start":{"line":45,"column":6},"end":{"line":45,"column":6}}]},"11":{"line":47,"type":"if","locations":[{"start":{"line":47,"column":8},"end":{"line":47,"column":8}},{"start":{"line":47,"column":8},"end":{"line":47,"column":8}}]},"12":{"line":49,"type":"if","locations":[{"start":{"line":49,"column":6},"end":{"line":49,"column":6}},{"start":{"line":49,"column":6},"end":{"line":49,"column":6}}]},"13":{"line":53,"type":"if","locations":[{"start":{"line":53,"column":2},"end":{"line":53,"column":2}},{"start":{"line":53,"column":2},"end":{"line":53,"column":2}}]},"14":{"line":54,"type":"if","locations":[{"start":{"line":54,"column":2},"end":{"line":54,"column":2}},{"start":{"line":54,"column":2},"end":{"line":54,"column":2}}]},"15":{"line":55,"type":"if","locations":[{"start":{"line":55,"column":2},"end":{"line":55,"column":2}},{"start":{"line":55,"column":2},"end":{"line":55,"column":2}}]}}},"/Users/erz/code/preceptorjs/taxi/lib/activeWindow.js":{"path":"/Users/erz/code/preceptorjs/taxi/lib/activeWindow.js","s":{"1":1,"2":1,"3":1,"4":1,"5":1,"6":1,"7":1,"8":1,"9":1,"10":1,"11":1,"12":1,"13":1,"14":1,"15":1,"16":1,"17":288,"18":288,"19":1,"20":1,"21":588,"22":588,"23":1,"24":2,"25":1,"26":8,"27":8,"28":8,"29":1,"30":2,"31":2,"32":2,"33":1,"34":4,"35":4,"36":1,"37":2,"38":1,"39":2,"40":2,"41":2,"42":2,"43":1,"44":1,"45":0,"46":0,"47":0,"48":0,"49":1,"50":1,"51":0,"52":0,"53":0,"54":0,"55":1,"56":1,"57":0,"58":0,"59":0,"60":0,"61":0,"62":0,"63":0,"64":0,"65":1,"66":0,"67":0,"68":0,"69":1,"70":0,"71":0,"72":0,"73":1,"74":0,"75":0,"76":0,"77":1,"78":2,"79":2,"80":1,"81":128,"82":128,"83":128,"84":128,"85":1,"86":6,"87":6,"88":6,"89":6,"90":8,"91":1,"92":4,"93":4,"94":1,"95":2,"96":1,"97":4,"98":1,"99":2,"100":1,"101":2,"102":1,"103":46,"104":1,"105":20,"106":1,"107":2,"108":1,"109":36,"110":1,"111":0,"112":0,"113":1,"114":0,"115":0,"116":1,"117":0,"118":0,"119":1,"120":1,"121":10,"122":6,"123":10},"b":{"1":[8,6],"2":[2,2],"3":[2,2],"4":[2,2],"5":[0,0],"6":[0,0],"7":[0,0],"8":[0,0],"9":[0,0],"10":[0,0],"11":[0,0],"12":[128,116],"13":[6,6],"14":[0,0],"15":[0,0],"16":[0,0],"17":[0,0],"18":[0,0],"19":[0,0],"20":[6,4]},"f":{"1":288,"2":588,"3":2,"4":8,"5":2,"6":4,"7":2,"8":2,"9":0,"10":0,"11":0,"12":0,"13":0,"14":0,"15":0,"16":0,"17":0,"18":0,"19":0,"20":0,"21":2,"22":2,"23":128,"24":128,"25":6,"26":6,"27":8,"28":4,"29":4,"30":2,"31":4,"32":2,"33":2,"34":46,"35":20,"36":2,"37":36,"38":0,"39":0,"40":0,"41":0,"42":0,"43":0,"44":10},"fnMap":{"1":{"name":"ActiveWindow","line":36,"loc":{"start":{"line":36,"column":0},"end":{"line":36,"column":35}}},"2":{"name":"(anonymous_2)","line":54,"loc":{"start":{"line":54,"column":40},"end":{"line":54,"column":57}}},"3":{"name":"(anonymous_3)","line":70,"loc":{"start":{"line":70,"column":35},"end":{"line":70,"column":47}}},"4":{"name":"(anonymous_4)","line":87,"loc":{"start":{"line":87,"column":33},"end":{"line":87,"column":57}}},"5":{"name":"(anonymous_5)","line":104,"loc":{"start":{"line":104,"column":38},"end":{"line":104,"column":62}}},"6":{"name":"(anonymous_6)","line":120,"loc":{"start":{"line":120,"column":34},"end":{"line":120,"column":49}}},"7":{"name":"(anonymous_7)","line":133,"loc":{"start":{"line":133,"column":40},"end":{"line":133,"column":59}}},"8":{"name":"(anonymous_8)","line":149,"loc":{"start":{"line":149,"column":41},"end":{"line":149,"column":60}}},"9":{"name":"(anonymous_9)","line":183,"loc":{"start":{"line":183,"column":41},"end":{"line":183,"column":60}}},"10":{"name":"(anonymous_10)","line":221,"loc":{"start":{"line":221,"column":37},"end":{"line":221,"column":77}}},"11":{"name":"(anonymous_11)","line":259,"loc":{"start":{"line":259,"column":40},"end":{"line":259,"column":65}}},"12":{"name":"(anonymous_12)","line":260,"loc":{"start":{"line":260,"column":45},"end":{"line":260,"column":63}}},"13":{"name":"(anonymous_13)","line":264,"loc":{"start":{"line":264,"column":25},"end":{"line":264,"column":52}}},"14":{"name":"(anonymous_14)","line":265,"loc":{"start":{"line":265,"column":35},"end":{"line":265,"column":50}}},"15":{"name":"(anonymous_15)","line":293,"loc":{"start":{"line":293,"column":41},"end":{"line":293,"column":67}}},"16":{"name":"(anonymous_16)","line":296,"loc":{"start":{"line":296,"column":44},"end":{"line":296,"column":62}}},"17":{"name":"(anonymous_17)","line":316,"loc":{"start":{"line":316,"column":41},"end":{"line":316,"column":67}}},"18":{"name":"(anonymous_18)","line":319,"loc":{"start":{"line":319,"column":44},"end":{"line":319,"column":62}}},"19":{"name":"(anonymous_19)","line":343,"loc":{"start":{"line":343,"column":37},"end":{"line":343,"column":84}}},"20":{"name":"(anonymous_20)","line":346,"loc":{"start":{"line":346,"column":61},"end":{"line":346,"column":79}}},"21":{"name":"(anonymous_21)","line":358,"loc":{"start":{"line":358,"column":42},"end":{"line":358,"column":54}}},"22":{"name":"(anonymous_22)","line":359,"loc":{"start":{"line":359,"column":68},"end":{"line":359,"column":87}}},"23":{"name":"(anonymous_23)","line":373,"loc":{"start":{"line":373,"column":36},"end":{"line":373,"column":70}}},"24":{"name":"(anonymous_24)","line":380,"loc":{"start":{"line":380,"column":6},"end":{"line":380,"column":25}}},"25":{"name":"(anonymous_25)","line":393,"loc":{"start":{"line":393,"column":37},"end":{"line":393,"column":71}}},"26":{"name":"(anonymous_26)","line":400,"loc":{"start":{"line":400,"column":6},"end":{"line":400,"column":26}}},"27":{"name":"(anonymous_27)","line":401,"loc":{"start":{"line":401,"column":24},"end":{"line":401,"column":43}}},"28":{"name":"(anonymous_28)","line":415,"loc":{"start":{"line":415,"column":36},"end":{"line":415,"column":70}}},"29":{"name":"(anonymous_29)","line":416,"loc":{"start":{"line":416,"column":56},"end":{"line":416,"column":76}}},"30":{"name":"(anonymous_30)","line":427,"loc":{"start":{"line":427,"column":31},"end":{"line":427,"column":43}}},"31":{"name":"(anonymous_31)","line":438,"loc":{"start":{"line":438,"column":34},"end":{"line":438,"column":46}}},"32":{"name":"(anonymous_32)","line":448,"loc":{"start":{"line":448,"column":35},"end":{"line":448,"column":47}}},"33":{"name":"(anonymous_33)","line":460,"loc":{"start":{"line":460,"column":31},"end":{"line":460,"column":43}}},"34":{"name":"(anonymous_34)","line":471,"loc":{"start":{"line":471,"column":31},"end":{"line":471,"column":43}}},"35":{"name":"(anonymous_35)","line":482,"loc":{"start":{"line":482,"column":35},"end":{"line":482,"column":47}}},"36":{"name":"(anonymous_36)","line":493,"loc":{"start":{"line":493,"column":31},"end":{"line":493,"column":43}}},"37":{"name":"(anonymous_37)","line":504,"loc":{"start":{"line":504,"column":31},"end":{"line":504,"column":43}}},"38":{"name":"(anonymous_38)","line":515,"loc":{"start":{"line":515,"column":43},"end":{"line":515,"column":55}}},"39":{"name":"(anonymous_39)","line":516,"loc":{"start":{"line":516,"column":22},"end":{"line":516,"column":34}}},"40":{"name":"(anonymous_40)","line":531,"loc":{"start":{"line":531,"column":34},"end":{"line":531,"column":50}}},"41":{"name":"(anonymous_41)","line":532,"loc":{"start":{"line":532,"column":22},"end":{"line":532,"column":38}}},"42":{"name":"(anonymous_42)","line":544,"loc":{"start":{"line":544,"column":34},"end":{"line":544,"column":50}}},"43":{"name":"(anonymous_43)","line":545,"loc":{"start":{"line":545,"column":22},"end":{"line":545,"column":38}}},"44":{"name":"codeToString","line":564,"loc":{"start":{"line":564,"column":0},"end":{"line":564,"column":29}}}},"statementMap":{"1":{"start":{"line":3,"column":0},"end":{"line":3,"column":27}},"2":{"start":{"line":5,"column":0},"end":{"line":5,"column":34}},"3":{"start":{"line":6,"column":0},"end":{"line":6,"column":29}},"4":{"start":{"line":7,"column":0},"end":{"line":7,"column":29}},"5":{"start":{"line":9,"column":0},"end":{"line":9,"column":35}},"6":{"start":{"line":10,"column":0},"end":{"line":10,"column":43}},"7":{"start":{"line":11,"column":0},"end":{"line":11,"column":43}},"8":{"start":{"line":12,"column":0},"end":{"line":12,"column":31}},"9":{"start":{"line":13,"column":0},"end":{"line":13,"column":39}},"10":{"start":{"line":14,"column":0},"end":{"line":14,"column":31}},"11":{"start":{"line":15,"column":0},"end":{"line":15,"column":40}},"12":{"start":{"line":17,"column":0},"end":{"line":17,"column":49}},"13":{"start":{"line":19,"column":0},"end":{"line":19,"column":23}},"14":{"start":{"line":20,"column":0},"end":{"line":20,"column":27}},"15":{"start":{"line":22,"column":0},"end":{"line":22,"column":30}},"16":{"start":{"line":36,"column":0},"end":{"line":39,"column":1}},"17":{"start":{"line":37,"column":2},"end":{"line":37,"column":24}},"18":{"start":{"line":38,"column":2},"end":{"line":38,"column":16}},"19":{"start":{"line":40,"column":0},"end":{"line":40,"column":43}},"20":{"start":{"line":54,"column":0},"end":{"line":57,"column":2}},"21":{"start":{"line":55,"column":2},"end":{"line":55,"column":32}},"22":{"start":{"line":56,"column":2},"end":{"line":56,"column":37}},"23":{"start":{"line":70,"column":0},"end":{"line":72,"column":2}},"24":{"start":{"line":71,"column":2},"end":{"line":71,"column":22}},"25":{"start":{"line":87,"column":0},"end":{"line":91,"column":2}},"26":{"start":{"line":88,"column":2},"end":{"line":88,"column":44}},"27":{"start":{"line":89,"column":2},"end":{"line":89,"column":37}},"28":{"start":{"line":90,"column":2},"end":{"line":90,"column":107}},"29":{"start":{"line":104,"column":0},"end":{"line":108,"column":2}},"30":{"start":{"line":105,"column":2},"end":{"line":105,"column":44}},"31":{"start":{"line":106,"column":2},"end":{"line":106,"column":37}},"32":{"start":{"line":107,"column":2},"end":{"line":107,"column":113}},"33":{"start":{"line":120,"column":0},"end":{"line":123,"column":2}},"34":{"start":{"line":121,"column":2},"end":{"line":121,"column":44}},"35":{"start":{"line":122,"column":2},"end":{"line":122,"column":97}},"36":{"start":{"line":133,"column":0},"end":{"line":135,"column":2}},"37":{"start":{"line":134,"column":1},"end":{"line":134,"column":41}},"38":{"start":{"line":149,"column":0},"end":{"line":154,"column":2}},"39":{"start":{"line":150,"column":1},"end":{"line":150,"column":25}},"40":{"start":{"line":151,"column":1},"end":{"line":151,"column":51}},"41":{"start":{"line":152,"column":1},"end":{"line":152,"column":24}},"42":{"start":{"line":153,"column":1},"end":{"line":153,"column":47}},"43":{"start":{"line":169,"column":0},"end":{"line":169,"column":83}},"44":{"start":{"line":183,"column":0},"end":{"line":188,"column":2}},"45":{"start":{"line":184,"column":1},"end":{"line":184,"column":25}},"46":{"start":{"line":185,"column":1},"end":{"line":185,"column":51}},"47":{"start":{"line":186,"column":1},"end":{"line":186,"column":24}},"48":{"start":{"line":187,"column":1},"end":{"line":187,"column":47}},"49":{"start":{"line":203,"column":0},"end":{"line":203,"column":83}},"50":{"start":{"line":221,"column":0},"end":{"line":226,"column":2}},"51":{"start":{"line":222,"column":1},"end":{"line":222,"column":25}},"52":{"start":{"line":223,"column":1},"end":{"line":223,"column":51}},"53":{"start":{"line":224,"column":1},"end":{"line":224,"column":24}},"54":{"start":{"line":225,"column":1},"end":{"line":225,"column":64}},"55":{"start":{"line":245,"column":0},"end":{"line":245,"column":75}},"56":{"start":{"line":259,"column":0},"end":{"line":275,"column":2}},"57":{"start":{"line":260,"column":2},"end":{"line":274,"column":16}},"58":{"start":{"line":261,"column":4},"end":{"line":273,"column":5}},"59":{"start":{"line":262,"column":6},"end":{"line":262,"column":37}},"60":{"start":{"line":264,"column":6},"end":{"line":272,"column":9}},"61":{"start":{"line":265,"column":8},"end":{"line":271,"column":11}},"62":{"start":{"line":266,"column":10},"end":{"line":270,"column":11}},"63":{"start":{"line":267,"column":12},"end":{"line":267,"column":24}},"64":{"start":{"line":269,"column":12},"end":{"line":269,"column":22}},"65":{"start":{"line":293,"column":0},"end":{"line":299,"column":2}},"66":{"start":{"line":294,"column":1},"end":{"line":294,"column":25}},"67":{"start":{"line":296,"column":1},"end":{"line":298,"column":15}},"68":{"start":{"line":297,"column":2},"end":{"line":297,"column":78}},"69":{"start":{"line":316,"column":0},"end":{"line":322,"column":2}},"70":{"start":{"line":317,"column":1},"end":{"line":317,"column":25}},"71":{"start":{"line":319,"column":1},"end":{"line":321,"column":15}},"72":{"start":{"line":320,"column":2},"end":{"line":320,"column":78}},"73":{"start":{"line":343,"column":0},"end":{"line":349,"column":2}},"74":{"start":{"line":344,"column":1},"end":{"line":344,"column":25}},"75":{"start":{"line":346,"column":1},"end":{"line":348,"column":15}},"76":{"start":{"line":347,"column":2},"end":{"line":347,"column":78}},"77":{"start":{"line":358,"column":0},"end":{"line":362,"column":2}},"78":{"start":{"line":359,"column":2},"end":{"line":361,"column":16}},"79":{"start":{"line":360,"column":4},"end":{"line":360,"column":82}},"80":{"start":{"line":373,"column":0},"end":{"line":383,"column":2}},"81":{"start":{"line":374,"column":2},"end":{"line":374,"column":39}},"82":{"start":{"line":375,"column":2},"end":{"line":375,"column":48}},"83":{"start":{"line":377,"column":2},"end":{"line":382,"column":16}},"84":{"start":{"line":381,"column":4},"end":{"line":381,"column":80}},"85":{"start":{"line":393,"column":0},"end":{"line":405,"column":2}},"86":{"start":{"line":394,"column":2},"end":{"line":394,"column":39}},"87":{"start":{"line":395,"column":2},"end":{"line":395,"column":48}},"88":{"start":{"line":397,"column":2},"end":{"line":404,"column":16}},"89":{"start":{"line":401,"column":4},"end":{"line":403,"column":18}},"90":{"start":{"line":402,"column":6},"end":{"line":402,"column":82}},"91":{"start":{"line":415,"column":0},"end":{"line":419,"column":2}},"92":{"start":{"line":416,"column":2},"end":{"line":418,"column":5}},"93":{"start":{"line":417,"column":4},"end":{"line":417,"column":33}},"94":{"start":{"line":427,"column":0},"end":{"line":429,"column":2}},"95":{"start":{"line":428,"column":2},"end":{"line":428,"column":56}},"96":{"start":{"line":438,"column":0},"end":{"line":440,"column":2}},"97":{"start":{"line":439,"column":2},"end":{"line":439,"column":52}},"98":{"start":{"line":448,"column":0},"end":{"line":450,"column":2}},"99":{"start":{"line":449,"column":2},"end":{"line":449,"column":53}},"100":{"start":{"line":460,"column":0},"end":{"line":462,"column":2}},"101":{"start":{"line":461,"column":2},"end":{"line":461,"column":39}},"102":{"start":{"line":471,"column":0},"end":{"line":473,"column":2}},"103":{"start":{"line":472,"column":2},"end":{"line":472,"column":39}},"104":{"start":{"line":482,"column":0},"end":{"line":484,"column":2}},"105":{"start":{"line":483,"column":2},"end":{"line":483,"column":37}},"106":{"start":{"line":493,"column":0},"end":{"line":495,"column":2}},"107":{"start":{"line":494,"column":2},"end":{"line":494,"column":33}},"108":{"start":{"line":504,"column":0},"end":{"line":506,"column":2}},"109":{"start":{"line":505,"column":2},"end":{"line":505,"column":33}},"110":{"start":{"line":515,"column":0},"end":{"line":522,"column":2}},"111":{"start":{"line":516,"column":2},"end":{"line":521,"column":5}},"112":{"start":{"line":517,"column":4},"end":{"line":520,"column":6}},"113":{"start":{"line":531,"column":0},"end":{"line":535,"column":2}},"114":{"start":{"line":532,"column":2},"end":{"line":534,"column":13}},"115":{"start":{"line":533,"column":4},"end":{"line":533,"column":36}},"116":{"start":{"line":544,"column":0},"end":{"line":548,"column":2}},"117":{"start":{"line":545,"column":2},"end":{"line":547,"column":13}},"118":{"start":{"line":546,"column":4},"end":{"line":546,"column":36}},"119":{"start":{"line":551,"column":0},"end":{"line":551,"column":35}},"120":{"start":{"line":564,"column":0},"end":{"line":569,"column":1}},"121":{"start":{"line":565,"column":2},"end":{"line":567,"column":3}},"122":{"start":{"line":566,"column":4},"end":{"line":566,"column":59}},"123":{"start":{"line":568,"column":2},"end":{"line":568,"column":14}}},"branchMap":{"1":{"line":90,"type":"binary-expr","locations":[{"start":{"line":90,"column":93},"end":{"line":90,"column":97}},{"start":{"line":90,"column":101},"end":{"line":90,"column":103}}]},"2":{"line":107,"type":"binary-expr","locations":[{"start":{"line":107,"column":99},"end":{"line":107,"column":103}},{"start":{"line":107,"column":107},"end":{"line":107,"column":109}}]},"3":{"line":122,"type":"cond-expr","locations":[{"start":{"line":122,"column":82},"end":{"line":122,"column":85}},{"start":{"line":122,"column":88},"end":{"line":122,"column":93}}]},"4":{"line":150,"type":"binary-expr","locations":[{"start":{"line":150,"column":11},"end":{"line":150,"column":18}},{"start":{"line":150,"column":22},"end":{"line":150,"column":24}}]},"5":{"line":184,"type":"binary-expr","locations":[{"start":{"line":184,"column":11},"end":{"line":184,"column":18}},{"start":{"line":184,"column":22},"end":{"line":184,"column":24}}]},"6":{"line":222,"type":"binary-expr","locations":[{"start":{"line":222,"column":11},"end":{"line":222,"column":18}},{"start":{"line":222,"column":22},"end":{"line":222,"column":24}}]},"7":{"line":261,"type":"if","locations":[{"start":{"line":261,"column":4},"end":{"line":261,"column":4}},{"start":{"line":261,"column":4},"end":{"line":261,"column":4}}]},"8":{"line":266,"type":"if","locations":[{"start":{"line":266,"column":10},"end":{"line":266,"column":10}},{"start":{"line":266,"column":10},"end":{"line":266,"column":10}}]},"9":{"line":294,"type":"binary-expr","locations":[{"start":{"line":294,"column":11},"end":{"line":294,"column":18}},{"start":{"line":294,"column":22},"end":{"line":294,"column":24}}]},"10":{"line":317,"type":"binary-expr","locations":[{"start":{"line":317,"column":11},"end":{"line":317,"column":18}},{"start":{"line":317,"column":22},"end":{"line":317,"column":24}}]},"11":{"line":344,"type":"binary-expr","locations":[{"start":{"line":344,"column":11},"end":{"line":344,"column":18}},{"start":{"line":344,"column":22},"end":{"line":344,"column":24}}]},"12":{"line":378,"type":"binary-expr","locations":[{"start":{"line":378,"column":11},"end":{"line":378,"column":23}},{"start":{"line":378,"column":27},"end":{"line":378,"column":47}}]},"13":{"line":398,"type":"binary-expr","locations":[{"start":{"line":398,"column":11},"end":{"line":398,"column":23}},{"start":{"line":398,"column":27},"end":{"line":398,"column":47}}]},"14":{"line":518,"type":"binary-expr","locations":[{"start":{"line":518,"column":9},"end":{"line":518,"column":27}},{"start":{"line":518,"column":31},"end":{"line":518,"column":55}}]},"15":{"line":519,"type":"binary-expr","locations":[{"start":{"line":519,"column":9},"end":{"line":519,"column":27}},{"start":{"line":519,"column":31},"end":{"line":519,"column":54}}]},"16":{"line":533,"type":"binary-expr","locations":[{"start":{"line":533,"column":20},"end":{"line":533,"column":21}},{"start":{"line":533,"column":25},"end":{"line":533,"column":26}}]},"17":{"line":533,"type":"binary-expr","locations":[{"start":{"line":533,"column":28},"end":{"line":533,"column":29}},{"start":{"line":533,"column":33},"end":{"line":533,"column":34}}]},"18":{"line":546,"type":"binary-expr","locations":[{"start":{"line":546,"column":20},"end":{"line":546,"column":21}},{"start":{"line":546,"column":25},"end":{"line":546,"column":26}}]},"19":{"line":546,"type":"binary-expr","locations":[{"start":{"line":546,"column":28},"end":{"line":546,"column":29}},{"start":{"line":546,"column":33},"end":{"line":546,"column":34}}]},"20":{"line":565,"type":"if","locations":[{"start":{"line":565,"column":2},"end":{"line":565,"column":2}},{"start":{"line":565,"column":2},"end":{"line":565,"column":2}}]}}},"/Users/erz/code/preceptorjs/taxi/lib/element.js":{"path":"/Users/erz/code/preceptorjs/taxi/lib/element.js","s":{"1":1,"2":1,"3":1,"4":1,"5":1,"6":1,"7":1,"8":1,"9":148,"10":148,"11":148,"12":148,"13":1,"14":1,"15":1,"16":1,"17":1,"18":1,"19":1,"20":1,"21":1,"22":496,"23":496,"24":496,"25":1,"26":156,"27":1,"28":0,"29":1,"30":44,"31":1,"32":2,"33":1,"34":32,"35":1,"36":2,"37":1,"38":18,"39":18,"40":1,"41":6,"42":6,"43":6,"44":1,"45":6,"46":6,"47":1,"48":52,"49":1,"50":0,"51":0,"52":0,"53":1,"54":0,"55":1,"56":2,"57":1,"58":2,"59":2,"60":1,"61":4,"62":1,"63":4,"64":1,"65":8,"66":8,"67":1,"68":8,"69":1,"70":4,"71":4,"72":1,"73":6,"74":6,"75":1,"76":6,"77":1,"78":2,"79":1,"80":8,"81":1,"82":6,"83":1,"84":0,"85":1,"86":4,"87":4,"88":4,"89":1,"90":2,"91":2,"92":1,"93":2,"94":2,"95":1,"96":4,"97":4,"98":4,"99":4,"100":1,"101":6,"102":6,"103":6,"104":6,"105":6,"106":1,"107":4,"108":4,"109":1,"110":0,"111":0,"112":0,"113":0,"114":0,"115":1,"116":1,"117":0,"118":0,"119":0,"120":1},"b":{"1":[2,4],"2":[4,4],"3":[6,6],"4":[0,0],"5":[0,0]},"f":{"1":148,"2":496,"3":156,"4":0,"5":44,"6":2,"7":32,"8":2,"9":18,"10":6,"11":6,"12":6,"13":6,"14":52,"15":0,"16":0,"17":0,"18":2,"19":2,"20":4,"21":4,"22":8,"23":8,"24":4,"25":4,"26":6,"27":6,"28":2,"29":8,"30":6,"31":0,"32":4,"33":4,"34":4,"35":2,"36":2,"37":2,"38":2,"39":4,"40":4,"41":6,"42":6,"43":6,"44":4,"45":4,"46":0,"47":0,"48":0,"49":0},"fnMap":{"1":{"name":"Element","line":26,"loc":{"start":{"line":26,"column":0},"end":{"line":26,"column":48}}},"2":{"name":"(anonymous_2)","line":124,"loc":{"start":{"line":124,"column":35},"end":{"line":124,"column":52}}},"3":{"name":"(anonymous_3)","line":142,"loc":{"start":{"line":142,"column":33},"end":{"line":142,"column":63}}},"4":{"name":"(anonymous_4)","line":157,"loc":{"start":{"line":157,"column":30},"end":{"line":157,"column":42}}},"5":{"name":"(anonymous_5)","line":169,"loc":{"start":{"line":169,"column":26},"end":{"line":169,"column":38}}},"6":{"name":"(anonymous_6)","line":180,"loc":{"start":{"line":180,"column":26},"end":{"line":180,"column":38}}},"7":{"name":"(anonymous_7)","line":192,"loc":{"start":{"line":192,"column":30},"end":{"line":192,"column":42}}},"8":{"name":"(anonymous_8)","line":203,"loc":{"start":{"line":203,"column":35},"end":{"line":203,"column":47}}},"9":{"name":"(anonymous_9)","line":215,"loc":{"start":{"line":215,"column":33},"end":{"line":215,"column":54}}},"10":{"name":"(anonymous_10)","line":227,"loc":{"start":{"line":227,"column":29},"end":{"line":227,"column":49}}},"11":{"name":"(anonymous_11)","line":229,"loc":{"start":{"line":229,"column":33},"end":{"line":229,"column":52}}},"12":{"name":"(anonymous_12)","line":240,"loc":{"start":{"line":240,"column":31},"end":{"line":240,"column":43}}},"13":{"name":"(anonymous_13)","line":241,"loc":{"start":{"line":241,"column":42},"end":{"line":241,"column":66}}},"14":{"name":"(anonymous_14)","line":254,"loc":{"start":{"line":254,"column":28},"end":{"line":254,"column":40}}},"15":{"name":"(anonymous_15)","line":265,"loc":{"start":{"line":265,"column":28},"end":{"line":265,"column":44}}},"16":{"name":"(anonymous_16)","line":267,"loc":{"start":{"line":267,"column":30},"end":{"line":267,"column":49}}},"17":{"name":"(anonymous_17)","line":282,"loc":{"start":{"line":282,"column":29},"end":{"line":282,"column":41}}},"18":{"name":"(anonymous_18)","line":293,"loc":{"start":{"line":293,"column":31},"end":{"line":293,"column":43}}},"19":{"name":"(anonymous_19)","line":305,"loc":{"start":{"line":305,"column":32},"end":{"line":305,"column":52}}},"20":{"name":"(anonymous_20)","line":317,"loc":{"start":{"line":317,"column":32},"end":{"line":317,"column":44}}},"21":{"name":"(anonymous_21)","line":328,"loc":{"start":{"line":328,"column":31},"end":{"line":328,"column":43}}},"22":{"name":"(anonymous_22)","line":339,"loc":{"start":{"line":339,"column":28},"end":{"line":339,"column":47}}},"23":{"name":"(anonymous_23)","line":350,"loc":{"start":{"line":350,"column":30},"end":{"line":350,"column":42}}},"24":{"name":"(anonymous_24)","line":360,"loc":{"start":{"line":360,"column":31},"end":{"line":360,"column":43}}},"25":{"name":"(anonymous_25)","line":361,"loc":{"start":{"line":361,"column":32},"end":{"line":361,"column":51}}},"26":{"name":"(anonymous_26)","line":375,"loc":{"start":{"line":375,"column":29},"end":{"line":375,"column":44}}},"27":{"name":"(anonymous_27)","line":386,"loc":{"start":{"line":386,"column":26},"end":{"line":386,"column":38}}},"28":{"name":"(anonymous_28)","line":396,"loc":{"start":{"line":396,"column":27},"end":{"line":396,"column":39}}},"29":{"name":"(anonymous_29)","line":407,"loc":{"start":{"line":407,"column":28},"end":{"line":407,"column":40}}},"30":{"name":"(anonymous_30)","line":417,"loc":{"start":{"line":417,"column":32},"end":{"line":417,"column":44}}},"31":{"name":"(anonymous_31)","line":427,"loc":{"start":{"line":427,"column":38},"end":{"line":427,"column":50}}},"32":{"name":"(anonymous_32)","line":437,"loc":{"start":{"line":437,"column":29},"end":{"line":437,"column":41}}},"33":{"name":"(anonymous_33)","line":438,"loc":{"start":{"line":438,"column":34},"end":{"line":438,"column":54}}},"34":{"name":"(anonymous_34)","line":439,"loc":{"start":{"line":439,"column":32},"end":{"line":439,"column":48}}},"35":{"name":"(anonymous_35)","line":456,"loc":{"start":{"line":456,"column":38},"end":{"line":456,"column":50}}},"36":{"name":"(anonymous_36)","line":457,"loc":{"start":{"line":457,"column":31},"end":{"line":457,"column":47}}},"37":{"name":"(anonymous_37)","line":471,"loc":{"start":{"line":471,"column":38},"end":{"line":471,"column":50}}},"38":{"name":"(anonymous_38)","line":472,"loc":{"start":{"line":472,"column":30},"end":{"line":472,"column":46}}},"39":{"name":"(anonymous_39)","line":490,"loc":{"start":{"line":490,"column":31},"end":{"line":490,"column":65}}},"40":{"name":"(anonymous_40)","line":497,"loc":{"start":{"line":497,"column":6},"end":{"line":497,"column":25}}},"41":{"name":"(anonymous_41)","line":510,"loc":{"start":{"line":510,"column":32},"end":{"line":510,"column":66}}},"42":{"name":"(anonymous_42)","line":517,"loc":{"start":{"line":517,"column":6},"end":{"line":517,"column":26}}},"43":{"name":"(anonymous_43)","line":518,"loc":{"start":{"line":518,"column":24},"end":{"line":518,"column":43}}},"44":{"name":"(anonymous_44)","line":532,"loc":{"start":{"line":532,"column":31},"end":{"line":532,"column":65}}},"45":{"name":"(anonymous_45)","line":533,"loc":{"start":{"line":533,"column":56},"end":{"line":533,"column":76}}},"46":{"name":"(anonymous_46)","line":552,"loc":{"start":{"line":552,"column":28},"end":{"line":552,"column":47}}},"47":{"name":"(anonymous_47)","line":556,"loc":{"start":{"line":556,"column":30},"end":{"line":556,"column":47}}},"48":{"name":"(anonymous_48)","line":588,"loc":{"start":{"line":588,"column":28},"end":{"line":588,"column":54}}},"49":{"name":"(anonymous_49)","line":591,"loc":{"start":{"line":591,"column":36},"end":{"line":591,"column":54}}}},"statementMap":{"1":{"start":{"line":3,"column":0},"end":{"line":3,"column":34}},"2":{"start":{"line":4,"column":0},"end":{"line":4,"column":29}},"3":{"start":{"line":5,"column":0},"end":{"line":5,"column":29}},"4":{"start":{"line":7,"column":0},"end":{"line":7,"column":31}},"5":{"start":{"line":8,"column":0},"end":{"line":8,"column":31}},"6":{"start":{"line":10,"column":0},"end":{"line":10,"column":49}},"7":{"start":{"line":12,"column":0},"end":{"line":12,"column":25}},"8":{"start":{"line":26,"column":0},"end":{"line":31,"column":1}},"9":{"start":{"line":27,"column":2},"end":{"line":27,"column":24}},"10":{"start":{"line":28,"column":2},"end":{"line":28,"column":24}},"11":{"start":{"line":29,"column":2},"end":{"line":29,"column":28}},"12":{"start":{"line":30,"column":2},"end":{"line":30,"column":16}},"13":{"start":{"line":45,"column":0},"end":{"line":45,"column":38}},"14":{"start":{"line":54,"column":0},"end":{"line":54,"column":38}},"15":{"start":{"line":63,"column":0},"end":{"line":63,"column":27}},"16":{"start":{"line":72,"column":0},"end":{"line":72,"column":31}},"17":{"start":{"line":82,"column":0},"end":{"line":82,"column":41}},"18":{"start":{"line":92,"column":0},"end":{"line":92,"column":57}},"19":{"start":{"line":101,"column":0},"end":{"line":101,"column":34}},"20":{"start":{"line":110,"column":0},"end":{"line":110,"column":33}},"21":{"start":{"line":124,"column":0},"end":{"line":128,"column":2}},"22":{"start":{"line":125,"column":2},"end":{"line":125,"column":27}},"23":{"start":{"line":126,"column":2},"end":{"line":126,"column":34}},"24":{"start":{"line":127,"column":2},"end":{"line":127,"column":37}},"25":{"start":{"line":142,"column":0},"end":{"line":144,"column":2}},"26":{"start":{"line":143,"column":2},"end":{"line":143,"column":88}},"27":{"start":{"line":157,"column":0},"end":{"line":159,"column":2}},"28":{"start":{"line":158,"column":2},"end":{"line":158,"column":22}},"29":{"start":{"line":169,"column":0},"end":{"line":171,"column":2}},"30":{"start":{"line":170,"column":2},"end":{"line":170,"column":39}},"31":{"start":{"line":180,"column":0},"end":{"line":182,"column":2}},"32":{"start":{"line":181,"column":2},"end":{"line":181,"column":39}},"33":{"start":{"line":192,"column":0},"end":{"line":194,"column":2}},"34":{"start":{"line":193,"column":2},"end":{"line":193,"column":26}},"35":{"start":{"line":203,"column":0},"end":{"line":205,"column":2}},"36":{"start":{"line":204,"column":2},"end":{"line":204,"column":18}},"37":{"start":{"line":215,"column":0},"end":{"line":218,"column":2}},"38":{"start":{"line":216,"column":2},"end":{"line":216,"column":41}},"39":{"start":{"line":217,"column":2},"end":{"line":217,"column":61}},"40":{"start":{"line":227,"column":0},"end":{"line":232,"column":2}},"41":{"start":{"line":228,"column":2},"end":{"line":228,"column":39}},"42":{"start":{"line":229,"column":2},"end":{"line":231,"column":5}},"43":{"start":{"line":230,"column":4},"end":{"line":230,"column":46}},"44":{"start":{"line":240,"column":0},"end":{"line":244,"column":2}},"45":{"start":{"line":241,"column":2},"end":{"line":243,"column":5}},"46":{"start":{"line":242,"column":4},"end":{"line":242,"column":45}},"47":{"start":{"line":254,"column":0},"end":{"line":256,"column":2}},"48":{"start":{"line":255,"column":2},"end":{"line":255,"column":43}},"49":{"start":{"line":265,"column":0},"end":{"line":270,"column":2}},"50":{"start":{"line":266,"column":2},"end":{"line":266,"column":31}},"51":{"start":{"line":267,"column":2},"end":{"line":269,"column":5}},"52":{"start":{"line":268,"column":4},"end":{"line":268,"column":45}},"53":{"start":{"line":282,"column":0},"end":{"line":284,"column":2}},"54":{"start":{"line":283,"column":4},"end":{"line":283,"column":38}},"55":{"start":{"line":293,"column":0},"end":{"line":295,"column":2}},"56":{"start":{"line":294,"column":2},"end":{"line":294,"column":43}},"57":{"start":{"line":305,"column":0},"end":{"line":308,"column":2}},"58":{"start":{"line":306,"column":2},"end":{"line":306,"column":39}},"59":{"start":{"line":307,"column":2},"end":{"line":307,"column":54}},"60":{"start":{"line":317,"column":0},"end":{"line":319,"column":2}},"61":{"start":{"line":318,"column":2},"end":{"line":318,"column":48}},"62":{"start":{"line":328,"column":0},"end":{"line":330,"column":2}},"63":{"start":{"line":329,"column":2},"end":{"line":329,"column":47}},"64":{"start":{"line":339,"column":0},"end":{"line":342,"column":2}},"65":{"start":{"line":340,"column":2},"end":{"line":340,"column":37}},"66":{"start":{"line":341,"column":2},"end":{"line":341,"column":68}},"67":{"start":{"line":350,"column":0},"end":{"line":352,"column":2}},"68":{"start":{"line":351,"column":2},"end":{"line":351,"column":46}},"69":{"start":{"line":360,"column":0},"end":{"line":364,"column":2}},"70":{"start":{"line":361,"column":2},"end":{"line":363,"column":5}},"71":{"start":{"line":362,"column":4},"end":{"line":362,"column":20}},"72":{"start":{"line":375,"column":0},"end":{"line":378,"column":2}},"73":{"start":{"line":376,"column":2},"end":{"line":376,"column":44}},"74":{"start":{"line":377,"column":2},"end":{"line":377,"column":90}},"75":{"start":{"line":386,"column":0},"end":{"line":388,"column":2}},"76":{"start":{"line":387,"column":2},"end":{"line":387,"column":45}},"77":{"start":{"line":396,"column":0},"end":{"line":398,"column":2}},"78":{"start":{"line":397,"column":2},"end":{"line":397,"column":46}},"79":{"start":{"line":407,"column":0},"end":{"line":409,"column":2}},"80":{"start":{"line":408,"column":2},"end":{"line":408,"column":43}},"81":{"start":{"line":417,"column":0},"end":{"line":419,"column":2}},"82":{"start":{"line":418,"column":2},"end":{"line":418,"column":47}},"83":{"start":{"line":427,"column":0},"end":{"line":429,"column":2}},"84":{"start":{"line":428,"column":2},"end":{"line":428,"column":55}},"85":{"start":{"line":437,"column":0},"end":{"line":448,"column":2}},"86":{"start":{"line":438,"column":2},"end":{"line":447,"column":16}},"87":{"start":{"line":439,"column":4},"end":{"line":446,"column":18}},"88":{"start":{"line":440,"column":6},"end":{"line":445,"column":8}},"89":{"start":{"line":456,"column":0},"end":{"line":463,"column":2}},"90":{"start":{"line":457,"column":2},"end":{"line":462,"column":16}},"91":{"start":{"line":458,"column":4},"end":{"line":461,"column":6}},"92":{"start":{"line":471,"column":0},"end":{"line":478,"column":2}},"93":{"start":{"line":472,"column":2},"end":{"line":477,"column":16}},"94":{"start":{"line":473,"column":4},"end":{"line":476,"column":6}},"95":{"start":{"line":490,"column":0},"end":{"line":500,"column":2}},"96":{"start":{"line":491,"column":2},"end":{"line":491,"column":39}},"97":{"start":{"line":492,"column":2},"end":{"line":492,"column":48}},"98":{"start":{"line":494,"column":2},"end":{"line":499,"column":16}},"99":{"start":{"line":498,"column":4},"end":{"line":498,"column":90}},"100":{"start":{"line":510,"column":0},"end":{"line":522,"column":2}},"101":{"start":{"line":511,"column":2},"end":{"line":511,"column":39}},"102":{"start":{"line":512,"column":2},"end":{"line":512,"column":48}},"103":{"start":{"line":514,"column":2},"end":{"line":521,"column":16}},"104":{"start":{"line":518,"column":4},"end":{"line":520,"column":18}},"105":{"start":{"line":519,"column":6},"end":{"line":519,"column":92}},"106":{"start":{"line":532,"column":0},"end":{"line":536,"column":2}},"107":{"start":{"line":533,"column":2},"end":{"line":535,"column":5}},"108":{"start":{"line":534,"column":4},"end":{"line":534,"column":33}},"109":{"start":{"line":552,"column":0},"end":{"line":561,"column":2}},"110":{"start":{"line":554,"column":1},"end":{"line":554,"column":25}},"111":{"start":{"line":556,"column":1},"end":{"line":560,"column":15}},"112":{"start":{"line":557,"column":2},"end":{"line":557,"column":52}},"113":{"start":{"line":558,"column":2},"end":{"line":558,"column":25}},"114":{"start":{"line":559,"column":2},"end":{"line":559,"column":89}},"115":{"start":{"line":571,"column":0},"end":{"line":571,"column":57}},"116":{"start":{"line":588,"column":0},"end":{"line":594,"column":2}},"117":{"start":{"line":589,"column":1},"end":{"line":589,"column":25}},"118":{"start":{"line":591,"column":1},"end":{"line":593,"column":15}},"119":{"start":{"line":592,"column":2},"end":{"line":592,"column":78}},"120":{"start":{"line":597,"column":0},"end":{"line":597,"column":30}}},"branchMap":{"1":{"line":377,"type":"cond-expr","locations":[{"start":{"line":377,"column":75},"end":{"line":377,"column":78}},{"start":{"line":377,"column":81},"end":{"line":377,"column":86}}]},"2":{"line":495,"type":"binary-expr","locations":[{"start":{"line":495,"column":11},"end":{"line":495,"column":23}},{"start":{"line":495,"column":27},"end":{"line":495,"column":47}}]},"3":{"line":515,"type":"binary-expr","locations":[{"start":{"line":515,"column":11},"end":{"line":515,"column":23}},{"start":{"line":515,"column":27},"end":{"line":515,"column":47}}]},"4":{"line":554,"type":"binary-expr","locations":[{"start":{"line":554,"column":11},"end":{"line":554,"column":18}},{"start":{"line":554,"column":22},"end":{"line":554,"column":24}}]},"5":{"line":589,"type":"binary-expr","locations":[{"start":{"line":589,"column":11},"end":{"line":589,"column":18}},{"start":{"line":589,"column":22},"end":{"line":589,"column":24}}]}}},"/Users/erz/code/preceptorjs/taxi/lib/mouse.js":{"path":"/Users/erz/code/preceptorjs/taxi/lib/mouse.js","s":{"1":1,"2":1,"3":1,"4":1,"5":1,"6":44,"7":44,"8":1,"9":1,"10":1,"11":1,"12":128,"13":128,"14":1,"15":20,"16":1,"17":0,"18":1,"19":24,"20":4,"21":4,"22":20,"23":1,"24":2,"25":2,"26":1,"27":12,"28":12,"29":12,"30":1,"31":10,"32":1,"33":2,"34":2,"35":1,"36":2,"37":2,"38":1,"39":2,"40":2,"41":1,"42":4,"43":4,"44":1,"45":2,"46":2,"47":1,"48":4,"49":4,"50":1},"b":{"1":[4,20]},"f":{"1":44,"2":128,"3":20,"4":0,"5":24,"6":4,"7":2,"8":2,"9":12,"10":10,"11":2,"12":2,"13":2,"14":2,"15":2,"16":2,"17":4,"18":4,"19":2,"20":2,"21":4,"22":4},"fnMap":{"1":{"name":"Mouse","line":19,"loc":{"start":{"line":19,"column":0},"end":{"line":19,"column":32}}},"2":{"name":"(anonymous_2)","line":68,"loc":{"start":{"line":68,"column":33},"end":{"line":68,"column":50}}},"3":{"name":"(anonymous_3)","line":85,"loc":{"start":{"line":85,"column":31},"end":{"line":85,"column":61}}},"4":{"name":"(anonymous_4)","line":100,"loc":{"start":{"line":100,"column":28},"end":{"line":100,"column":40}}},"5":{"name":"(anonymous_5)","line":111,"loc":{"start":{"line":111,"column":24},"end":{"line":111,"column":42}}},"6":{"name":"(anonymous_6)","line":113,"loc":{"start":{"line":113,"column":37},"end":{"line":113,"column":49}}},"7":{"name":"(anonymous_7)","line":129,"loc":{"start":{"line":129,"column":26},"end":{"line":129,"column":62}}},"8":{"name":"(anonymous_8)","line":130,"loc":{"start":{"line":130,"column":45},"end":{"line":130,"column":57}}},"9":{"name":"(anonymous_9)","line":143,"loc":{"start":{"line":143,"column":25},"end":{"line":143,"column":53}}},"10":{"name":"(anonymous_10)","line":154,"loc":{"start":{"line":154,"column":31},"end":{"line":154,"column":43}}},"11":{"name":"(anonymous_11)","line":164,"loc":{"start":{"line":164,"column":30},"end":{"line":164,"column":42}}},"12":{"name":"(anonymous_12)","line":165,"loc":{"start":{"line":165,"column":35},"end":{"line":165,"column":47}}},"13":{"name":"(anonymous_13)","line":177,"loc":{"start":{"line":177,"column":32},"end":{"line":177,"column":60}}},"14":{"name":"(anonymous_14)","line":178,"loc":{"start":{"line":178,"column":45},"end":{"line":178,"column":57}}},"15":{"name":"(anonymous_15)","line":190,"loc":{"start":{"line":190,"column":29},"end":{"line":190,"column":47}}},"16":{"name":"(anonymous_16)","line":191,"loc":{"start":{"line":191,"column":35},"end":{"line":191,"column":47}}},"17":{"name":"(anonymous_17)","line":204,"loc":{"start":{"line":204,"column":31},"end":{"line":204,"column":67}}},"18":{"name":"(anonymous_18)","line":205,"loc":{"start":{"line":205,"column":45},"end":{"line":205,"column":57}}},"19":{"name":"(anonymous_19)","line":217,"loc":{"start":{"line":217,"column":27},"end":{"line":217,"column":45}}},"20":{"name":"(anonymous_20)","line":218,"loc":{"start":{"line":218,"column":35},"end":{"line":218,"column":47}}},"21":{"name":"(anonymous_21)","line":231,"loc":{"start":{"line":231,"column":29},"end":{"line":231,"column":65}}},"22":{"name":"(anonymous_22)","line":232,"loc":{"start":{"line":232,"column":45},"end":{"line":232,"column":57}}}},"statementMap":{"1":{"start":{"line":3,"column":0},"end":{"line":3,"column":34}},"2":{"start":{"line":4,"column":0},"end":{"line":4,"column":29}},"3":{"start":{"line":5,"column":0},"end":{"line":5,"column":29}},"4":{"start":{"line":7,"column":0},"end":{"line":7,"column":23}},"5":{"start":{"line":19,"column":0},"end":{"line":22,"column":1}},"6":{"start":{"line":20,"column":2},"end":{"line":20,"column":24}},"7":{"start":{"line":21,"column":2},"end":{"line":21,"column":24}},"8":{"start":{"line":36,"column":0},"end":{"line":36,"column":22}},"9":{"start":{"line":45,"column":0},"end":{"line":45,"column":24}},"10":{"start":{"line":54,"column":0},"end":{"line":54,"column":23}},"11":{"start":{"line":68,"column":0},"end":{"line":71,"column":2}},"12":{"start":{"line":69,"column":2},"end":{"line":69,"column":25}},"13":{"start":{"line":70,"column":2},"end":{"line":70,"column":37}},"14":{"start":{"line":85,"column":0},"end":{"line":87,"column":2}},"15":{"start":{"line":86,"column":2},"end":{"line":86,"column":55}},"16":{"start":{"line":100,"column":0},"end":{"line":102,"column":2}},"17":{"start":{"line":101,"column":2},"end":{"line":101,"column":22}},"18":{"start":{"line":111,"column":0},"end":{"line":119,"column":2}},"19":{"start":{"line":112,"column":2},"end":{"line":118,"column":3}},"20":{"start":{"line":113,"column":4},"end":{"line":115,"column":18}},"21":{"start":{"line":114,"column":6},"end":{"line":114,"column":73}},"22":{"start":{"line":117,"column":4},"end":{"line":117,"column":47}},"23":{"start":{"line":129,"column":0},"end":{"line":133,"column":2}},"24":{"start":{"line":130,"column":2},"end":{"line":132,"column":16}},"25":{"start":{"line":131,"column":4},"end":{"line":131,"column":71}},"26":{"start":{"line":143,"column":0},"end":{"line":147,"column":2}},"27":{"start":{"line":144,"column":2},"end":{"line":144,"column":37}},"28":{"start":{"line":145,"column":2},"end":{"line":145,"column":37}},"29":{"start":{"line":146,"column":2},"end":{"line":146,"column":107}},"30":{"start":{"line":154,"column":0},"end":{"line":156,"column":2}},"31":{"start":{"line":155,"column":2},"end":{"line":155,"column":111}},"32":{"start":{"line":164,"column":0},"end":{"line":168,"column":2}},"33":{"start":{"line":165,"column":2},"end":{"line":167,"column":16}},"34":{"start":{"line":166,"column":4},"end":{"line":166,"column":71}},"35":{"start":{"line":177,"column":0},"end":{"line":181,"column":2}},"36":{"start":{"line":178,"column":2},"end":{"line":180,"column":16}},"37":{"start":{"line":179,"column":4},"end":{"line":179,"column":71}},"38":{"start":{"line":190,"column":0},"end":{"line":194,"column":2}},"39":{"start":{"line":191,"column":2},"end":{"line":193,"column":16}},"40":{"start":{"line":192,"column":4},"end":{"line":192,"column":76}},"41":{"start":{"line":204,"column":0},"end":{"line":208,"column":2}},"42":{"start":{"line":205,"column":2},"end":{"line":207,"column":16}},"43":{"start":{"line":206,"column":4},"end":{"line":206,"column":76}},"44":{"start":{"line":217,"column":0},"end":{"line":221,"column":2}},"45":{"start":{"line":218,"column":2},"end":{"line":220,"column":16}},"46":{"start":{"line":219,"column":4},"end":{"line":219,"column":74}},"47":{"start":{"line":231,"column":0},"end":{"line":235,"column":2}},"48":{"start":{"line":232,"column":2},"end":{"line":234,"column":16}},"49":{"start":{"line":233,"column":4},"end":{"line":233,"column":74}},"50":{"start":{"line":238,"column":0},"end":{"line":238,"column":28}}},"branchMap":{"1":{"line":112,"type":"if","locations":[{"start":{"line":112,"column":2},"end":{"line":112,"column":2}},{"start":{"line":112,"column":2},"end":{"line":112,"column":2}}]}}},"/Users/erz/code/preceptorjs/taxi/lib/touch.js":{"path":"/Users/erz/code/preceptorjs/taxi/lib/touch.js","s":{"1":1,"2":1,"3":1,"4":1,"5":1,"6":2,"7":2,"8":1,"9":0,"10":0,"11":1,"12":0,"13":1,"14":0,"15":1,"16":0,"17":1,"18":0,"19":1,"20":0,"21":1,"22":0,"23":0,"24":0,"25":0,"26":1,"27":0,"28":0,"29":1,"30":0,"31":0,"32":0,"33":0,"34":1,"35":0,"36":0,"37":1,"38":0,"39":0,"40":0,"41":0,"42":1,"43":0,"44":0,"45":1},"b":{},"f":{"1":2,"2":0,"3":0,"4":0,"5":0,"6":0,"7":0,"8":0,"9":0,"10":0,"11":0,"12":0,"13":0,"14":0,"15":0,"16":0,"17":0,"18":0,"19":0},"fnMap":{"1":{"name":"Touch","line":19,"loc":{"start":{"line":19,"column":0},"end":{"line":19,"column":32}}},"2":{"name":"(anonymous_2)","line":36,"loc":{"start":{"line":36,"column":33},"end":{"line":36,"column":50}}},"3":{"name":"(anonymous_3)","line":53,"loc":{"start":{"line":53,"column":31},"end":{"line":53,"column":61}}},"4":{"name":"(anonymous_4)","line":68,"loc":{"start":{"line":68,"column":28},"end":{"line":68,"column":40}}},"5":{"name":"(anonymous_5)","line":78,"loc":{"start":{"line":78,"column":22},"end":{"line":78,"column":34}}},"6":{"name":"(anonymous_6)","line":87,"loc":{"start":{"line":87,"column":28},"end":{"line":87,"column":40}}},"7":{"name":"(anonymous_7)","line":96,"loc":{"start":{"line":96,"column":26},"end":{"line":96,"column":38}}},"8":{"name":"(anonymous_8)","line":108,"loc":{"start":{"line":108,"column":23},"end":{"line":108,"column":51}}},"9":{"name":"(anonymous_9)","line":111,"loc":{"start":{"line":111,"column":42},"end":{"line":111,"column":62}}},"10":{"name":"(anonymous_10)","line":121,"loc":{"start":{"line":121,"column":31},"end":{"line":121,"column":43}}},"11":{"name":"(anonymous_11)","line":122,"loc":{"start":{"line":122,"column":48},"end":{"line":122,"column":66}}},"12":{"name":"(anonymous_12)","line":135,"loc":{"start":{"line":135,"column":21},"end":{"line":135,"column":49}}},"13":{"name":"(anonymous_13)","line":138,"loc":{"start":{"line":138,"column":42},"end":{"line":138,"column":62}}},"14":{"name":"(anonymous_14)","line":148,"loc":{"start":{"line":148,"column":29},"end":{"line":148,"column":41}}},"15":{"name":"(anonymous_15)","line":149,"loc":{"start":{"line":149,"column":48},"end":{"line":149,"column":66}}},"16":{"name":"(anonymous_16)","line":162,"loc":{"start":{"line":162,"column":25},"end":{"line":162,"column":53}}},"17":{"name":"(anonymous_17)","line":165,"loc":{"start":{"line":165,"column":42},"end":{"line":165,"column":62}}},"18":{"name":"(anonymous_18)","line":175,"loc":{"start":{"line":175,"column":31},"end":{"line":175,"column":43}}},"19":{"name":"(anonymous_19)","line":176,"loc":{"start":{"line":176,"column":48},"end":{"line":176,"column":66}}}},"statementMap":{"1":{"start":{"line":3,"column":0},"end":{"line":3,"column":34}},"2":{"start":{"line":4,"column":0},"end":{"line":4,"column":29}},"3":{"start":{"line":5,"column":0},"end":{"line":5,"column":29}},"4":{"start":{"line":7,"column":0},"end":{"line":7,"column":23}},"5":{"start":{"line":19,"column":0},"end":{"line":22,"column":1}},"6":{"start":{"line":20,"column":2},"end":{"line":20,"column":24}},"7":{"start":{"line":21,"column":2},"end":{"line":21,"column":24}},"8":{"start":{"line":36,"column":0},"end":{"line":39,"column":2}},"9":{"start":{"line":37,"column":2},"end":{"line":37,"column":25}},"10":{"start":{"line":38,"column":2},"end":{"line":38,"column":37}},"11":{"start":{"line":53,"column":0},"end":{"line":55,"column":2}},"12":{"start":{"line":54,"column":2},"end":{"line":54,"column":66}},"13":{"start":{"line":68,"column":0},"end":{"line":70,"column":2}},"14":{"start":{"line":69,"column":2},"end":{"line":69,"column":22}},"15":{"start":{"line":78,"column":0},"end":{"line":80,"column":2}},"16":{"start":{"line":79,"column":2},"end":{"line":79,"column":86}},"17":{"start":{"line":87,"column":0},"end":{"line":89,"column":2}},"18":{"start":{"line":88,"column":2},"end":{"line":88,"column":92}},"19":{"start":{"line":96,"column":0},"end":{"line":98,"column":2}},"20":{"start":{"line":97,"column":2},"end":{"line":97,"column":90}},"21":{"start":{"line":108,"column":0},"end":{"line":114,"column":2}},"22":{"start":{"line":109,"column":2},"end":{"line":109,"column":37}},"23":{"start":{"line":110,"column":2},"end":{"line":110,"column":37}},"24":{"start":{"line":111,"column":2},"end":{"line":113,"column":16}},"25":{"start":{"line":112,"column":4},"end":{"line":112,"column":106}},"26":{"start":{"line":121,"column":0},"end":{"line":125,"column":2}},"27":{"start":{"line":122,"column":2},"end":{"line":124,"column":16}},"28":{"start":{"line":123,"column":4},"end":{"line":123,"column":82}},"29":{"start":{"line":135,"column":0},"end":{"line":141,"column":2}},"30":{"start":{"line":136,"column":2},"end":{"line":136,"column":37}},"31":{"start":{"line":137,"column":2},"end":{"line":137,"column":37}},"32":{"start":{"line":138,"column":2},"end":{"line":140,"column":16}},"33":{"start":{"line":139,"column":4},"end":{"line":139,"column":106}},"34":{"start":{"line":148,"column":0},"end":{"line":152,"column":2}},"35":{"start":{"line":149,"column":2},"end":{"line":151,"column":16}},"36":{"start":{"line":150,"column":4},"end":{"line":150,"column":82}},"37":{"start":{"line":162,"column":0},"end":{"line":168,"column":2}},"38":{"start":{"line":163,"column":2},"end":{"line":163,"column":37}},"39":{"start":{"line":164,"column":2},"end":{"line":164,"column":37}},"40":{"start":{"line":165,"column":2},"end":{"line":167,"column":16}},"41":{"start":{"line":166,"column":4},"end":{"line":166,"column":106}},"42":{"start":{"line":175,"column":0},"end":{"line":179,"column":2}},"43":{"start":{"line":176,"column":2},"end":{"line":178,"column":16}},"44":{"start":{"line":177,"column":4},"end":{"line":177,"column":82}},"45":{"start":{"line":185,"column":0},"end":{"line":185,"column":28}}},"branchMap":{}},"/Users/erz/code/preceptorjs/taxi/lib/helpers/screenshot.js":{"path":"/Users/erz/code/preceptorjs/taxi/lib/helpers/screenshot.js","s":{"1":1,"2":1,"3":1,"4":1,"5":1,"6":1,"7":1,"8":1,"9":4,"10":1,"11":12,"12":12,"13":1,"14":0,"15":1,"16":4,"17":1,"18":0,"19":0,"20":0,"21":1,"22":0,"23":0,"24":1,"25":0,"26":1,"27":2,"28":0,"29":1,"30":0,"31":0,"32":1,"33":0,"34":0,"35":0,"36":1,"37":0,"38":0,"39":0,"40":0,"41":0,"42":0,"43":0,"44":0,"45":0,"46":0,"47":0,"48":0,"49":0,"50":0,"51":0,"52":0,"53":0,"54":0,"55":0,"56":0,"57":0,"58":0,"59":0,"60":0,"61":0,"62":0,"63":0,"64":1,"65":0,"66":0,"67":0,"68":0,"69":0,"70":0,"71":0,"72":0,"73":0,"74":0,"75":0,"76":0,"77":0,"78":0,"79":0,"80":0,"81":0,"82":0,"83":0,"84":0,"85":1,"86":0,"87":0,"88":0,"89":0,"90":0,"91":1,"92":2,"93":2,"94":0,"95":0,"96":0,"97":0,"98":0,"99":0,"100":0,"101":0,"102":0,"103":0,"104":0,"105":0,"106":0,"107":0,"108":0,"109":0,"110":0,"111":0,"112":0,"113":0,"114":0,"115":0,"116":1,"117":0,"118":0,"119":1,"120":0,"121":0,"122":0,"123":0,"124":0,"125":0,"126":0,"127":0,"128":0,"129":0,"130":0,"131":0,"132":0,"133":0,"134":0,"135":0,"136":0,"137":0,"138":0,"139":0,"140":0,"141":0,"142":0,"143":0,"144":1,"145":0,"146":0,"147":0,"148":0,"149":0,"150":0,"151":0,"152":0,"153":0,"154":0,"155":0,"156":0,"157":0,"158":0,"159":0,"160":0,"161":1,"162":0,"163":0,"164":0,"165":0,"166":0,"167":0,"168":0,"169":0,"170":0,"171":0,"172":0,"173":0,"174":0,"175":0,"176":0,"177":0,"178":1,"179":0,"180":0,"181":0,"182":0,"183":0,"184":0,"185":0,"186":0,"187":1,"188":0,"189":0,"190":0,"191":1,"192":0,"193":0,"194":1,"195":0,"196":0,"197":0,"198":0,"199":0,"200":0,"201":1,"202":0,"203":0,"204":0,"205":0,"206":0,"207":0,"208":1,"209":0,"210":0,"211":0,"212":0,"213":0,"214":0,"215":0,"216":0,"217":0,"218":0,"219":1,"220":0,"221":0,"222":0,"223":1},"b":{"1":[0,0],"2":[0,0],"3":[0,0],"4":[0,0],"5":[0,0],"6":[0,0],"7":[0,0],"8":[0,0],"9":[0,0],"10":[0,0],"11":[0,0],"12":[0,0],"13":[0,0],"14":[0,0],"15":[0,0],"16":[0,0],"17":[0,0],"18":[0,0],"19":[0,0],"20":[0,0],"21":[0,0],"22":[0,0],"23":[0,0],"24":[0,0,0],"25":[0,0],"26":[0,0],"27":[0,0],"28":[0,0],"29":[0,0],"30":[0,0],"31":[0,0],"32":[0,0],"33":[0,0],"34":[0,0],"35":[0,0],"36":[0,0],"37":[0,0],"38":[0,0],"39":[0,0],"40":[0,0],"41":[0,0],"42":[0,0],"43":[0,0],"44":[0,0],"45":[0,0],"46":[0,0],"47":[0,0],"48":[0,0],"49":[0,0],"50":[0,0],"51":[0,0],"52":[0,0],"53":[0,0],"54":[0,0],"55":[0,0,0],"56":[0],"57":[0,0],"58":[0,0],"59":[0,0]},"f":{"1":4,"2":12,"3":0,"4":4,"5":0,"6":0,"7":0,"8":0,"9":0,"10":2,"11":0,"12":0,"13":0,"14":0,"15":0,"16":0,"17":0,"18":0,"19":0,"20":0,"21":0,"22":0,"23":0,"24":0,"25":0,"26":0,"27":0,"28":2,"29":0,"30":0,"31":0,"32":0,"33":0,"34":0,"35":0,"36":0,"37":0,"38":0,"39":0,"40":0,"41":0,"42":0,"43":0,"44":0,"45":0,"46":0,"47":0,"48":0,"49":0,"50":0,"51":0,"52":0,"53":0,"54":0,"55":0,"56":0},"fnMap":{"1":{"name":"Screenshot","line":23,"loc":{"start":{"line":23,"column":0},"end":{"line":23,"column":29}}},"2":{"name":"(anonymous_2)","line":39,"loc":{"start":{"line":39,"column":38},"end":{"line":39,"column":55}}},"3":{"name":"(anonymous_3)","line":56,"loc":{"start":{"line":56,"column":36},"end":{"line":56,"column":66}}},"4":{"name":"(anonymous_4)","line":71,"loc":{"start":{"line":71,"column":33},"end":{"line":71,"column":45}}},"5":{"name":"(anonymous_5)","line":84,"loc":{"start":{"line":84,"column":41},"end":{"line":84,"column":60}}},"6":{"name":"(anonymous_6)","line":86,"loc":{"start":{"line":86,"column":85},"end":{"line":86,"column":107}}},"7":{"name":"(anonymous_7)","line":103,"loc":{"start":{"line":103,"column":47},"end":{"line":103,"column":66}}},"8":{"name":"(anonymous_8)","line":105,"loc":{"start":{"line":105,"column":46},"end":{"line":105,"column":64}}},"9":{"name":"(anonymous_9)","line":118,"loc":{"start":{"line":118,"column":45},"end":{"line":118,"column":57}}},"10":{"name":"(anonymous_10)","line":136,"loc":{"start":{"line":136,"column":42},"end":{"line":136,"column":61}}},"11":{"name":"(anonymous_11)","line":138,"loc":{"start":{"line":138,"column":32},"end":{"line":138,"column":52}}},"12":{"name":"(anonymous_12)","line":161,"loc":{"start":{"line":161,"column":42},"end":{"line":161,"column":61}}},"13":{"name":"(anonymous_13)","line":163,"loc":{"start":{"line":163,"column":32},"end":{"line":163,"column":52}}},"14":{"name":"(anonymous_14)","line":190,"loc":{"start":{"line":190,"column":38},"end":{"line":190,"column":78}}},"15":{"name":"(anonymous_15)","line":192,"loc":{"start":{"line":192,"column":32},"end":{"line":192,"column":52}}},"16":{"name":"(anonymous_16)","line":219,"loc":{"start":{"line":219,"column":43},"end":{"line":219,"column":94}}},"17":{"name":"(anonymous_17)","line":223,"loc":{"start":{"line":223,"column":53},"end":{"line":223,"column":75}}},"18":{"name":"(anonymous_18)","line":227,"loc":{"start":{"line":227,"column":48},"end":{"line":227,"column":68}}},"19":{"name":"(anonymous_19)","line":229,"loc":{"start":{"line":229,"column":24},"end":{"line":229,"column":38}}},"20":{"name":"(anonymous_20)","line":246,"loc":{"start":{"line":246,"column":16},"end":{"line":246,"column":37}}},"21":{"name":"(anonymous_21)","line":251,"loc":{"start":{"line":251,"column":20},"end":{"line":251,"column":40}}},"22":{"name":"(anonymous_22)","line":253,"loc":{"start":{"line":253,"column":21},"end":{"line":253,"column":37}}},"23":{"name":"(anonymous_23)","line":262,"loc":{"start":{"line":262,"column":32},"end":{"line":262,"column":52}}},"24":{"name":"(anonymous_24)","line":279,"loc":{"start":{"line":279,"column":35},"end":{"line":279,"column":55}}},"25":{"name":"(anonymous_25)","line":296,"loc":{"start":{"line":296,"column":45},"end":{"line":296,"column":67}}},"26":{"name":"(anonymous_26)","line":338,"loc":{"start":{"line":338,"column":41},"end":{"line":338,"column":57}}},"27":{"name":"(anonymous_27)","line":339,"loc":{"start":{"line":339,"column":39},"end":{"line":339,"column":59}}},"28":{"name":"(anonymous_28)","line":381,"loc":{"start":{"line":381,"column":39},"end":{"line":381,"column":62}}},"29":{"name":"(anonymous_29)","line":389,"loc":{"start":{"line":389,"column":53},"end":{"line":389,"column":81}}},"30":{"name":"(anonymous_30)","line":391,"loc":{"start":{"line":391,"column":51},"end":{"line":391,"column":77}}},"31":{"name":"(anonymous_31)","line":393,"loc":{"start":{"line":393,"column":54},"end":{"line":393,"column":84}}},"32":{"name":"(anonymous_32)","line":395,"loc":{"start":{"line":395,"column":67},"end":{"line":395,"column":87}}},"33":{"name":"(anonymous_33)","line":426,"loc":{"start":{"line":426,"column":137},"end":{"line":426,"column":158}}},"34":{"name":"(anonymous_34)","line":427,"loc":{"start":{"line":427,"column":77},"end":{"line":427,"column":89}}},"35":{"name":"(anonymous_35)","line":432,"loc":{"start":{"line":432,"column":72},"end":{"line":432,"column":84}}},"36":{"name":"(anonymous_36)","line":456,"loc":{"start":{"line":456,"column":39},"end":{"line":456,"column":85}}},"37":{"name":"(anonymous_37)","line":457,"loc":{"start":{"line":457,"column":19},"end":{"line":457,"column":39}}},"38":{"name":"(anonymous_38)","line":478,"loc":{"start":{"line":478,"column":39},"end":{"line":478,"column":58}}},"39":{"name":"(anonymous_39)","line":557,"loc":{"start":{"line":557,"column":37},"end":{"line":557,"column":72}}},"40":{"name":"(anonymous_40)","line":612,"loc":{"start":{"line":612,"column":39},"end":{"line":612,"column":110}}},"41":{"name":"(anonymous_41)","line":697,"loc":{"start":{"line":697,"column":47},"end":{"line":697,"column":92}}},"42":{"name":"(anonymous_42)","line":750,"loc":{"start":{"line":750,"column":47},"end":{"line":750,"column":86}}},"43":{"name":"(anonymous_43)","line":752,"loc":{"start":{"line":752,"column":55},"end":{"line":752,"column":74}}},"44":{"name":"(anonymous_44)","line":755,"loc":{"start":{"line":755,"column":19},"end":{"line":755,"column":31}}},"45":{"name":"(anonymous_45)","line":773,"loc":{"start":{"line":773,"column":48},"end":{"line":773,"column":97}}},"46":{"name":"(anonymous_46)","line":775,"loc":{"start":{"line":775,"column":51},"end":{"line":775,"column":71}}},"47":{"name":"(anonymous_47)","line":793,"loc":{"start":{"line":793,"column":47},"end":{"line":793,"column":95}}},"48":{"name":"(anonymous_48)","line":801,"loc":{"start":{"line":801,"column":110},"end":{"line":801,"column":122}}},"49":{"name":"(anonymous_49)","line":804,"loc":{"start":{"line":804,"column":58},"end":{"line":804,"column":70}}},"50":{"name":"(anonymous_50)","line":806,"loc":{"start":{"line":806,"column":72},"end":{"line":806,"column":84}}},"51":{"name":"(anonymous_51)","line":809,"loc":{"start":{"line":809,"column":60},"end":{"line":809,"column":77}}},"52":{"name":"(anonymous_52)","line":830,"loc":{"start":{"line":830,"column":48},"end":{"line":830,"column":65}}},"53":{"name":"(anonymous_53)","line":861,"loc":{"start":{"line":861,"column":37},"end":{"line":861,"column":81}}},"54":{"name":"(anonymous_54)","line":870,"loc":{"start":{"line":870,"column":21},"end":{"line":870,"column":40}}},"55":{"name":"(anonymous_55)","line":872,"loc":{"start":{"line":872,"column":34},"end":{"line":872,"column":54}}},"56":{"name":"(anonymous_56)","line":913,"loc":{"start":{"line":913,"column":32},"end":{"line":913,"column":56}}}},"statementMap":{"1":{"start":{"line":3,"column":0},"end":{"line":3,"column":35}},"2":{"start":{"line":4,"column":0},"end":{"line":4,"column":30}},"3":{"start":{"line":5,"column":0},"end":{"line":5,"column":30}},"4":{"start":{"line":7,"column":0},"end":{"line":7,"column":57}},"5":{"start":{"line":9,"column":0},"end":{"line":9,"column":38}},"6":{"start":{"line":10,"column":0},"end":{"line":10,"column":23}},"7":{"start":{"line":12,"column":0},"end":{"line":12,"column":28}},"8":{"start":{"line":23,"column":0},"end":{"line":25,"column":1}},"9":{"start":{"line":24,"column":4},"end":{"line":24,"column":26}},"10":{"start":{"line":39,"column":0},"end":{"line":42,"column":2}},"11":{"start":{"line":40,"column":4},"end":{"line":40,"column":32}},"12":{"start":{"line":41,"column":4},"end":{"line":41,"column":39}},"13":{"start":{"line":56,"column":0},"end":{"line":58,"column":2}},"14":{"start":{"line":57,"column":4},"end":{"line":57,"column":57}},"15":{"start":{"line":71,"column":0},"end":{"line":73,"column":2}},"16":{"start":{"line":72,"column":4},"end":{"line":72,"column":24}},"17":{"start":{"line":84,"column":0},"end":{"line":93,"column":2}},"18":{"start":{"line":86,"column":4},"end":{"line":92,"column":18}},"19":{"start":{"line":87,"column":8},"end":{"line":87,"column":54}},"20":{"start":{"line":91,"column":8},"end":{"line":91,"column":22}},"21":{"start":{"line":103,"column":0},"end":{"line":108,"column":2}},"22":{"start":{"line":105,"column":1},"end":{"line":107,"column":15}},"23":{"start":{"line":106,"column":2},"end":{"line":106,"column":71}},"24":{"start":{"line":118,"column":0},"end":{"line":120,"column":2}},"25":{"start":{"line":119,"column":4},"end":{"line":119,"column":93}},"26":{"start":{"line":136,"column":0},"end":{"line":146,"column":2}},"27":{"start":{"line":138,"column":4},"end":{"line":145,"column":16}},"28":{"start":{"line":139,"column":8},"end":{"line":144,"column":10}},"29":{"start":{"line":161,"column":0},"end":{"line":171,"column":2}},"30":{"start":{"line":163,"column":4},"end":{"line":170,"column":16}},"31":{"start":{"line":164,"column":8},"end":{"line":169,"column":10}},"32":{"start":{"line":190,"column":0},"end":{"line":206,"column":2}},"33":{"start":{"line":192,"column":4},"end":{"line":205,"column":16}},"34":{"start":{"line":194,"column":8},"end":{"line":197,"column":70}},"35":{"start":{"line":199,"column":8},"end":{"line":204,"column":10}},"36":{"start":{"line":219,"column":0},"end":{"line":286,"column":2}},"37":{"start":{"line":221,"column":1},"end":{"line":221,"column":67}},"38":{"start":{"line":223,"column":1},"end":{"line":285,"column":15}},"39":{"start":{"line":225,"column":2},"end":{"line":244,"column":3}},"40":{"start":{"line":227,"column":3},"end":{"line":232,"column":6}},"41":{"start":{"line":229,"column":4},"end":{"line":231,"column":7}},"42":{"start":{"line":230,"column":5},"end":{"line":230,"column":26}},"43":{"start":{"line":234,"column":9},"end":{"line":244,"column":3}},"44":{"start":{"line":236,"column":3},"end":{"line":240,"column":4}},"45":{"start":{"line":237,"column":4},"end":{"line":237,"column"
[...]
t":{"line":264,"column":1},"end":{"line":264,"column":38}},"61":{"start":{"line":266,"column":1},"end":{"line":266,"column":22}},"62":{"start":{"line":267,"column":1},"end":{"line":267,"column":34}},"63":{"start":{"line":279,"column":0},"end":{"line":322,"column":2}},"64":{"start":{"line":281,"column":1},"end":{"line":284,"column":17}},"65":{"start":{"line":286,"column":1},"end":{"line":286,"column":62}},"66":{"start":{"line":287,"column":1},"end":{"line":287,"column":56}},"67":{"start":{"line":288,"column":1},"end":{"line":288,"column":54}},"68":{"start":{"line":291,"column":1},"end":{"line":291,"column":19}},"69":{"start":{"line":293,"column":1},"end":{"line":293,"column":38}},"70":{"start":{"line":295,"column":1},"end":{"line":321,"column":2}},"71":{"start":{"line":297,"column":2},"end":{"line":299,"column":3}},"72":{"start":{"line":298,"column":3},"end":{"line":298,"column":43}},"73":{"start":{"line":301,"column":2},"end":{"line":301,"column":48}},"74":{"start":{"line":305,"column":2},"end":{"line":305,"column":56}},"75":{"start":{"line":306,"column":2},"end":{"line":306,"column":53}},"76":{"start":{"line":308,"column":2},"end":{"line":308,"column":36}},"77":{"start":{"line":309,"column":2},"end":{"line":309,"column":36}},"78":{"start":{"line":310,"column":2},"end":{"line":310,"column":30}},"79":{"start":{"line":312,"column":2},"end":{"line":312,"column":43}},"80":{"start":{"line":313,"column":2},"end":{"line":315,"column":3}},"81":{"start":{"line":314,"column":3},"end":{"line":314,"column":64}},"82":{"start":{"line":316,"column":2},"end":{"line":318,"column":3}},"83":{"start":{"line":317,"column":3},"end":{"line":317,"column":61}},"84":{"start":{"line":320,"column":2},"end":{"line":320,"column":50}},"85":{"start":{"line":330,"column":0},"end":{"line":332,"column":2}},"86":{"start":{"line":339,"column":0},"end":{"line":341,"column":2}},"87":{"start":{"line":343,"column":0},"end":{"line":343,"column":42}}},"branchMap":{"1":{"line":88,"type":"if","locations":[{"start":{"line":88,"column":1},"end":{"line":88,"column":1}},{"start":{"line":88,"column":1},"end":{"line":88,"column":1}}]},"2":{"line":105,"type":"if","locations":[{"start":{"line":105,"column":1},"end":{"line":105,"column":1}},{"start":{"line":105,"column":1},"end":{"line":105,"column":1}}]},"3":{"line":130,"type":"binary-expr","locations":[{"start":{"line":130,"column":8},"end":{"line":130,"column":59}},{"start":{"line":130,"column":63},"end":{"line":130,"column":76}}]},"4":{"line":140,"type":"binary-expr","locations":[{"start":{"line":140,"column":8},"end":{"line":140,"column":56}},{"start":{"line":140,"column":60},"end":{"line":140,"column":82}}]},"5":{"line":150,"type":"binary-expr","locations":[{"start":{"line":150,"column":8},"end":{"line":150,"column":55}},{"start":{"line":150,"column":59},"end":{"line":150,"column":78}}]},"6":{"line":215,"type":"binary-expr","locations":[{"start":{"line":215,"column":41},"end":{"line":215,"column":43}},{"start":{"line":215,"column":47},"end":{"line":215,"column":48}}]},"7":{"line":231,"type":"binary-expr","locations":[{"start":{"line":231,"column":41},"end":{"line":231,"column":43}},{"start":{"line":231,"column":47},"end":{"line":231,"column":48}}]},"8":{"line":247,"type":"binary-expr","locations":[{"start":{"line":247,"column":41},"end":{"line":247,"column":43}},{"start":{"line":247,"column":47},"end":{"line":247,"column":48}}]},"9":{"line":295,"type":"if","locations":[{"start":{"line":295,"column":1},"end":{"line":295,"column":1}},{"start":{"line":295,"column":1},"end":{"line":295,"column":1}}]},"10":{"line":297,"type":"if","locations":[{"start":{"line":297,"column":2},"end":{"line":297,"column":2}},{"start":{"line":297,"column":2},"end":{"line":297,"column":2}}]},"11":{"line":313,"type":"if","locations":[{"start":{"line":313,"column":2},"end":{"line":313,"column":2}},{"start":{"line":313,"column":2},"end":{"line":313,"column":2}}]},"12":{"line":313,"type":"binary-expr","locations":[{"start":{"line":313,"column":6},"end":{"line":313,"column":13}},{"start":{"line":313,"column":18},"end":{"line":313,"column":24}},{"start":{"line":313,"column":28},"end":{"line":313,"column":56}}]},"13":{"line":316,"type":"if","locations":[{"start":{"line":316,"column":2},"end":{"line":316,"column":2}},{"start":{"line":316,"column":2},"end":{"line":316,"column":2}}]},"14":{"line":316,"type":"binary-expr","locations":[{"start":{"line":316,"column":6},"end":{"line":316,"column":13}},{"start":{"line":316,"column":17},"end":{"line":316,"column":46}}]}}},"/Users/erz/code/preceptorjs/taxi/lib/helpers/devicePixelRatio.js":{"path":"/Users/erz/code/preceptorjs/taxi/lib/helpers/devicePixelRatio.js","s":{"1":1,"2":1,"3":1,"4":1,"5":1,"6":1,"7":1,"8":2,"9":1,"10":16,"11":16,"12":1,"13":0,"14":1,"15":6,"16":1,"17":2,"18":2,"19":2,"20":0,"21":0,"22":0,"23":1,"24":2,"25":2,"26":0,"27":0,"28":0,"29":0,"30":0,"31":0,"32":0,"33":0,"34":0,"35":1,"36":2,"37":2,"38":0,"39":1},"b":{"1":[2,0],"2":[0,0],"3":[0,0],"4":[2,0]},"f":{"1":2,"2":16,"3":0,"4":6,"5":2,"6":0,"7":2,"8":0,"9":0,"10":0,"11":2},"fnMap":{"1":{"name":"DevicePixelRatio","line":22,"loc":{"start":{"line":22,"column":0},"end":{"line":22,"column":35}}},"2":{"name":"(anonymous_2)","line":38,"loc":{"start":{"line":38,"column":44},"end":{"line":38,"column":61}}},"3":{"name":"(anonymous_3)","line":55,"loc":{"start":{"line":55,"column":42},"end":{"line":55,"column":72}}},"4":{"name":"(anonymous_4)","line":70,"loc":{"start":{"line":70,"column":39},"end":{"line":70,"column":51}}},"5":{"name":"(anonymous_5)","line":84,"loc":{"start":{"line":84,"column":49},"end":{"line":84,"column":61}}},"6":{"name":"(anonymous_6)","line":88,"loc":{"start":{"line":88,"column":49},"end":{"line":88,"column":66}}},"7":{"name":"(anonymous_7)","line":104,"loc":{"start":{"line":104,"column":56},"end":{"line":104,"column":68}}},"8":{"name":"(anonymous_8)","line":110,"loc":{"start":{"line":110,"column":58},"end":{"line":110,"column":78}}},"9":{"name":"(anonymous_9)","line":114,"loc":{"start":{"line":114,"column":52},"end":{"line":114,"column":69}}},"10":{"name":"(anonymous_10)","line":117,"loc":{"start":{"line":117,"column":74},"end":{"line":117,"column":86}}},"11":{"name":"(anonymous_11)","line":149,"loc":{"start":{"line":149,"column":38},"end":{"line":149,"column":62}}}},"statementMap":{"1":{"start":{"line":3,"column":0},"end":{"line":3,"column":35}},"2":{"start":{"line":4,"column":0},"end":{"line":4,"column":30}},"3":{"start":{"line":5,"column":0},"end":{"line":5,"column":30}},"4":{"start":{"line":7,"column":0},"end":{"line":7,"column":69}},"5":{"start":{"line":9,"column":0},"end":{"line":9,"column":38}},"6":{"start":{"line":11,"column":0},"end":{"line":11,"column":34}},"7":{"start":{"line":22,"column":0},"end":{"line":24,"column":1}},"8":{"start":{"line":23,"column":1},"end":{"line":23,"column":23}},"9":{"start":{"line":38,"column":0},"end":{"line":41,"column":2}},"10":{"start":{"line":39,"column":1},"end":{"line":39,"column":35}},"11":{"start":{"line":40,"column":1},"end":{"line":40,"column":36}},"12":{"start":{"line":55,"column":0},"end":{"line":57,"column":2}},"13":{"start":{"line":56,"column":1},"end":{"line":56,"column":54}},"14":{"start":{"line":70,"column":0},"end":{"line":72,"column":2}},"15":{"start":{"line":71,"column":1},"end":{"line":71,"column":21}},"16":{"start":{"line":84,"column":0},"end":{"line":95,"column":2}},"17":{"start":{"line":85,"column":1},"end":{"line":85,"column":70}},"18":{"start":{"line":87,"column":1},"end":{"line":94,"column":2}},"19":{"start":{"line":88,"column":2},"end":{"line":91,"column":16}},"20":{"start":{"line":89,"column":3},"end":{"line":89,"column":56}},"21":{"start":{"line":90,"column":3},"end":{"line":90,"column":16}},"22":{"start":{"line":93,"column":2},"end":{"line":93,"column":60}},"23":{"start":{"line":104,"column":0},"end":{"line":136,"column":2}},"24":{"start":{"line":106,"column":1},"end":{"line":107,"column":48}},"25":{"start":{"line":110,"column":1},"end":{"line":135,"column":15}},"26":{"start":{"line":111,"column":2},"end":{"line":111,"column":34}},"27":{"start":{"line":114,"column":2},"end":{"line":134,"column":16}},"28":{"start":{"line":117,"column":3},"end":{"line":133,"column":17}},"29":{"start":{"line":120,"column":4},"end":{"line":120,"column":69}},"30":{"start":{"line":123,"column":4},"end":{"line":125,"column":5}},"31":{"start":{"line":124,"column":5},"end":{"line":124,"column":63}},"32":{"start":{"line":127,"column":4},"end":{"line":131,"column":5}},"33":{"start":{"line":128,"column":5},"end":{"line":128,"column":38}},"34":{"start":{"line":130,"column":5},"end":{"line":130,"column":29}},"35":{"start":{"line":149,"column":0},"end":{"line":156,"column":2}},"36":{"start":{"line":150,"column":1},"end":{"line":155,"column":2}},"37":{"start":{"line":151,"column":2},"end":{"line":151,"column":73}},"38":{"start":{"line":154,"column":2},"end":{"line":154,"column":53}},"39":{"start":{"line":158,"column":0},"end":{"line":158,"column":39}}},"branchMap":{"1":{"line":87,"type":"if","locations":[{"start":{"line":87,"column":1},"end":{"line":87,"column":1}},{"start":{"line":87,"column":1},"end":{"line":87,"column":1}}]},"2":{"line":123,"type":"if","locations":[{"start":{"line":123,"column":4},"end":{"line":123,"column":4}},{"start":{"line":123,"column":4},"end":{"line":123,"column":4}}]},"3":{"line":127,"type":"if","locations":[{"start":{"line":127,"column":4},"end":{"line":127,"column":4}},{"start":{"line":127,"column":4},"end":{"line":127,"column":4}}]},"4":{"line":150,"type":"if","locations":[{"start":{"line":150,"column":1},"end":{"line":150,"column":1}},{"start":{"line":150,"column":1},"end":{"line":150,"column":1}}]}}},"/Users/erz/code/preceptorjs/taxi/lib/scripts/devicePixelRatio.js":{"path":"/Users/erz/code/preceptorjs/taxi/lib/scripts/devicePixelRatio.js","s":{"1":1,"2":0,"3":0,"4":0,"5":0,"6":0,"7":0,"8":0,"9":0,"10":0,"11":0,"12":0,"13":0,"14":0,"15":0,"16":0,"17":0,"18":0,"19":0,"20":0,"21":0,"22":0,"23":0,"24":0,"25":0,"26":0},"b":{"1":[0,0]},"f":{"1":0,"2":0},"fnMap":{"1":{"name":"(anonymous_1)","line":14,"loc":{"start":{"line":14,"column":10},"end":{"line":14,"column":22}}},"2":{"name":"(anonymous_2)","line":64,"loc":{"start":{"line":64,"column":12},"end":{"line":64,"column":32}}}},"statementMap":{"1":{"start":{"line":1,"column":0},"end":{"line":71,"column":2}},"2":{"start":{"line":15,"column":8},"end":{"line":17,"column":25}},"3":{"start":{"line":20,"column":8},"end":{"line":20,"column":43}},"4":{"start":{"line":21,"column":8},"end":{"line":21,"column":36}},"5":{"start":{"line":22,"column":8},"end":{"line":22,"column":25}},"6":{"start":{"line":23,"column":8},"end":{"line":23,"column":26}},"7":{"start":{"line":24,"column":8},"end":{"line":24,"column":28}},"8":{"start":{"line":25,"column":8},"end":{"line":25,"column":27}},"9":{"start":{"line":26,"column":8},"end":{"line":26,"column":43}},"10":{"start":{"line":28,"column":8},"end":{"line":36,"column":10}},"11":{"start":{"line":38,"column":8},"end":{"line":38,"column":27}},"12":{"start":{"line":41,"column":8},"end":{"line":41,"column":39}},"13":{"start":{"line":44,"column":8},"end":{"line":44,"column":57}},"14":{"start":{"line":45,"column":8},"end":{"line":45,"column":34}},"15":{"start":{"line":46,"column":8},"end":{"line":46,"column":35}},"16":{"start":{"line":47,"column":8},"end":{"line":47,"column":34}},"17":{"start":{"line":49,"column":8},"end":{"line":49,"column":55}},"18":{"start":{"line":50,"column":8},"end":{"line":50,"column":32}},"19":{"start":{"line":51,"column":8},"end":{"line":51,"column":33}},"20":{"start":{"line":52,"column":8},"end":{"line":52,"column":32}},"21":{"start":{"line":53,"column":8},"end":{"line":53,"column":37}},"22":{"start":{"line":55,"column":8},"end":{"line":55,"column":40}},"23":{"start":{"line":65,"column":8},"end":{"line":65,"column":33}},"24":{"start":{"line":67,"column":8},"end":{"line":67,"column":52}},"25":{"start":{"line":68,"column":8},"end":{"line":68,"column":46}},"26":{"start":{"line":69,"column":8},"end":{"line":69,"column":48}}},"branchMap":{"1":{"line":33,"type":"binary-expr","locations":[{"start":{"line":33,"column":30},"end":{"line":33,"column":53}},{"start":{"line":33,"column":57},"end":{"line":33,"column":58}}]}}},"/Users/erz/code/preceptorjs/taxi/lib/helpers/stitching.js":{"path":"/Users/erz/code/preceptorjs/taxi/lib/helpers/stitching.js","s":{"1":1,"2":1,"3":1,"4":1,"5":1,"6":1,"7":1,"8":2,"9":1,"10":0,"11":0,"12":1,"13":0,"14":1,"15":0,"16":1,"17":0,"18":0,"19":0,"20":0,"21":0,"22":0,"23":1,"24":0,"25":0,"26":0,"27":0,"28":0,"29":0,"30":0,"31":1,"32":0,"33":0,"34":0,"35":0,"36":0,"37":0,"38":1,"39":0,"40":0,"41":0,"42":1},"b":{"1":[0,0],"2":[0,0],"3":[0,0],"4":[0,0],"5":[0,0],"6":[0,0]},"f":{"1":2,"2":0,"3":0,"4":0,"5":0,"6":0,"7":0,"8":0,"9":0,"10":0,"11":0,"12":0,"13":0},"fnMap":{"1":{"name":"Stitching","line":22,"loc":{"start":{"line":22,"column":0},"end":{"line":22,"column":28}}},"2":{"name":"(anonymous_2)","line":38,"loc":{"start":{"line":38,"column":37},"end":{"line":38,"column":54}}},"3":{"name":"(anonymous_3)","line":55,"loc":{"start":{"line":55,"column":35},"end":{"line":55,"column":65}}},"4":{"name":"(anonymous_4)","line":70,"loc":{"start":{"line":70,"column":32},"end":{"line":70,"column":44}}},"5":{"name":"(anonymous_5)","line":84,"loc":{"start":{"line":84,"column":40},"end":{"line":84,"column":52}}},"6":{"name":"(anonymous_6)","line":88,"loc":{"start":{"line":88,"column":53},"end":{"line":88,"column":70}}},"7":{"name":"(anonymous_7)","line":105,"loc":{"start":{"line":105,"column":47},"end":{"line":105,"column":59}}},"8":{"name":"(anonymous_8)","line":114,"loc":{"start":{"line":114,"column":56},"end":{"line":114,"column":84}}},"9":{"name":"(anonymous_9)","line":117,"loc":{"start":{"line":117,"column":58},"end":{"line":117,"column":78}}},"10":{"name":"(anonymous_10)","line":121,"loc":{"start":{"line":121,"column":62},"end":{"line":121,"column":79}}},"11":{"name":"(anonymous_11)","line":124,"loc":{"start":{"line":124,"column":80},"end":{"line":124,"column":92}}},"12":{"name":"(anonymous_12)","line":146,"loc":{"start":{"line":146,"column":48},"end":{"line":146,"column":93}}},"13":{"name":"(anonymous_13)","line":184,"loc":{"start":{"line":184,"column":31},"end":{"line":184,"column":55}}}},"statementMap":{"1":{"start":{"line":3,"column":0},"end":{"line":3,"column":35}},"2":{"start":{"line":4,"column":0},"end":{"line":4,"column":30}},"3":{"start":{"line":5,"column":0},"end":{"line":5,"column":30}},"4":{"start":{"line":7,"column":0},"end":{"line":7,"column":55}},"5":{"start":{"line":9,"column":0},"end":{"line":9,"column":38}},"6":{"start":{"line":11,"column":0},"end":{"line":11,"column":27}},"7":{"start":{"line":22,"column":0},"end":{"line":24,"column":1}},"8":{"start":{"line":23,"column":4},"end":{"line":23,"column":26}},"9":{"start":{"line":38,"column":0},"end":{"line":41,"column":2}},"10":{"start":{"line":39,"column":4},"end":{"line":39,"column":31}},"11":{"start":{"line":40,"column":4},"end":{"line":40,"column":39}},"12":{"start":{"line":55,"column":0},"end":{"line":57,"column":2}},"13":{"start":{"line":56,"column":4},"end":{"line":56,"column":57}},"14":{"start":{"line":70,"column":0},"end":{"line":72,"column":2}},"15":{"start":{"line":71,"column":4},"end":{"line":71,"column":24}},"16":{"start":{"line":84,"column":0},"end":{"line":95,"column":2}},"17":{"start":{"line":85,"column":4},"end":{"line":85,"column":69}},"18":{"start":{"line":87,"column":4},"end":{"line":94,"column":5}},"19":{"start":{"line":88,"column":8},"end":{"line":91,"column":22}},"20":{"start":{"line":89,"column":12},"end":{"line":89,"column":63}},"21":{"start":{"line":90,"column":12},"end":{"line":90,"column":25}},"22":{"start":{"line":93,"column":8},"end":{"line":93,"column":64}},"23":{"start":{"line":105,"column":0},"end":{"line":132,"column":2}},"24":{"start":{"line":107,"column":1},"end":{"line":111,"column":60}},"25":{"start":{"line":114,"column":4},"end":{"line":131,"column":18}},"26":{"start":{"line":117,"column":8},"end":{"line":130,"column":22}},"27":{"start":{"line":118,"column":12},"end":{"line":118,"column":44}},"28":{"start":{"line":121,"column":12},"end":{"line":129,"column":26}},"29":{"start":{"line":124,"column":16},"end":{"line":128,"column":30}},"30":{"start":{"line":126,"column":20},"end":{"line":126,"column":93}},"31":{"start":{"line":146,"column":0},"end":{"line":170,"column":2}},"32":{"start":{"line":150,"column":4},"end":{"line":157,"column":59}},"33":{"start":{"line":161,"column":4},"end":{"line":161,"column":81}},"34":{"start":{"line":163,"column":4},"end":{"line":167,"column":5}},"35":{"start":{"line":164,"column":8},"end":{"line":166,"column":9}},"36":{"start":{"line":165,"column":12},"end":{"line":165,"column":34}},"37":{"start":{"line":169,"column":4},"end":{"line":169,"column":25}},"38":{"start":{"line":184,"column":0},"end":{"line":191,"column":2}},"39":{"start":{"line":185,"column":4},"end":{"line":190,"column":5}},"40":{"start":{"line":186,"column":8},"end":{"line":186,"column":79}},"41":{"start":{"line":189,"column":8},"end":{"line":189,"column":59}},"42":{"start":{"line":193,"column":0},"end":{"line":193,"column":32}}},"branchMap":{"1":{"line":87,"type":"if","locations":[{"start":{"line":87,"column":4},"end":{"line":87,"column":4}},{"start":{"line":87,"column":4},"end":{"line":87,"column":4}}]},"2":{"line":161,"type":"binary-expr","locations":[{"start":{"line":161,"column":22},"end":{"line":161,"column":37}},{"start":{"line":161,"column":43},"end":{"line":161,"column":79}}]},"3":{"line":163,"type":"if","locations":[{"start":{"line":163,"column":4},"end":{"line":163,"column":4}},{"start":{"line":163,"column":4},"end":{"line":163,"column":4}}]},"4":{"line":164,"type":"if","locations":[{"start":{"line":164,"column":8},"end":{"line":164,"column":8}},{"start":{"line":164,"column":8},"end":{"line":164,"column":8}}]},"5":{"line":164,"type":"binary-expr","locations":[{"start":{"line":164,"column":13},"end":{"line":164,"column":48}},{"start":{"line":164,"column":54},"end":{"line":164,"column":74}}]},"6":{"line":185,"type":"if","locations":[{"start":{"line":185,"column":4},"end":{"line":185,"column":4}},{"start":{"line":185,"column":4},"end":{"line":185,"column":4}}]}}},"/Users/erz/code/preceptorjs/taxi/lib/scripts/stitching.js":{"path":"/Users/erz/code/preceptorjs/taxi/lib/scripts/stitching.js","s":{"1":1,"2":0,"3":0,"4":0,"5":0,"6":0,"7":0,"8":0,"9":0,"10":0,"11":0,"12":0,"13":0,"14":0,"15":0,"16":0,"17":0,"18":0,"19":0},"b":{},"f":{"1":0,"2":0},"fnMap":{"1":{"name":"(anonymous_1)","line":10,"loc":{"start":{"line":10,"column":10},"end":{"line":10,"column":22}}},"2":{"name":"(anonymous_2)","line":49,"loc":{"start":{"line":49,"column":12},"end":{"line":49,"column":32}}}},"statementMap":{"1":{"start":{"line":1,"column":0},"end":{"line":56,"column":2}},"2":{"start":{"line":11,"column":8},"end":{"line":13,"column":25}},"3":{"start":{"line":16,"column":8},"end":{"line":16,"column":43}},"4":{"start":{"line":17,"column":8},"end":{"line":17,"column":36}},"5":{"start":{"line":18,"column":8},"end":{"line":18,"column":25}},"6":{"start":{"line":19,"column":8},"end":{"line":19,"column":26}},"7":{"start":{"line":20,"column":8},"end":{"line":20,"column":28}},"8":{"start":{"line":21,"column":8},"end":{"line":21,"column":27}},"9":{"start":{"line":22,"column":8},"end":{"line":22,"column":43}},"10":{"start":{"line":24,"column":8},"end":{"line":29,"column":10}},"11":{"start":{"line":31,"column":8},"end":{"line":31,"column":27}},"12":{"start":{"line":34,"column":8},"end":{"line":34,"column":39}},"13":{"start":{"line":37,"column":8},"end":{"line":37,"column":63}},"14":{"start":{"line":38,"column":8},"end":{"line":38,"column":34}},"15":{"start":{"line":40,"column":8},"end":{"line":40,"column":40}},"16":{"start":{"line":50,"column":8},"end":{"line":50,"column":33}},"17":{"start":{"line":52,"column":8},"end":{"line":52,"column":52}},"18":{"start":{"line":53,"column":8},"end":{"line":53,"column":46}},"19":{"start":{"line":54,"column":8},"end":{"line":54,"column":48}}},"branchMap":{}}}