TN:
SF:/Users/erz/code/preceptorjs/taxi/index.js
FN:50,taxi
FNF:1
FNH:1
FNDA:3,taxi
DA:3,1
DA:4,1
DA:5,1
DA:6,1
DA:7,1
DA:8,1
DA:9,1
DA:10,1
DA:11,1
DA:12,1
DA:13,1
DA:14,1
DA:15,1
DA:16,1
DA:17,1
DA:18,1
DA:19,1
DA:20,1
DA:21,1
DA:22,1
DA:23,1
DA:24,1
DA:26,1
DA:28,1
DA:50,1
DA:51,3
DA:59,1
DA:65,1
DA:71,1
DA:77,1
DA:83,1
DA:89,1
DA:95,1
DA:101,1
DA:107,1
DA:113,1
DA:119,1
DA:125,1
DA:131,1
DA:137,1
DA:143,1
DA:149,1
DA:155,1
DA:161,1
DA:167,1
DA:173,1
DA:179,1
DA:185,1
DA:191,1
LF:49
LH:49
BRF:0
BRH:0
end_of_record
TN:
SF:/Users/erz/code/preceptorjs/taxi/lib/alert.js
FN:19,Alert
FN:35,(anonymous_2)
FN:52,(anonymous_3)
FN:67,(anonymous_4)
FN:78,(anonymous_5)
FN:88,(anonymous_6)
FN:100,(anonymous_7)
FN:113,(anonymous_8)
FNF:8
FNH:7
FNDA:36,Alert
FNDA:72,(anonymous_2)
FNDA:36,(anonymous_3)
FNDA:0,(anonymous_4)
FNDA:14,(anonymous_5)
FNDA:2,(anonymous_6)
FNDA:16,(anonymous_7)
FNDA:4,(anonymous_8)
DA:3,1
DA:4,1
DA:6,1
DA:19,1
DA:20,36
DA:35,1
DA:36,72
DA:37,72
DA:52,1
DA:53,36
DA:67,1
DA:68,0
DA:78,1
DA:79,14
DA:88,1
DA:89,2
DA:90,2
DA:100,1
DA:101,16
DA:113,1
DA:114,4
DA:118,1
LF:22
LH:21
BRF:0
BRH:0
end_of_record
TN:
SF:/Users/erz/code/preceptorjs/taxi/lib/log.js
FN:19,logMethods
FN:41,logMethod
FN:42,(anonymous_3)
FN:48,(anonymous_4)
FN:54,(anonymous_5)
FN:60,(anonymous_6)
FNF:6
FNH:6
FNDA:26,logMethods
FNDA:343,logMethod
FNDA:1624,(anonymous_3)
FNDA:1624,(anonymous_4)
FNDA:1614,(anonymous_5)
FNDA:10,(anonymous_6)
DA:3,1
DA:4,1
DA:6,1
DA:8,1
DA:19,1
DA:20,26
DA:21,459
DA:22,442
DA:23,343
DA:41,1
DA:42,343
DA:43,1624
DA:44,1624
DA:48,1624
DA:49,1624
DA:50,1624
DA:51,1624
DA:52,1624
DA:53,1624
DA:55,1614
DA:56,1614
DA:57,1614
DA:58,1614
DA:59,1614
DA:61,10
DA:62,10
DA:63,10
DA:64,10
DA:65,10
DA:69,343
DA:71,343
LF:31
LH:31
BRDA:21,1,0,442
BRDA:21,1,1,17
BRDA:22,2,0,343
BRDA:22,2,1,99
BRDA:22,3,0,442
BRDA:22,3,1,343
BRDA:22,3,2,343
BRDA:22,3,3,343
BRF:8
BRH:8
end_of_record
TN:
SF:/Users/erz/code/preceptorjs/taxi/lib/when.js
FN:19,when
FN:32,whenDone
FN:40,whenTry
FN:65,isPromise
FNF:4
FNH:4
FNDA:1745,when
FNDA:3248,whenDone
FNDA:1624,whenTry
FNDA:6612,isPromise
DA:3,1
DA:4,1
DA:5,1
DA:19,1
DA:20,1745
DA:21,873
DA:23,872
DA:32,1
DA:33,3248
DA:34,1624
DA:36,1624
DA:40,1
DA:41,1624
DA:42,1624
DA:43,1624
DA:45,5
DA:47,1619
DA:48,290
DA:50,1329
DA:65,1
DA:66,6612
LF:21
LH:21
BRDA:20,1,0,873
BRDA:20,1,1,872
BRDA:33,2,0,1624
BRDA:33,2,1,1624
BRDA:47,3,0,290
BRDA:47,3,1,1329
BRDA:66,4,0,6612
BRDA:66,4,1,6474
BRDA:66,4,2,109
BRDA:66,4,3,6365
BRF:10
BRH:10
end_of_record
TN:
SF:/Users/erz/code/preceptorjs/taxi/lib/type.js
FN:10,checkType
FN:16,(anonymous_2)
FN:34,type
FN:46,(anonymous_4)
FNF:4
FNH:4
FNDA:980,checkType
FNDA:848,(anonymous_2)
FNDA:850,type
FNDA:4,(anonymous_4)
DA:8,1
DA:10,1
DA:11,980
DA:12,154
DA:13,154
DA:15,840
DA:16,840
DA:17,848
DA:18,0
DA:20,848
DA:21,2
DA:23,846
DA:25,840
DA:26,0
DA:34,1
DA:35,850
DA:37,0
DA:39,0
DA:41,0
DA:43,0
DA:45,6
DA:46,6
DA:47,4
DA:49,6
DA:50,0
DA:53,844
DA:54,844
DA:55,844
DA:57,844
DA:58,844
LF:30
LH:23
BRDA:11,1,0,154
BRDA:11,1,1,826
BRDA:13,2,0,140
BRDA:13,2,1,14
BRDA:13,3,0,154
BRDA:13,3,1,154
BRDA:17,4,0,0
BRDA:17,4,1,848
BRDA:17,5,0,848
BRDA:17,5,1,0
BRDA:17,5,2,0
BRDA:20,6,0,2
BRDA:20,6,1,846
BRDA:20,7,0,848
BRDA:20,7,1,846
BRDA:25,8,0,840
BRDA:25,8,1,0
BRDA:35,9,0,0
BRDA:35,9,1,0
BRDA:35,9,2,0
BRDA:35,9,3,0
BRDA:35,9,4,6
BRDA:45,10,0,0
BRDA:45,10,1,6
BRDA:47,11,0,4
BRDA:47,11,1,0
BRDA:49,12,0,6
BRDA:49,12,1,0
BRDA:53,13,0,0
BRDA:53,13,1,844
BRDA:54,14,0,0
BRDA:54,14,1,844
BRDA:55,15,0,0
BRDA:55,15,1,844
BRF:34
BRH:20
end_of_record
TN:
SF:/Users/erz/code/preceptorjs/taxi/lib/activeWindow.js
FN:36,ActiveWindow
FN:54,(anonymous_2)
FN:70,(anonymous_3)
FN:87,(anonymous_4)
FN:104,(anonymous_5)
FN:120,(anonymous_6)
FN:133,(anonymous_7)
FN:149,(anonymous_8)
FN:183,(anonymous_9)
FN:221,(anonymous_10)
FN:259,(anonymous_11)
FN:260,(anonymous_12)
FN:264,(anonymous_13)
FN:265,(anonymous_14)
FN:293,(anonymous_15)
FN:296,(anonymous_16)
FN:316,(anonymous_17)
FN:319,(anonymous_18)
FN:343,(anonymous_19)
FN:346,(anonymous_20)
FN:358,(anonymous_21)
FN:359,(anonymous_22)
FN:373,(anonymous_23)
FN:380,(anonymous_24)
FN:393,(anonymous_25)
FN:400,(anonymous_26)
FN:401,(anonymous_27)
FN:415,(anonymous_28)
FN:416,(anonymous_29)
FN:427,(anonymous_30)
FN:438,(anonymous_31)
FN:448,(anonymous_32)
FN:460,(anonymous_33)
FN:471,(anonymous_34)
FN:482,(anonymous_35)
FN:493,(anonymous_36)
FN:504,(anonymous_37)
FN:515,(anonymous_38)
FN:516,(anonymous_39)
FN:531,(anonymous_40)
FN:532,(anonymous_41)
FN:544,(anonymous_42)
FN:545,(anonymous_43)
FN:564,codeToString
FNF:44
FNH:26
FNDA:288,ActiveWindow
FNDA:588,(anonymous_2)
FNDA:2,(anonymous_3)
FNDA:8,(anonymous_4)
FNDA:2,(anonymous_5)
FNDA:4,(anonymous_6)
FNDA:2,(anonymous_7)
FNDA:2,(anonymous_8)
FNDA:0,(anonymous_9)
FNDA:0,(anonymous_10)
FNDA:0,(anonymous_11)
FNDA:0,(anonymous_12)
FNDA:0,(anonymous_13)
FNDA:0,(anonymous_14)
FNDA:0,(anonymous_15)
FNDA:0,(anonymous_16)
FNDA:0,(anonymous_17)
FNDA:0,(anonymous_18)
FNDA:0,(anonymous_19)
FNDA:0,(anonymous_20)
FNDA:2,(anonymous_21)
FNDA:2,(anonymous_22)
FNDA:128,(anonymous_23)
FNDA:128,(anonymous_24)
FNDA:6,(anonymous_25)
FNDA:6,(anonymous_26)
FNDA:8,(anonymous_27)
FNDA:4,(anonymous_28)
FNDA:4,(anonymous_29)
FNDA:2,(anonymous_30)
FNDA:4,(anonymous_31)
FNDA:2,(anonymous_32)
FNDA:2,(anonymous_33)
FNDA:46,(anonymous_34)
FNDA:20,(anonymous_35)
FNDA:2,(anonymous_36)
FNDA:36,(anonymous_37)
FNDA:0,(anonymous_38)
FNDA:0,(anonymous_39)
FNDA:0,(anonymous_40)
FNDA:0,(anonymous_41)
FNDA:0,(anonymous_42)
FNDA:0,(anonymous_43)
FNDA:10,codeToString
DA:3,1
DA:5,1
DA:6,1
DA:7,1
DA:9,1
DA:10,1
DA:11,1
DA:12,1
DA:13,1
DA:14,1
DA:15,1
DA:17,1
DA:19,1
DA:20,1
DA:22,1
DA:36,1
DA:37,288
DA:38,288
DA:40,1
DA:54,1
DA:55,588
DA:56,588
DA:70,1
DA:71,2
DA:87,1
DA:88,8
DA:89,8
DA:90,8
DA:104,1
DA:105,2
DA:106,2
DA:107,2
DA:120,1
DA:121,4
DA:122,4
DA:133,1
DA:134,2
DA:149,1
DA:150,2
DA:151,2
DA:152,2
DA:153,2
DA:169,1
DA:183,1
DA:184,0
DA:185,0
DA:186,0
DA:187,0
DA:203,1
DA:221,1
DA:222,0
DA:223,0
DA:224,0
DA:225,0
DA:245,1
DA:259,1
DA:260,0
DA:261,0
DA:262,0
DA:264,0
DA:265,0
DA:266,0
DA:267,0
DA:269,0
DA:293,1
DA:294,0
DA:296,0
DA:297,0
DA:316,1
DA:317,0
DA:319,0
DA:320,0
DA:343,1
DA:344,0
DA:346,0
DA:347,0
DA:358,1
DA:359,2
DA:360,2
DA:373,1
DA:374,128
DA:375,128
DA:377,128
DA:381,128
DA:393,1
DA:394,6
DA:395,6
DA:397,6
DA:401,6
DA:402,8
DA:415,1
DA:416,4
DA:417,4
DA:427,1
DA:428,2
DA:438,1
DA:439,4
DA:448,1
DA:449,2
DA:460,1
DA:461,2
DA:471,1
DA:472,46
DA:482,1
DA:483,20
DA:493,1
DA:494,2
DA:504,1
DA:505,36
DA:515,1
DA:516,0
DA:517,0
DA:531,1
DA:532,0
DA:533,0
DA:544,1
DA:545,0
DA:546,0
DA:551,1
DA:564,1
DA:565,10
DA:566,6
DA:568,10
LF:123
LH:92
BRDA:90,1,0,8
BRDA:90,1,1,6
BRDA:107,2,0,2
BRDA:107,2,1,2
BRDA:122,3,0,2
BRDA:122,3,1,2
BRDA:150,4,0,2
BRDA:150,4,1,2
BRDA:184,5,0,0
BRDA:184,5,1,0
BRDA:222,6,0,0
BRDA:222,6,1,0
BRDA:261,7,0,0
BRDA:261,7,1,0
BRDA:266,8,0,0
BRDA:266,8,1,0
BRDA:294,9,0,0
BRDA:294,9,1,0
BRDA:317,10,0,0
BRDA:317,10,1,0
BRDA:344,11,0,0
BRDA:344,11,1,0
BRDA:378,12,0,128
BRDA:378,12,1,116
BRDA:398,13,0,6
BRDA:398,13,1,6
BRDA:518,14,0,0
BRDA:518,14,1,0
BRDA:519,15,0,0
BRDA:519,15,1,0
BRDA:533,16,0,0
BRDA:533,16,1,0
BRDA:533,17,0,0
BRDA:533,17,1,0
BRDA:546,18,0,0
BRDA:546,18,1,0
BRDA:546,19,0,0
BRDA:546,19,1,0
BRDA:565,20,0,6
BRDA:565,20,1,4
BRF:40
BRH:14
end_of_record
TN:
SF:/Users/erz/code/preceptorjs/taxi/lib/element.js
FN:26,Element
FN:124,(anonymous_2)
FN:142,(anonymous_3)
FN:157,(anonymous_4)
FN:169,(anonymous_5)
FN:180,(anonymous_6)
FN:192,(anonymous_7)
FN:203,(anonymous_8)
FN:215,(anonymous_9)
FN:227,(anonymous_10)
FN:229,(anonymous_11)
FN:240,(anonymous_12)
FN:241,(anonymous_13)
FN:254,(anonymous_14)
FN:265,(anonymous_15)
FN:267,(anonymous_16)
FN:282,(anonymous_17)
FN:293,(anonymous_18)
FN:305,(anonymous_19)
FN:317,(anonymous_20)
FN:328,(anonymous_21)
FN:339,(anonymous_22)
FN:350,(anonymous_23)
FN:360,(anonymous_24)
FN:361,(anonymous_25)
FN:375,(anonymous_26)
FN:386,(anonymous_27)
FN:396,(anonymous_28)
FN:407,(anonymous_29)
FN:417,(anonymous_30)
FN:427,(anonymous_31)
FN:437,(anonymous_32)
FN:438,(anonymous_33)
FN:439,(anonymous_34)
FN:456,(anonymous_35)
FN:457,(anonymous_36)
FN:471,(anonymous_37)
FN:472,(anonymous_38)
FN:490,(anonymous_39)
FN:497,(anonymous_40)
FN:510,(anonymous_41)
FN:517,(anonymous_42)
FN:518,(anonymous_43)
FN:532,(anonymous_44)
FN:533,(anonymous_45)
FN:559,(anonymous_46)
FN:563,(anonymous_47)
FN:607,(anonymous_48)
FN:610,(anonymous_49)
FNF:49
FNH:40
FNDA:148,Element
FNDA:496,(anonymous_2)
FNDA:156,(anonymous_3)
FNDA:0,(anonymous_4)
FNDA:44,(anonymous_5)
FNDA:2,(anonymous_6)
FNDA:32,(anonymous_7)
FNDA:2,(anonymous_8)
FNDA:18,(anonymous_9)
FNDA:6,(anonymous_10)
FNDA:6,(anonymous_11)
FNDA:6,(anonymous_12)
FNDA:6,(anonymous_13)
FNDA:52,(anonymous_14)
FNDA:0,(anonymous_15)
FNDA:0,(anonymous_16)
FNDA:0,(anonymous_17)
FNDA:2,(anonymous_18)
FNDA:2,(anonymous_19)
FNDA:4,(anonymous_20)
FNDA:4,(anonymous_21)
FNDA:8,(anonymous_22)
FNDA:8,(anonymous_23)
FNDA:4,(anonymous_24)
FNDA:4,(anonymous_25)
FNDA:6,(anonymous_26)
FNDA:6,(anonymous_27)
FNDA:2,(anonymous_28)
FNDA:8,(anonymous_29)
FNDA:6,(anonymous_30)
FNDA:0,(anonymous_31)
FNDA:4,(anonymous_32)
FNDA:4,(anonymous_33)
FNDA:4,(anonymous_34)
FNDA:2,(anonymous_35)
FNDA:2,(anonymous_36)
FNDA:2,(anonymous_37)
FNDA:2,(anonymous_38)
FNDA:4,(anonymous_39)
FNDA:4,(anonymous_40)
FNDA:6,(anonymous_41)
FNDA:6,(anonymous_42)
FNDA:6,(anonymous_43)
FNDA:4,(anonymous_44)
FNDA:4,(anonymous_45)
FNDA:0,(anonymous_46)
FNDA:0,(anonymous_47)
FNDA:0,(anonymous_48)
FNDA:0,(anonymous_49)
DA:3,1
DA:4,1
DA:5,1
DA:7,1
DA:8,1
DA:10,1
DA:12,1
DA:26,1
DA:27,148
DA:28,148
DA:29,148
DA:30,148
DA:45,1
DA:54,1
DA:63,1
DA:72,1
DA:82,1
DA:92,1
DA:101,1
DA:110,1
DA:124,1
DA:125,496
DA:126,496
DA:127,496
DA:142,1
DA:143,156
DA:157,1
DA:158,0
DA:169,1
DA:170,44
DA:180,1
DA:181,2
DA:192,1
DA:193,32
DA:203,1
DA:204,2
DA:215,1
DA:216,18
DA:217,18
DA:227,1
DA:228,6
DA:229,6
DA:230,6
DA:240,1
DA:241,6
DA:242,6
DA:254,1
DA:255,52
DA:265,1
DA:266,0
DA:267,0
DA:268,0
DA:282,1
DA:283,0
DA:293,1
DA:294,2
DA:305,1
DA:306,2
DA:307,2
DA:317,1
DA:318,4
DA:328,1
DA:329,4
DA:339,1
DA:340,8
DA:341,8
DA:350,1
DA:351,8
DA:360,1
DA:361,4
DA:362,4
DA:375,1
DA:376,6
DA:377,6
DA:386,1
DA:387,6
DA:396,1
DA:397,2
DA:407,1
DA:408,8
DA:417,1
DA:418,6
DA:427,1
DA:428,0
DA:437,1
DA:438,4
DA:439,4
DA:440,4
DA:456,1
DA:457,2
DA:458,2
DA:471,1
DA:472,2
DA:473,2
DA:490,1
DA:491,4
DA:492,4
DA:494,4
DA:498,4
DA:510,1
DA:511,6
DA:512,6
DA:514,6
DA:518,6
DA:519,6
DA:532,1
DA:533,4
DA:534,4
DA:559,1
DA:561,0
DA:563,0
DA:564,0
DA:570,0
DA:571,0
DA:583,1
DA:607,1
DA:608,0
DA:610,0
DA:611,0
DA:616,1
LF:120
LH:106
BRDA:377,1,0,2
BRDA:377,1,1,4
BRDA:495,2,0,4
BRDA:495,2,1,4
BRDA:515,3,0,6
BRDA:515,3,1,6
BRDA:561,4,0,0
BRDA:561,4,1,0
BRDA:565,5,0,0
BRDA:565,5,1,0
BRDA:565,5,2,0
BRDA:565,5,3,0
BRDA:566,6,0,0
BRDA:566,6,1,0
BRDA:566,6,2,0
BRDA:566,6,3,0
BRDA:567,7,0,0
BRDA:567,7,1,0
BRDA:567,7,2,0
BRDA:567,7,3,0
BRDA:568,8,0,0
BRDA:568,8,1,0
BRDA:568,8,2,0
BRDA:568,8,3,0
BRDA:608,9,0,0
BRDA:608,9,1,0
BRF:26
BRH:6
end_of_record
TN:
SF:/Users/erz/code/preceptorjs/taxi/lib/mouse.js
FN:19,Mouse
FN:68,(anonymous_2)
FN:85,(anonymous_3)
FN:100,(anonymous_4)
FN:111,(anonymous_5)
FN:113,(anonymous_6)
FN:129,(anonymous_7)
FN:130,(anonymous_8)
FN:143,(anonymous_9)
FN:154,(anonymous_10)
FN:164,(anonymous_11)
FN:165,(anonymous_12)
FN:177,(anonymous_13)
FN:178,(anonymous_14)
FN:190,(anonymous_15)
FN:191,(anonymous_16)
FN:204,(anonymous_17)
FN:205,(anonymous_18)
FN:217,(anonymous_19)
FN:218,(anonymous_20)
FN:231,(anonymous_21)
FN:232,(anonymous_22)
FNF:22
FNH:21
FNDA:44,Mouse
FNDA:128,(anonymous_2)
FNDA:20,(anonymous_3)
FNDA:0,(anonymous_4)
FNDA:24,(anonymous_5)
FNDA:4,(anonymous_6)
FNDA:2,(anonymous_7)
FNDA:2,(anonymous_8)
FNDA:12,(anonymous_9)
FNDA:10,(anonymous_10)
FNDA:2,(anonymous_11)
FNDA:2,(anonymous_12)
FNDA:2,(anonymous_13)
FNDA:2,(anonymous_14)
FNDA:2,(anonymous_15)
FNDA:2,(anonymous_16)
FNDA:4,(anonymous_17)
FNDA:4,(anonymous_18)
FNDA:2,(anonymous_19)
FNDA:2,(anonymous_20)
FNDA:4,(anonymous_21)
FNDA:4,(anonymous_22)
DA:3,1
DA:4,1
DA:5,1
DA:7,1
DA:19,1
DA:20,44
DA:21,44
DA:36,1
DA:45,1
DA:54,1
DA:68,1
DA:69,128
DA:70,128
DA:85,1
DA:86,20
DA:100,1
DA:101,0
DA:111,1
DA:112,24
DA:113,4
DA:114,4
DA:117,20
DA:129,1
DA:130,2
DA:131,2
DA:143,1
DA:144,12
DA:145,12
DA:146,12
DA:154,1
DA:155,10
DA:164,1
DA:165,2
DA:166,2
DA:177,1
DA:178,2
DA:179,2
DA:190,1
DA:191,2
DA:192,2
DA:204,1
DA:205,4
DA:206,4
DA:217,1
DA:218,2
DA:219,2
DA:231,1
DA:232,4
DA:233,4
DA:238,1
LF:50
LH:49
BRDA:112,1,0,4
BRDA:112,1,1,20
BRF:2
BRH:2
end_of_record
TN:
SF:/Users/erz/code/preceptorjs/taxi/lib/touch.js
FN:19,Touch
FN:36,(anonymous_2)
FN:53,(anonymous_3)
FN:68,(anonymous_4)
FN:78,(anonymous_5)
FN:87,(anonymous_6)
FN:96,(anonymous_7)
FN:108,(anonymous_8)
FN:111,(anonymous_9)
FN:121,(anonymous_10)
FN:122,(anonymous_11)
FN:135,(anonymous_12)
FN:138,(anonymous_13)
FN:148,(anonymous_14)
FN:149,(anonymous_15)
FN:162,(anonymous_16)
FN:165,(anonymous_17)
FN:175,(anonymous_18)
FN:176,(anonymous_19)
FNF:19
FNH:1
FNDA:2,Touch
FNDA:0,(anonymous_2)
FNDA:0,(anonymous_3)
FNDA:0,(anonymous_4)
FNDA:0,(anonymous_5)
FNDA:0,(anonymous_6)
FNDA:0,(anonymous_7)
FNDA:0,(anonymous_8)
FNDA:0,(anonymous_9)
FNDA:0,(anonymous_10)
FNDA:0,(anonymous_11)
FNDA:0,(anonymous_12)
FNDA:0,(anonymous_13)
FNDA:0,(anonymous_14)
FNDA:0,(anonymous_15)
FNDA:0,(anonymous_16)
FNDA:0,(anonymous_17)
FNDA:0,(anonymous_18)
FNDA:0,(anonymous_19)
DA:3,1
DA:4,1
DA:5,1
DA:7,1
DA:19,1
DA:20,2
DA:21,2
DA:36,1
DA:37,0
DA:38,0
DA:53,1
DA:54,0
DA:68,1
DA:69,0
DA:78,1
DA:79,0
DA:87,1
DA:88,0
DA:96,1
DA:97,0
DA:108,1
DA:109,0
DA:110,0
DA:111,0
DA:112,0
DA:121,1
DA:122,0
DA:123,0
DA:135,1
DA:136,0
DA:137,0
DA:138,0
DA:139,0
DA:148,1
DA:149,0
DA:150,0
DA:162,1
DA:163,0
DA:164,0
DA:165,0
DA:166,0
DA:175,1
DA:176,0
DA:177,0
DA:185,1
LF:45
LH:20
BRF:0
BRH:0
end_of_record
TN:
SF:/Users/erz/code/preceptorjs/taxi/lib/helpers/screenshot.js
FN:23,Screenshot
FN:39,(anonymous_2)
FN:56,(anonymous_3)
FN:71,(anonymous_4)
FN:84,(anonymous_5)
FN:86,(anonymous_6)
FN:103,(anonymous_7)
FN:105,(anonymous_8)
FN:118,(anonymous_9)
FN:136,(anonymous_10)
FN:138,(anonymous_11)
FN:161,(anonymous_12)
FN:163,(anonymous_13)
FN:190,(anonymous_14)
FN:192,(anonymous_15)
FN:219,(anonymous_16)
FN:223,(anonymous_17)
FN:227,(anonymous_18)
FN:229,(anonymous_19)
FN:246,(anonymous_20)
FN:251,(anonymous_21)
FN:253,(anonymous_22)
FN:262,(anonymous_23)
FN:279,(anonymous_24)
FN:296,(anonymous_25)
FN:338,(anonymous_26)
FN:339,(anonymous_27)
FN:381,(anonymous_28)
FN:389,(anonymous_29)
FN:391,(anonymous_30)
FN:393,(anonymous_31)
FN:395,(anonymous_32)
FN:426,(anonymous_33)
FN:427,(anonymous_34)
FN:432,(anonymous_35)
FN:456,(anonymous_36)
FN:457,(anonymous_37)
FN:478,(anonymous_38)
FN:553,(anonymous_39)
FN:608,(anonymous_40)
FN:693,(anonymous_41)
FN:746,(anonymous_42)
FN:748,(anonymous_43)
FN:751,(anonymous_44)
FN:769,(anonymous_45)
FN:771,(anonymous_46)
FN:789,(anonymous_47)
FN:797,(anonymous_48)
FN:800,(anonymous_49)
FN:802,(anonymous_50)
FN:805,(anonymous_51)
FN:826,(anonymous_52)
FN:857,(anonymous_53)
FN:866,(anonymous_54)
FN:868,(anonymous_55)
FN:909,(anonymous_56)
FNF:56
FNH:5
FNDA:4,Screenshot
FNDA:12,(anonymous_2)
FNDA:0,(anonymous_3)
FNDA:4,(anonymous_4)
FNDA:0,(anonymous_5)
FNDA:0,(anonymous_6)
FNDA:0,(anonymous_7)
FNDA:0,(anonymous_8)
FNDA:0,(anonymous_9)
FNDA:2,(anonymous_10)
FNDA:0,(anonymous_11)
FNDA:0,(anonymous_12)
FNDA:0,(anonymous_13)
FNDA:0,(anonymous_14)
FNDA:0,(anonymous_15)
FNDA:0,(anonymous_16)
FNDA:0,(anonymous_17)
FNDA:0,(anonymous_18)
FNDA:0,(anonymous_19)
FNDA:0,(anonymous_20)
FNDA:0,(anonymous_21)
FNDA:0,(anonymous_22)
FNDA:0,(anonymous_23)
FNDA:0,(anonymous_24)
FNDA:0,(anonymous_25)
FNDA:0,(anonymous_26)
FNDA:0,(anonymous_27)
FNDA:2,(anonymous_28)
FNDA:0,(anonymous_29)
FNDA:0,(anonymous_30)
FNDA:0,(anonymous_31)
FNDA:0,(anonymous_32)
FNDA:0,(anonymous_33)
FNDA:0,(anonymous_34)
FNDA:0,(anonymous_35)
FNDA:0,(anonymous_36)
FNDA:0,(anonymous_37)
FNDA:0,(anonymous_38)
FNDA:0,(anonymous_39)
FNDA:0,(anonymous_40)
FNDA:0,(anonymous_41)
FNDA:0,(anonymous_42)
FNDA:0,(anonymous_43)
FNDA:0,(anonymous_44)
FNDA:0,(anonymous_45)
FNDA:0,(anonymous_46)
FNDA:0,(anonymous_47)
FNDA:0,(anonymous_48)
FNDA:0,(anonymous_49)
FNDA:0,(anonymous_50)
FNDA:0,(anonymous_51)
FNDA:0,(anonymous_52)
FNDA:0,(anonymous_53)
FNDA:0,(anonymous_54)
FNDA:0,(anonymous_55)
FNDA:0,(anonymous_56)
DA:3,1
DA:4,1
DA:5,1
DA:7,1
DA:9,1
DA:10,1
DA:12,1
DA:23,1
DA:24,4
DA:39,1
DA:40,12
DA:41,12
DA:56,1
DA:57,0
DA:71,1
DA:72,4
DA:84,1
DA:86,0
DA:87,0
DA:91,0
DA:103,1
DA:105,0
DA:106,0
DA:118,1
DA:119,0
DA:136,1
DA:138,2
DA:139,0
DA:161,1
DA:163,0
DA:164,0
DA:190,1
DA:192,0
DA:194,0
DA:199,0
DA:219,1
DA:221,0
DA:223,0
DA:225,0
DA:227,0
DA:229,0
DA:230,0
DA:234,0
DA:236,0
DA:237,0
DA:239,0
DA:243,0
DA:248,0
DA:251,0
DA:252,0
DA:253,0
DA:254,0
DA:257,0
DA:262,0
DA:264,0
DA:265,0
DA:268,0
DA:269,0
DA:272,0
DA:274,0
DA:279,0
DA:280,0
DA:283,0
DA:296,1
DA:298,0
DA:299,0
DA:300,0
DA:302,0
DA:303,0
DA:304,0
DA:307,0
DA:308,0
DA:309,0
DA:311,0
DA:312,0
DA:313,0
DA:316,0
DA:317,0
DA:319,0
DA:320,0
DA:323,0
DA:324,0
DA:326,0
DA:327,0
DA:338,1
DA:339,0
DA:340,0
DA:341,0
DA:343,0
DA:344,0
DA:381,1
DA:383,2
DA:389,2
DA:391,0
DA:393,0
DA:395,0
DA:396,0
DA:398,0
DA:401,0
DA:406,0
DA:407,0
DA:411,0
DA:413,0
DA:416,0
DA:417,0
DA:418,0
DA:419,0
DA:421,0
DA:424,0
DA:426,0
DA:427,0
DA:430,0
DA:432,0
DA:435,0
DA:437,0
DA:456,1
DA:457,0
DA:458,0
DA:478,1
DA:480,0
DA:493,0
DA:496,0
DA:497,0
DA:498,0
DA:502,0
DA:503,0
DA:505,0
DA:508,0
DA:509,0
DA:510,0
DA:511,0
DA:512,0
DA:514,0
DA:515,0
DA:516,0
DA:517,0
DA:518,0
DA:520,0
DA:521,0
DA:522,0
DA:523,0
DA:524,0
DA:526,0
DA:553,1
DA:555,0
DA:556,0
DA:558,0
DA:559,0
DA:562,0
DA:563,0
DA:565,0
DA:566,0
DA:568,0
DA:569,0
DA:571,0
DA:572,0
DA:575,0
DA:576,0
DA:578,0
DA:579,0
DA:608,1
DA:610,0
DA:617,0
DA:620,0
DA:622,0
DA:628,0
DA:631,0
DA:633,0
DA:635,0
DA:636,0
DA:647,0
DA:648,0
DA:649,0
DA:651,0
DA:663,0
DA:666,0
DA:669,0
DA:693,1
DA:695,0
DA:709,0
DA:710,0
DA:712,0
DA:713,0
DA:715,0
DA:726,0
DA:730,0
DA:746,1
DA:748,0
DA:749,0
DA:752,0
DA:769,1
DA:771,0
DA:772,0
DA:789,1
DA:791,0
DA:797,0
DA:800,0
DA:802,0
DA:805,0
DA:807,0
DA:826,1
DA:828,0
DA:834,0
DA:837,0
DA:838,0
DA:840,0
DA:843,0
DA:857,1
DA:859,0
DA:861,0
DA:866,0
DA:868,0
DA:870,0
DA:875,0
DA:886,0
DA:891,0
DA:892,0
DA:895,0
DA:909,1
DA:910,0
DA:911,0
DA:914,0
DA:918,1
LF:223
LH:40
BRDA:194,1,0,0
BRDA:194,1,1,0
BRDA:195,2,0,0
BRDA:195,2,1,0
BRDA:196,3,0,0
BRDA:196,3,1,0
BRDA:197,4,0,0
BRDA:197,4,1,0
BRDA:221,5,0,0
BRDA:221,5,1,0
BRDA:225,6,0,0
BRDA:225,6,1,0
BRDA:234,7,0,0
BRDA:234,7,1,0
BRDA:236,8,0,0
BRDA:236,8,1,0
BRDA:252,9,0,0
BRDA:252,9,1,0
BRDA:252,10,0,0
BRDA:252,10,1,0
BRDA:272,11,0,0
BRDA:272,11,1,0
BRDA:280,12,0,0
BRDA:280,12,1,0
BRDA:298,13,0,0
BRDA:298,13,1,0
BRDA:302,14,0,0
BRDA:302,14,1,0
BRDA:307,15,0,0
BRDA:307,15,1,0
BRDA:311,16,0,0
BRDA:311,16,1,0
BRDA:316,17,0,0
BRDA:316,17,1,0
BRDA:319,18,0,0
BRDA:319,18,1,0
BRDA:323,19,0,0
BRDA:323,19,1,0
BRDA:326,20,0,0
BRDA:326,20,1,0
BRDA:340,21,0,0
BRDA:340,21,1,0
BRDA:343,22,0,0
BRDA:343,22,1,0
BRDA:406,23,0,0
BRDA:406,23,1,0
BRDA:411,24,0,0
BRDA:411,24,1,0
BRDA:411,24,2,0
BRDA:426,25,0,0
BRDA:426,25,1,0
BRDA:426,26,0,0
BRDA:426,26,1,0
BRDA:493,27,0,0
BRDA:493,27,1,0
BRDA:502,28,0,0
BRDA:502,28,1,0
BRDA:508,29,0,0
BRDA:508,29,1,0
BRDA:509,30,0,0
BRDA:509,30,1,0
BRDA:510,31,0,0
BRDA:510,31,1,0
BRDA:511,32,0,0
BRDA:511,32,1,0
BRDA:512,33,0,0
BRDA:512,33,1,0
BRDA:514,34,0,0
BRDA:514,34,1,0
BRDA:515,35,0,0
BRDA:515,35,1,0
BRDA:516,36,0,0
BRDA:516,36,1,0
BRDA:517,37,0,0
BRDA:517,37,1,0
BRDA:518,38,0,0
BRDA:518,38,1,0
BRDA:520,39,0,0
BRDA:520,39,1,0
BRDA:521,40,0,0
BRDA:521,40,1,0
BRDA:522,41,0,0
BRDA:522,41,1,0
BRDA:523,42,0,0
BRDA:523,42,1,0
BRDA:524,43,0,0
BRDA:524,43,1,0
BRDA:555,44,0,0
BRDA:555,44,1,0
BRDA:558,45,0,0
BRDA:558,45,1,0
BRDA:562,46,0,0
BRDA:562,46,1,0
BRDA:565,47,0,0
BRDA:565,47,1,0
BRDA:568,48,0,0
BRDA:568,48,1,0
BRDA:571,49,0,0
BRDA:571,49,1,0
BRDA:575,50,0,0
BRDA:575,50,1,0
BRDA:578,51,0,0
BRDA:578,51,1,0
BRDA:622,52,0,0
BRDA:622,52,1,0
BRDA:647,53,0,0
BRDA:647,53,1,0
BRDA:794,54,0,0
BRDA:794,54,1,0
BRDA:795,55,0,0
BRDA:795,55,1,0
BRDA:795,55,2,0
BRDA:834,56,0,0
BRDA:837,57,0,0
BRDA:837,57,1,0
BRDA:891,58,0,0
BRDA:891,58,1,0
BRDA:910,59,0,0
BRDA:910,59,1,0
BRF:119
BRH:0
end_of_record
TN:
SF:/Users/erz/code/preceptorjs/taxi/lib/scripts/screenshot.js
FN:10,(anonymous_1)
FN:74,(anonymous_2)
FN:93,(anonymous_3)
FNF:3
FNH:0
FNDA:0,(anonymous_1)
FNDA:0,(anonymous_2)
FNDA:0,(anonymous_3)
DA:1,1
DA:12,0
DA:23,0
DA:24,0
DA:27,0
DA:28,0
DA:29,0
DA:30,0
DA:31,0
DA:32,0
DA:33,0
DA:34,0
DA:35,0
DA:40,0
DA:41,0
DA:42,0
DA:43,0
DA:47,0
DA:48,0
DA:49,0
DA:50,0
DA:51,0
DA:52,0
DA:53,0
DA:54,0
DA:56,0
DA:58,0
DA:63,0
DA:65,0
DA:75,0
DA:78,0
DA:81,0
DA:94,0
DA:99,0
DA:101,0
DA:102,0
LF:36
LH:1
BRDA:23,1,0,0
BRDA:23,1,1,0
BRDA:23,1,2,0
BRDA:24,2,0,0
BRDA:24,2,1,0
BRDA:24,2,2,0
BRDA:47,3,0,0
BRDA:47,3,1,0
BRDA:49,4,0,0
BRDA:49,4,1,0
BRDA:51,5,0,0
BRDA:51,5,1,0
BRDA:53,6,0,0
BRDA:53,6,1,0
BRDA:101,7,0,0
BRDA:101,7,1,0
BRF:16
BRH:0
end_of_record
TN:
SF:/Users/erz/code/preceptorjs/taxi/lib/globalTouch.js
FN:17,GlobalTouch
FN:33,(anonymous_2)
FN:50,(anonymous_3)
FN:65,(anonymous_4)
FN:77,(anonymous_5)
FN:88,(anonymous_6)
FN:99,(anonymous_7)
FN:111,(anonymous_8)
FN:124,(anonymous_9)
FN:138,(anonymous_10)
FN:152,(anonymous_11)
FN:165,(anonymous_12)
FNF:12
FNH:1
FNDA:2,GlobalTouch
FNDA:0,(anonymous_2)
FNDA:0,(anonymous_3)
FNDA:0,(anonymous_4)
FNDA:0,(anonymous_5)
FNDA:0,(anonymous_6)
FNDA:0,(anonymous_7)
FNDA:0,(anonymous_8)
FNDA:0,(anonymous_9)
FNDA:0,(anonymous_10)
FNDA:0,(anonymous_11)
FNDA:0,(anonymous_12)
DA:3,1
DA:4,1
DA:6,1
DA:17,1
DA:18,2
DA:33,1
DA:34,0
DA:35,0
DA:50,1
DA:51,0
DA:65,1
DA:66,0
DA:77,1
DA:78,0
DA:88,1
DA:89,0
DA:99,1
DA:100,0
DA:111,1
DA:112,0
DA:113,0
DA:114,0
DA:124,1
DA:125,0
DA:126,0
DA:127,0
DA:138,1
DA:139,0
DA:140,0
DA:141,0
DA:152,1
DA:153,0
DA:154,0
DA:155,0
DA:165,1
DA:166,0
DA:167,0
DA:168,0
DA:172,1
LF:39
LH:17
BRF:0
BRH:0
end_of_record
TN:
SF:/Users/erz/code/preceptorjs/taxi/lib/globalMouse.js
FN:20,GlobalMouse
FN:36,(anonymous_2)
FN:53,(anonymous_3)
FN:68,(anonymous_4)
FN:85,(anonymous_5)
FN:106,(anonymous_6)
FN:119,(anonymous_7)
FN:133,(anonymous_8)
FN:134,(anonymous_9)
FN:144,(anonymous_10)
FN:155,(anonymous_11)
FN:156,(anonymous_12)
FN:168,(anonymous_13)
FN:182,(anonymous_14)
FN:183,(anonymous_15)
FN:195,(anonymous_16)
FN:209,(anonymous_17)
FN:210,(anonymous_18)
FNF:18
FNH:8
FNDA:46,GlobalMouse
FNDA:44,(anonymous_2)
FNDA:44,(anonymous_3)
FNDA:0,(anonymous_4)
FNDA:22,(anonymous_5)
FNDA:0,(anonymous_6)
FNDA:6,(anonymous_7)
FNDA:0,(anonymous_8)
FNDA:0,(anonymous_9)
FNDA:4,(anonymous_10)
FNDA:0,(anonymous_11)
FNDA:0,(anonymous_12)
FNDA:6,(anonymous_13)
FNDA:0,(anonymous_14)
FNDA:0,(anonymous_15)
FNDA:6,(anonymous_16)
FNDA:0,(anonymous_17)
FNDA:0,(anonymous_18)
DA:3,1
DA:4,1
DA:5,1
DA:7,1
DA:9,1
DA:20,1
DA:21,46
DA:36,1
DA:37,44
DA:38,44
DA:53,1
DA:54,44
DA:68,1
DA:69,0
DA:85,1
DA:86,22
DA:88,22
DA:89,22
DA:91,22
DA:92,12
DA:93,12
DA:96,22
DA:106,1
DA:107,0
DA:108,0
DA:109,0
DA:119,1
DA:120,6
DA:121,6
DA:122,6
DA:133,1
DA:134,0
DA:135,0
DA:144,1
DA:145,4
DA:155,1
DA:156,0
DA:157,0
DA:168,1
DA:169,6
DA:170,6
DA:171,6
DA:182,1
DA:183,0
DA:184,0
DA:195,1
DA:196,6
DA:197,6
DA:198,6
DA:209,1
DA:210,0
DA:211,0
DA:216,1
LF:53
LH:41
BRDA:88,1,0,22
BRDA:88,1,1,0
BRDA:91,2,0,12
BRDA:91,2,1,10
BRDA:91,3,0,22
BRDA:91,3,1,10
BRDA:120,4,0,6
BRDA:120,4,1,0
BRDA:169,5,0,6
BRDA:169,5,1,6
BRDA:196,6,0,6
BRDA:196,6,1,6
BRF:12
BRH:10
end_of_record
TN:
SF:/Users/erz/code/preceptorjs/taxi/lib/navigator.js
FN:18,Navigator
FN:34,(anonymous_2)
FN:51,(anonymous_3)
FN:66,(anonymous_4)
FN:76,(anonymous_5)
FN:85,(anonymous_6)
FN:94,(anonymous_7)
FN:105,(anonymous_8)
FN:119,(anonymous_9)
FN:125,(anonymous_10)
FNF:10
FNH:8
FNDA:20,Navigator
FNDA:36,(anonymous_2)
FNDA:8,(anonymous_3)
FNDA:0,(anonymous_4)
FNDA:2,(anonymous_5)
FNDA:4,(anonymous_6)
FNDA:2,(anonymous_7)
FNDA:8,(anonymous_8)
FNDA:2,(anonymous_9)
FNDA:0,(anonymous_10)
DA:3,1
DA:4,1
DA:5,1
DA:7,1
DA:18,1
DA:19,20
DA:34,1
DA:35,36
DA:36,36
DA:51,1
DA:52,8
DA:66,1
DA:67,0
DA:76,1
DA:77,2
DA:85,1
DA:86,4
DA:94,1
DA:95,2
DA:105,1
DA:106,8
DA:119,1
DA:120,2
DA:122,2
DA:123,0
DA:124,2
DA:125,0
DA:126,0
DA:130,2
DA:141,1
DA:144,1
LF:31
LH:27
BRDA:122,1,0,0
BRDA:122,1,1,2
BRDA:124,2,0,0
BRDA:124,2,1,2
BRF:4
BRH:2
end_of_record
TN:
SF:/Users/erz/code/preceptorjs/taxi/lib/frame.js
FN:18,Frame
FN:34,(anonymous_2)
FN:51,(anonymous_3)
FN:66,(anonymous_4)
FN:76,(anonymous_5)
FN:86,(anonymous_6)
FN:95,(anonymous_7)
FNF:7
FNH:1
FNDA:2,Frame
FNDA:0,(anonymous_2)
FNDA:0,(anonymous_3)
FNDA:0,(anonymous_4)
FNDA:0,(anonymous_5)
FNDA:0,(anonymous_6)
FNDA:0,(anonymous_7)
DA:3,1
DA:4,1
DA:7,1
DA:18,1
DA:19,2
DA:34,1
DA:35,0
DA:36,0
DA:51,1
DA:52,0
DA:66,1
DA:67,0
DA:76,1
DA:77,0
DA:86,1
DA:87,0
DA:95,1
DA:96,0
DA:100,1
LF:19
LH:12
BRF:0
BRH:0
end_of_record
TN:
SF:/Users/erz/code/preceptorjs/taxi/lib/window.js
FN:19,WindowHandler
FN:36,(anonymous_2)
FN:53,(anonymous_3)
FN:68,(anonymous_4)
FN:80,(anonymous_5)
FN:91,(anonymous_6)
FN:105,(anonymous_7)
FN:120,(anonymous_8)
FN:131,(anonymous_9)
FN:143,(anonymous_10)
FN:154,(anonymous_11)
FN:165,(anonymous_12)
FNF:12
FNH:9
FNDA:0,WindowHandler
FNDA:0,(anonymous_2)
FNDA:14,(anonymous_3)
FNDA:0,(anonymous_4)
FNDA:2,(anonymous_5)
FNDA:2,(anonymous_6)
FNDA:2,(anonymous_7)
FNDA:4,(anonymous_8)
FNDA:2,(anonymous_9)
FNDA:2,(anonymous_10)
FNDA:4,(anonymous_11)
FNDA:2,(anonymous_12)
DA:3,1
DA:4,1
DA:5,1
DA:7,1
DA:19,1
DA:20,0
DA:21,0
DA:36,1
DA:37,0
DA:38,0
DA:53,1
DA:54,14
DA:68,1
DA:69,0
DA:80,1
DA:81,2
DA:91,1
DA:92,2
DA:93,2
DA:95,0
DA:105,1
DA:106,2
DA:107,2
DA:109,0
DA:120,1
DA:121,4
DA:131,1
DA:132,2
DA:133,2
DA:134,2
DA:143,1
DA:144,2
DA:154,1
DA:155,4
DA:165,1
DA:166,2
DA:167,2
DA:168,2
DA:172,1
LF:39
LH:32
BRDA:92,1,0,2
BRDA:92,1,1,0
BRDA:106,2,0,2
BRDA:106,2,1,0
BRF:4
BRH:2
end_of_record
TN:
SF:/Users/erz/code/preceptorjs/taxi/lib/browser.js
FN:24,Browser
FN:40,(anonymous_2)
FN:56,(anonymous_3)
FN:94,(anonymous_4)
FN:105,(anonymous_5)
FN:116,(anonymous_6)
FN:130,(anonymous_7)
FN:140,(anonymous_8)
FN:141,(anonymous_9)
FN:142,(anonymous_10)
FN:155,(anonymous_11)
FN:165,(anonymous_12)
FN:177,(anonymous_13)
FN:189,(anonymous_14)
FN:204,(anonymous_15)
FN:216,(anonymous_16)
FN:227,(anonymous_17)
FNF:17
FNH:6
FNDA:474,Browser
FNDA:1160,(anonymous_2)
FNDA:0,(anonymous_3)
FNDA:0,(anonymous_4)
FNDA:0,(anonymous_5)
FNDA:0,(anonymous_6)
FNDA:288,(anonymous_7)
FNDA:0,(anonymous_8)
FNDA:0,(anonymous_9)
FNDA:0,(anonymous_10)
FNDA:0,(anonymous_11)
FNDA:0,(anonymous_12)
FNDA:0,(anonymous_13)
FNDA:0,(anonymous_14)
FNDA:2,(anonymous_15)
FNDA:24,(anonymous_16)
FNDA:22,(anonymous_17)
DA:3,1
DA:4,1
DA:5,1
DA:7,1
DA:8,1
DA:9,1
DA:10,1
DA:11,1
DA:13,1
DA:24,1
DA:25,474
DA:40,1
DA:41,1160
DA:42,1160
DA:56,1
DA:57,0
DA:72,1
DA:81,1
DA:94,1
DA:95,0
DA:105,1
DA:106,0
DA:108,0
DA:110,0
DA:111,0
DA:113,0
DA:116,0
DA:117,0
DA:130,1
DA:131,288
DA:140,1
DA:141,0
DA:142,0
DA:143,0
DA:155,1
DA:156,0
DA:165,1
DA:166,0
DA:167,0
DA:177,1
DA:178,0
DA:189,1
DA:190,0
DA:191,0
DA:192,0
DA:193,0
DA:204,1
DA:205,2
DA:216,1
DA:217,24
DA:227,1
DA:228,22
DA:232,1
LF:53
LH:33
BRDA:110,1,0,0
BRDA:110,1,1,0
BRF:2
BRH:0
end_of_record
TN:
SF:/Users/erz/code/preceptorjs/taxi/lib/ime.js
FN:17,IME
FN:33,(anonymous_2)
FN:50,(anonymous_3)
FN:65,(anonymous_4)
FN:76,(anonymous_5)
FN:87,(anonymous_6)
FN:97,(anonymous_7)
FN:114,(anonymous_8)
FN:124,(anonymous_9)
FNF:9
FNH:1
FNDA:2,IME
FNDA:0,(anonymous_2)
FNDA:0,(anonymous_3)
FNDA:0,(anonymous_4)
FNDA:0,(anonymous_5)
FNDA:0,(anonymous_6)
FNDA:0,(anonymous_7)
FNDA:0,(anonymous_8)
FNDA:0,(anonymous_9)
DA:3,1
DA:4,1
DA:6,1
DA:17,1
DA:18,2
DA:33,1
DA:34,0
DA:35,0
DA:50,1
DA:51,0
DA:65,1
DA:66,0
DA:76,1
DA:77,0
DA:87,1
DA:88,0
DA:97,1
DA:98,0
DA:114,1
DA:115,0
DA:116,0
DA:124,1
DA:125,0
DA:129,1
LF:24
LH:14
BRF:0
BRH:0
end_of_record
TN:
SF:/Users/erz/code/preceptorjs/taxi/lib/localStorage.js
FN:17,LocalStorage
FN:33,(anonymous_2)
FN:50,(anonymous_3)
FN:65,(anonymous_4)
FN:76,(anonymous_5)
FN:87,(anonymous_6)
FN:99,(anonymous_7)
FN:111,(anonymous_8)
FN:121,(anonymous_9)
FN:131,(anonymous_10)
FNF:10
FNH:9
FNDA:22,LocalStorage
FNDA:40,(anonymous_2)
FNDA:20,(anonymous_3)
FNDA:0,(anonymous_4)
FNDA:4,(anonymous_5)
FNDA:2,(anonymous_6)
FNDA:4,(anonymous_7)
FNDA:2,(anonymous_8)
FNDA:2,(anonymous_9)
FNDA:6,(anonymous_10)
DA:3,1
DA:4,1
DA:6,1
DA:17,1
DA:18,22
DA:33,1
DA:34,40
DA:35,40
DA:50,1
DA:51,20
DA:65,1
DA:66,0
DA:76,1
DA:77,4
DA:87,1
DA:88,2
DA:89,2
DA:99,1
DA:100,4
DA:101,4
DA:102,4
DA:111,1
DA:112,2
DA:113,2
DA:121,1
DA:122,2
DA:131,1
DA:132,6
DA:135,1
LF:29
LH:28
BRF:0
BRH:0
end_of_record
TN:
SF:/Users/erz/code/preceptorjs/taxi/lib/cookieStorage.js
FN:23,CookieStorage
FN:39,(anonymous_2)
FN:56,(anonymous_3)
FN:71,(anonymous_4)
FN:82,(anonymous_5)
FN:83,(anonymous_6)
FN:84,(anonymous_7)
FN:96,(anonymous_8)
FN:97,(anonymous_9)
FN:98,(anonymous_10)
FN:111,(anonymous_11)
FN:114,(anonymous_12)
FN:115,(anonymous_13)
FN:128,(anonymous_14)
FN:135,(anonymous_15)
FN:149,(anonymous_16)
FN:159,(anonymous_17)
FN:169,(anonymous_18)
FN:170,(anonymous_19)
FNF:19
FNH:18
FNDA:24,CookieStorage
FNDA:60,(anonymous_2)
FNDA:22,(anonymous_3)
FNDA:0,(anonymous_4)
FNDA:10,(anonymous_5)
FNDA:10,(anonymous_6)
FNDA:12,(anonymous_7)
FNDA:4,(anonymous_8)
FNDA:4,(anonymous_9)
FNDA:6,(anonymous_10)
FNDA:2,(anonymous_11)
FNDA:2,(anonymous_12)
FNDA:4,(anonymous_13)
FNDA:4,(anonymous_14)
FNDA:4,(anonymous_15)
FNDA:2,(anonymous_16)
FNDA:2,(anonymous_17)
FNDA:6,(anonymous_18)
FNDA:6,(anonymous_19)
DA:3,1
DA:5,1
DA:6,1
DA:7,1
DA:9,1
DA:12,1
DA:23,1
DA:24,24
DA:39,1
DA:40,60
DA:41,60
DA:56,1
DA:57,22
DA:71,1
DA:72,0
DA:82,1
DA:83,10
DA:84,10
DA:85,12
DA:96,1
DA:97,4
DA:98,4
DA:99,6
DA:111,1
DA:112,2
DA:114,2
DA:115,2
DA:116,4
DA:118,2
DA:128,1
DA:129,4
DA:130,4
DA:132,4
DA:133,0
DA:135,4
DA:136,4
DA:137,4
DA:149,1
DA:150,2
DA:151,2
DA:159,1
DA:160,2
DA:169,1
DA:170,6
DA:171,6
DA:176,1
LF:46
LH:44
BRDA:118,1,0,2
BRDA:118,1,1,0
BRDA:132,2,0,0
BRDA:132,2,1,4
BRF:4
BRH:2
end_of_record
TN:
SF:/Users/erz/code/preceptorjs/taxi/lib/cookie.js
FN:17,Cookie
FN:34,(anonymous_2)
FN:45,(anonymous_3)
FN:59,(anonymous_4)
FN:70,(anonymous_5)
FN:84,(anonymous_6)
FN:95,(anonymous_7)
FN:108,(anonymous_8)
FN:119,(anonymous_9)
FN:133,(anonymous_10)
FN:144,(anonymous_11)
FN:158,(anonymous_12)
FN:169,(anonymous_13)
FN:183,(anonymous_14)
FN:194,(anonymous_15)
FN:208,(anonymous_16)
FN:218,(anonymous_17)
FNF:17
FNH:17
FNDA:18,Cookie
FNDA:10,(anonymous_2)
FNDA:6,(anonymous_3)
FNDA:6,(anonymous_4)
FNDA:6,(anonymous_5)
FNDA:4,(anonymous_6)
FNDA:2,(anonymous_7)
FNDA:8,(anonymous_8)
FNDA:6,(anonymous_9)
FNDA:4,(anonymous_10)
FNDA:2,(anonymous_11)
FNDA:4,(anonymous_12)
FNDA:2,(anonymous_13)
FNDA:4,(anonymous_14)
FNDA:2,(anonymous_15)
FNDA:6,(anonymous_16)
FNDA:48,(anonymous_17)
DA:3,1
DA:6,1
DA:17,1
DA:18,18
DA:19,18
DA:34,1
DA:35,10
DA:45,1
DA:46,6
DA:47,6
DA:48,6
DA:59,1
DA:60,6
DA:70,1
DA:71,6
DA:72,6
DA:73,6
DA:84,1
DA:85,4
DA:95,1
DA:96,2
DA:97,2
DA:98,2
DA:108,1
DA:109,8
DA:119,1
DA:120,6
DA:121,6
DA:122,6
DA:133,1
DA:134,4
DA:144,1
DA:145,2
DA:146,2
DA:147,2
DA:158,1
DA:159,4
DA:169,1
DA:170,2
DA:171,2
DA:172,2
DA:183,1
DA:184,4
DA:194,1
DA:195,2
DA:196,2
DA:197,2
DA:208,1
DA:209,6
DA:218,1
DA:220,48
DA:221,4
DA:222,0
DA:224,4
DA:225,0
DA:229,48
DA:230,6
DA:234,48
LF:58
LH:56
BRDA:18,1,0,18
BRDA:18,1,1,6
BRDA:220,2,0,4
BRDA:220,2,1,44
BRDA:221,3,0,0
BRDA:221,3,1,4
BRDA:224,4,0,0
BRDA:224,4,1,4
BRDA:229,5,0,6
BRDA:229,5,1,42
BRDA:234,6,0,16
BRDA:234,6,1,32
BRF:12
BRH:10
end_of_record
TN:
SF:/Users/erz/code/preceptorjs/taxi/lib/chain.js
FN:59,Chain
FN:74,(anonymous_2)
FN:91,(anonymous_3)
FN:111,(anonymous_4)
FN:137,(anonymous_5)
FN:138,(anonymous_6)
FN:142,(anonymous_7)
FN:144,(anonymous_8)
FN:160,(anonymous_9)
FN:161,(anonymous_10)
FN:162,(anonymous_11)
FN:178,(anonymous_12)
FN:220,(anonymous_13)
FN:221,(anonymous_14)
FN:262,(anonymous_15)
FN:263,(anonymous_16)
FN:264,(anonymous_17)
FN:309,(anonymous_18)
FN:310,(anonymous_19)
FN:311,(anonymous_20)
FN:352,(anonymous_21)
FN:353,(anonymous_22)
FN:354,(anonymous_23)
FN:395,(anonymous_24)
FN:396,(anonymous_25)
FN:397,(anonymous_26)
FN:445,(anonymous_27)
FN:446,(anonymous_28)
FN:447,(anonymous_29)
FN:483,(anonymous_30)
FN:484,(anonymous_31)
FN:485,(anonymous_32)
FN:518,(anonymous_33)
FN:519,(anonymous_34)
FN:520,(anonymous_35)
FN:557,(anonymous_36)
FN:558,(anonymous_37)
FN:559,(anonymous_38)
FN:592,(anonymous_39)
FN:593,(anonymous_40)
FN:594,(anonymous_41)
FN:630,(anonymous_42)
FN:631,(anonymous_43)
FN:632,(anonymous_44)
FN:665,(anonymous_45)
FN:666,(anonymous_46)
FN:667,(anonymous_47)
FN:700,(anonymous_48)
FN:701,(anonymous_49)
FN:702,(anonymous_50)
FN:737,(anonymous_51)
FN:738,(anonymous_52)
FN:739,(anonymous_53)
FN:775,(anonymous_54)
FN:776,(anonymous_55)
FN:777,(anonymous_56)
FN:812,(anonymous_57)
FN:813,(anonymous_58)
FN:814,(anonymous_59)
FN:849,(anonymous_60)
FN:850,(anonymous_61)
FN:851,(anonymous_62)
FN:886,(anonymous_63)
FN:887,(anonymous_64)
FN:888,(anonymous_65)
FN:925,(anonymous_66)
FN:926,(anonymous_67)
FN:927,(anonymous_68)
FN:962,(anonymous_69)
FN:963,(anonymous_70)
FN:964,(anonymous_71)
FN:999,(anonymous_72)
FN:1000,(anonymous_73)
FN:1001,(anonymous_74)
FN:1142,(anonymous_75)
FN:1143,(anonymous_76)
FN:1144,(anonymous_77)
FN:1231,(anonymous_78)
FN:1238,(anonymous_79)
FN:1240,(anonymous_80)
FN:1285,(anonymous_81)
FN:1286,(anonymous_82)
FN:1287,(anonymous_83)
FN:1330,(anonymous_84)
FN:1331,(anonymous_85)
FN:1332,(anonymous_86)
FN:1373,(anonymous_87)
FN:1374,(anonymous_88)
FN:1375,(anonymous_89)
FN:1418,(anonymous_90)
FN:1419,(anonymous_91)
FN:1420,(anonymous_92)
FN:1452,(anonymous_93)
FN:1453,(anonymous_94)
FN:1454,(anonymous_95)
FN:1488,(anonymous_96)
FN:1489,(anonymous_97)
FN:1490,(anonymous_98)
FN:1526,(anonymous_99)
FN:1527,(anonymous_100)
FN:1528,(anonymous_101)
FN:1562,(anonymous_102)
FN:1563,(anonymous_103)
FN:1564,(anonymous_104)
FN:1596,(anonymous_105)
FN:1597,(anonymous_106)
FN:1598,(anonymous_107)
FN:1630,(anonymous_108)
FN:1631,(anonymous_109)
FN:1632,(anonymous_110)
FN:1664,(anonymous_111)
FN:1665,(anonymous_112)
FN:1666,(anonymous_113)
FN:1707,(anonymous_114)
FN:1710,(anonymous_115)
FN:1739,(anonymous_116)
FN:1742,(anonymous_117)
FN:1779,(anonymous_118)
FN:1782,(anonymous_119)
FN:1819,(anonymous_120)
FN:1822,(anonymous_121)
FN:1863,(anonymous_122)
FN:1866,(anonymous_123)
FN:1911,(anonymous_124)
FN:1914,(anonymous_125)
FN:1959,(anonymous_126)
FN:1962,(anonymous_127)
FN:2011,(anonymous_128)
FN:2014,(anonymous_129)
FN:2043,(anonymous_130)
FN:2046,(anonymous_131)
FN:2074,(anonymous_132)
FN:2077,(anonymous_133)
FN:2106,(anonymous_134)
FN:2109,(anonymous_135)
FN:2138,(anonymous_136)
FN:2141,(anonymous_137)
FN:2172,(anonymous_138)
FN:2175,(anonymous_139)
FN:2205,(anonymous_140)
FN:2208,(anonymous_141)
FN:2238,(anonymous_142)
FN:2241,(anonymous_143)
FN:2284,(anonymous_144)
FN:2287,(anonymous_145)
FN:2326,(anonymous_146)
FN:2329,(anonymous_147)
FN:2359,(anonymous_148)
FN:2362,(anonymous_149)
FN:2395,(anonymous_150)
FN:2398,(anonymous_151)
FN:2427,(anonymous_152)
FN:2430,(anonymous_153)
FN:2458,(anonymous_154)
FN:2461,(anonymous_155)
FN:2489,(anonymous_156)
FN:2492,(anonymous_157)
FN:2520,(anonymous_158)
FN:2523,(anonymous_159)
FN:2559,(anonymous_160)
FN:2562,(anonymous_161)
FN:2596,(anonymous_162)
FN:2599,(anonymous_163)
FN:2632,(anonymous_164)
FN:2635,(anonymous_165)
FN:2668,(anonymous_166)
FN:2671,(anonymous_167)
FN:2705,(anonymous_168)
FN:2708,(anonymous_169)
FN:2735,(anonymous_170)
FN:2738,(anonymous_171)
FN:2775,(anonymous_172)
FN:2778,(anonymous_173)
FN:2806,(anonymous_174)
FN:2809,(anonymous_175)
FN:2841,(anonymous_176)
FN:2842,(anonymous_177)
FN:2866,(anonymous_178)
FN:2899,(anonymous_179)
FN:2903,(anonymous_180)
FN:2904,(anonymous_181)
FN:2907,(anonymous_182)
FN:2909,(anonymous_183)
FN:2940,(anonymous_184)
FN:2944,(anonymous_185)
FN:2945,(anonymous_186)
FN:2947,(anonymous_187)
FN:2950,(anonymous_188)
FN:2952,(anonymous_189)
FN:2983,(anonymous_190)
FN:2987,(anonymous_191)
FN:2988,(anonymous_192)
FN:2991,(anonymous_193)
FN:2993,(anonymous_194)
FN:3024,(anonymous_195)
FN:3028,(anonymous_196)
FN:3029,(anonymous_197)
FN:3031,(anonymous_198)
FN:3034,(anonymous_199)
FN:3036,(anonymous_200)
FN:3068,(anonymous_201)
FN:3071,(anonymous_202)
FN:3101,(anonymous_203)
FN:3104,(anonymous_204)
FN:3135,(anonymous_205)
FN:3138,(anonymous_206)
FN:3168,(anonymous_207)
FN:3171,(anonymous_208)
FN:3199,(anonymous_209)
FN:3202,(anonymous_210)
FNF:210
FNH:0
FNDA:0,Chain
FNDA:0,(anonymous_2)
FNDA:0,(anonymous_3)
FNDA:0,(anonymous_4)
FNDA:0,(anonymous_5)
FNDA:0,(anonymous_6)
FNDA:0,(anonymous_7)
FNDA:0,(anonymous_8)
FNDA:0,(anonymous_9)
FNDA:0,(anonymous_10)
FNDA:0,(anonymous_11)
FNDA:0,(anonymous_12)
FNDA:0,(anonymous_13)
FNDA:0,(anonymous_14)
FNDA:0,(anonymous_15)
FNDA:0,(anonymous_16)
FNDA:0,(anonymous_17)
FNDA:0,(anonymous_18)
FNDA:0,(anonymous_19)
FNDA:0,(anonymous_20)
FNDA:0,(anonymous_21)
FNDA:0,(anonymous_22)
FNDA:0,(anonymous_23)
FNDA:0,(anonymous_24)
FNDA:0,(anonymous_25)
FNDA:0,(anonymous_26)
FNDA:0,(anonymous_27)
FNDA:0,(anonymous_28)
FNDA:0,(anonymous_29)
FNDA:0,(anonymous_30)
FNDA:0,(anonymous_31)
FNDA:0,(anonymous_32)
FNDA:0,(anonymous_33)
FNDA:0,(anonymous_34)
FNDA:0,(anonymous_35)
FNDA:0,(anonymous_36)
FNDA:0,(anonymous_37)
FNDA:0,(anonymous_38)
FNDA:0,(anonymous_39)
FNDA:0,(anonymous_40)
FNDA:0,(anonymous_41)
FNDA:0,(anonymous_42)
FNDA:0,(anonymous_43)
FNDA:0,(anonymous_44)
FNDA:0,(anonymous_45)
FNDA:0,(anonymous_46)
FNDA:0,(anonymous_47)
FNDA:0,(anonymous_48)
FNDA:0,(anonymous_49)
FNDA:0,(anonymous_50)
FNDA:0,(anonymous_51)
FNDA:0,(anonymous_52)
FNDA:0,(anonymous_53)
FNDA:0,(anonymous_54)
FNDA:0,(anonymous_55)
FNDA:0,(anonymous_56)
FNDA:0,(anonymous_57)
FNDA:0,(anonymous_58)
FNDA:0,(anonymous_59)
FNDA:0,(anonymous_60)
FNDA:0,(anonymous_61)
FNDA:0,(anonymous_62)
FNDA:0,(anonymous_63)
FNDA:0,(anonymous_64)
FNDA:0,(anonymous_65)
FNDA:0,(anonymous_66)
FNDA:0,(anonymous_67)
FNDA:0,(anonymous_68)
FNDA:0,(anonymous_69)
FNDA:0,(anonymous_70)
FNDA:0,(anonymous_71)
FNDA:0,(anonymous_72)
FNDA:0,(anonymous_73)
FNDA:0,(anonymous_74)
FNDA:0,(anonymous_75)
FNDA:0,(anonymous_76)
FNDA:0,(anonymous_77)
FNDA:0,(anonymous_78)
FNDA:0,(anonymous_79)
FNDA:0,(anonymous_80)
FNDA:0,(anonymous_81)
FNDA:0,(anonymous_82)
FNDA:0,(anonymous_83)
FNDA:0,(anonymous_84)
FNDA:0,(anonymous_85)
FNDA:0,(anonymous_86)
FNDA:0,(anonymous_87)
FNDA:0,(anonymous_88)
FNDA:0,(anonymous_89)
FNDA:0,(anonymous_90)
FNDA:0,(anonymous_91)
FNDA:0,(anonymous_92)
FNDA:0,(anonymous_93)
FNDA:0,(anonymous_94)
FNDA:0,(anonymous_95)
FNDA:0,(anonymous_96)
FNDA:0,(anonymous_97)
FNDA:0,(anonymous_98)
FNDA:0,(anonymous_99)
FNDA:0,(anonymous_100)
FNDA:0,(anonymous_101)
FNDA:0,(anonymous_102)
FNDA:0,(anonymous_103)
FNDA:0,(anonymous_104)
FNDA:0,(anonymous_105)
FNDA:0,(anonymous_106)
FNDA:0,(anonymous_107)
FNDA:0,(anonymous_108)
FNDA:0,(anonymous_109)
FNDA:0,(anonymous_110)
FNDA:0,(anonymous_111)
FNDA:0,(anonymous_112)
FNDA:0,(anonymous_113)
FNDA:0,(anonymous_114)
FNDA:0,(anonymous_115)
FNDA:0,(anonymous_116)
FNDA:0,(anonymous_117)
FNDA:0,(anonymous_118)
FNDA:0,(anonymous_119)
FNDA:0,(anonymous_120)
FNDA:0,(anonymous_121)
FNDA:0,(anonymous_122)
FNDA:0,(anonymous_123)
FNDA:0,(anonymous_124)
FNDA:0,(anonymous_125)
FNDA:0,(anonymous_126)
FNDA:0,(anonymous_127)
FNDA:0,(anonymous_128)
FNDA:0,(anonymous_129)
FNDA:0,(anonymous_130)
FNDA:0,(anonymous_131)
FNDA:0,(anonymous_132)
FNDA:0,(anonymous_133)
FNDA:0,(anonymous_134)
FNDA:0,(anonymous_135)
FNDA:0,(anonymous_136)
FNDA:0,(anonymous_137)
FNDA:0,(anonymous_138)
FNDA:0,(anonymous_139)
FNDA:0,(anonymous_140)
FNDA:0,(anonymous_141)
FNDA:0,(anonymous_142)
FNDA:0,(anonymous_143)
FNDA:0,(anonymous_144)
FNDA:0,(anonymous_145)
FNDA:0,(anonymous_146)
FNDA:0,(anonymous_147)
FNDA:0,(anonymous_148)
FNDA:0,(anonymous_149)
FNDA:0,(anonymous_150)
FNDA:0,(anonymous_151)
FNDA:0,(anonymous_152)
FNDA:0,(anonymous_153)
FNDA:0,(anonymous_154)
FNDA:0,(anonymous_155)
FNDA:0,(anonymous_156)
FNDA:0,(anonymous_157)
FNDA:0,(anonymous_158)
FNDA:0,(anonymous_159)
FNDA:0,(anonymous_160)
FNDA:0,(anonymous_161)
FNDA:0,(anonymous_162)
FNDA:0,(anonymous_163)
FNDA:0,(anonymous_164)
FNDA:0,(anonymous_165)
FNDA:0,(anonymous_166)
FNDA:0,(anonymous_167)
FNDA:0,(anonymous_168)
FNDA:0,(anonymous_169)
FNDA:0,(anonymous_170)
FNDA:0,(anonymous_171)
FNDA:0,(anonymous_172)
FNDA:0,(anonymous_173)
FNDA:0,(anonymous_174)
FNDA:0,(anonymous_175)
FNDA:0,(anonymous_176)
FNDA:0,(anonymous_177)
FNDA:0,(anonymous_178)
FNDA:0,(anonymous_179)
FNDA:0,(anonymous_180)
FNDA:0,(anonymous_181)
FNDA:0,(anonymous_182)
FNDA:0,(anonymous_183)
FNDA:0,(anonymous_184)
FNDA:0,(anonymous_185)
FNDA:0,(anonymous_186)
FNDA:0,(anonymous_187)
FNDA:0,(anonymous_188)
FNDA:0,(anonymous_189)
FNDA:0,(anonymous_190)
FNDA:0,(anonymous_191)
FNDA:0,(anonymous_192)
FNDA:0,(anonymous_193)
FNDA:0,(anonymous_194)
FNDA:0,(anonymous_195)
FNDA:0,(anonymous_196)
FNDA:0,(anonymous_197)
FNDA:0,(anonymous_198)
FNDA:0,(anonymous_199)
FNDA:0,(anonymous_200)
FNDA:0,(anonymous_201)
FNDA:0,(anonymous_202)
FNDA:0,(anonymous_203)
FNDA:0,(anonymous_204)
FNDA:0,(anonymous_205)
FNDA:0,(anonymous_206)
FNDA:0,(anonymous_207)
FNDA:0,(anonymous_208)
FNDA:0,(anonymous_209)
FNDA:0,(anonymous_210)
DA:3,1
DA:4,1
DA:5,1
DA:7,1
DA:59,1
DA:60,0
DA:74,1
DA:75,0
DA:76,0
DA:91,1
DA:92,0
DA:111,1
DA:112,0
DA:124,1
DA:137,1
DA:138,0
DA:139,0
DA:140,0
DA:142,0
DA:143,0
DA:145,0
DA:160,1
DA:161,0
DA:162,0
DA:163,0
DA:178,1
DA:179,0
DA:220,1
DA:221,0
DA:222,0
DA:223,0
DA:262,1
DA:263,0
DA:264,0
DA:265,0
DA:266,0
DA:309,1
DA:310,0
DA:311,0
DA:312,0
DA:313,0
DA:352,1
DA:353,0
DA:354,0
DA:355,0
DA:356,0
DA:395,1
DA:396,0
DA:397,0
DA:398,0
DA:399,0
DA:445,1
DA:446,0
DA:447,0
DA:448,0
DA:449,0
DA:483,1
DA:484,0
DA:485,0
DA:486,0
DA:487,0
DA:518,1
DA:519,0
DA:520,0
DA:521,0
DA:522,0
DA:557,1
DA:558,0
DA:559,0
DA:560,0
DA:561,0
DA:592,1
DA:593,0
DA:594,0
DA:595,0
DA:596,0
DA:630,1
DA:631,0
DA:632,0
DA:633,0
DA:634,0
DA:665,1
DA:666,0
DA:667,0
DA:668,0
DA:669,0
DA:700,1
DA:701,0
DA:702,0
DA:703,0
DA:704,0
DA:737,1
DA:738,0
DA:739,0
DA:740,0
DA:741,0
DA:775,1
DA:776,0
DA:777,0
DA:778,0
DA:779,0
DA:812,1
DA:813,0
DA:814,0
DA:815,0
DA:816,0
DA:849,1
DA:850,0
DA:851,0
DA:852,0
DA:853,0
DA:886,1
DA:887,0
DA:888,0
DA:889,0
DA:890,0
DA:925,1
DA:926,0
DA:927,0
DA:928,0
DA:929,0
DA:962,1
DA:963,0
DA:964,0
DA:965,0
DA:966,0
DA:999,1
DA:1000,0
DA:1001,0
DA:1002,0
DA:1003,0
DA:1142,1
DA:1143,0
DA:1144,0
DA:1145,0
DA:1146,0
DA:1231,1
DA:1233,0
DA:1234,0
DA:1236,0
DA:1238,0
DA:1239,0
DA:1240,0
DA:1241,0
DA:1242,0
DA:1285,1
DA:1286,0
DA:1287,0
DA:1288,0
DA:1289,0
DA:1330,1
DA:1331,0
DA:1332,0
DA:1333,0
DA:1334,0
DA:1373,1
DA:1374,0
DA:1375,0
DA:1376,0
DA:1377,0
DA:1418,1
DA:1419,0
DA:1420,0
DA:1421,0
DA:1422,0
DA:1452,1
DA:1453,0
DA:1454,0
DA:1455,0
DA:1456,0
DA:1488,1
DA:1489,0
DA:1490,0
DA:1491,0
DA:1492,0
DA:1526,1
DA:1527,0
DA:1528,0
DA:1529,0
DA:1530,0
DA:1562,1
DA:1563,0
DA:1564,0
DA:1565,0
DA:1566,0
DA:1596,1
DA:1597,0
DA:1598,0
DA:1599,0
DA:1600,0
DA:1630,1
DA:1631,0
DA:1632,0
DA:1633,0
DA:1634,0
DA:1664,1
DA:1665,0
DA:1666,0
DA:1667,0
DA:1668,0
DA:1707,1
DA:1708,0
DA:1710,0
DA:1711,0
DA:1712,0
DA:1739,1
DA:1740,0
DA:1742,0
DA:1743,0
DA:1744,0
DA:1779,1
DA:1780,0
DA:1782,0
DA:1783,0
DA:1784,0
DA:1819,1
DA:1820,0
DA:1822,0
DA:1823,0
DA:1824,0
DA:1863,1
DA:1864,0
DA:1866,0
DA:1867,0
DA:1868,0
DA:1911,1
DA:1912,0
DA:1914,0
DA:1915,0
DA:1916,0
DA:1959,1
DA:1960,0
DA:1962,0
DA:1963,0
DA:1964,0
DA:2011,1
DA:2012,0
DA:2014,0
DA:2015,0
DA:2016,0
DA:2043,1
DA:2044,0
DA:2046,0
DA:2047,0
DA:2048,0
DA:2074,1
DA:2075,0
DA:2077,0
DA:2078,0
DA:2079,0
DA:2106,1
DA:2107,0
DA:2109,0
DA:2110,0
DA:2111,0
DA:2138,1
DA:2139,0
DA:2141,0
DA:2142,0
DA:2143,0
DA:2172,1
DA:2173,0
DA:2175,0
DA:2176,0
DA:2177,0
DA:2205,1
DA:2206,0
DA:2208,0
DA:2209,0
DA:2210,0
DA:2238,1
DA:2239,0
DA:2241,0
DA:2242,0
DA:2243,0
DA:2284,1
DA:2285,0
DA:2287,0
DA:2288,0
DA:2289,0
DA:2326,1
DA:2327,0
DA:2329,0
DA:2330,0
DA:2331,0
DA:2359,1
DA:2360,0
DA:2362,0
DA:2363,0
DA:2364,0
DA:2395,1
DA:2396,0
DA:2398,0
DA:2399,0
DA:2400,0
DA:2427,1
DA:2428,0
DA:2430,0
DA:2431,0
DA:2432,0
DA:2458,1
DA:2459,0
DA:2461,0
DA:2462,0
DA:2463,0
DA:2489,1
DA:2490,0
DA:2492,0
DA:2493,0
DA:2494,0
DA:2520,1
DA:2521,0
DA:2523,0
DA:2524,0
DA:2525,0
DA:2559,1
DA:2560,0
DA:2562,0
DA:2563,0
DA:2564,0
DA:2596,1
DA:2597,0
DA:2599,0
DA:2600,0
DA:2601,0
DA:2632,1
DA:2633,0
DA:2635,0
DA:2636,0
DA:2637,0
DA:2668,1
DA:2669,0
DA:2671,0
DA:2672,0
DA:2673,0
DA:2705,1
DA:2706,0
DA:2708,0
DA:2709,0
DA:2710,0
DA:2735,1
DA:2736,0
DA:2738,0
DA:2739,0
DA:2740,0
DA:2775,1
DA:2776,0
DA:2778,0
DA:2779,0
DA:2780,0
DA:2806,1
DA:2807,0
DA:2809,0
DA:2810,0
DA:2811,0
DA:2841,1
DA:2842,0
DA:2843,0
DA:2844,0
DA:2866,1
DA:2867,0
DA:2868,0
DA:2899,1
DA:2900,0
DA:2903,0
DA:2904,0
DA:2905,0
DA:2908,0
DA:2910,0
DA:2911,0
DA:2940,1
DA:2941,0
DA:2944,0
DA:2945,0
DA:2946,0
DA:2947,0
DA:2951,0
DA:2953,0
DA:2954,0
DA:2983,1
DA:2984,0
DA:2987,0
DA:2988,0
DA:2989,0
DA:2992,0
DA:2994,0
DA:2995,0
DA:3024,1
DA:3025,0
DA:3028,0
DA:3029,0
DA:3030,0
DA:3031,0
DA:3035,0
DA:3037,0
DA:3038,0
DA:3068,1
DA:3069,0
DA:3071,0
DA:3072,0
DA:3073,0
DA:3101,1
DA:3102,0
DA:3104,0
DA:3105,0
DA:3106,0
DA:3135,1
DA:3136,0
DA:3138,0
DA:3139,0
DA:3140,0
DA:3168,1
DA:3169,0
DA:3171,0
DA:3172,0
DA:3173,0
DA:3199,1
DA:3200,0
DA:3202,0
DA:3203,0
DA:3204,0
DA:3210,1
LF:422
LH:89
BRDA:139,1,0,0
BRDA:139,1,1,0
BRDA:222,2,0,0
BRDA:222,2,1,0
BRDA:265,3,0,0
BRDA:265,3,1,0
BRDA:312,4,0,0
BRDA:312,4,1,0
BRDA:355,5,0,0
BRDA:355,5,1,0
BRDA:398,6,0,0
BRDA:398,6,1,0
BRDA:448,7,0,0
BRDA:448,7,1,0
BRDA:486,8,0,0
BRDA:486,8,1,0
BRDA:521,9,0,0
BRDA:521,9,1,0
BRDA:560,10,0,0
BRDA:560,10,1,0
BRDA:595,11,0,0
BRDA:595,11,1,0
BRDA:633,12,0,0
BRDA:633,12,1,0
BRDA:668,13,0,0
BRDA:668,13,1,0
BRDA:703,14,0,0
BRDA:703,14,1,0
BRDA:740,15,0,0
BRDA:740,15,1,0
BRDA:778,16,0,0
BRDA:778,16,1,0
BRDA:815,17,0,0
BRDA:815,17,1,0
BRDA:852,18,0,0
BRDA:852,18,1,0
BRDA:889,19,0,0
BRDA:889,19,1,0
BRDA:928,20,0,0
BRDA:928,20,1,0
BRDA:965,21,0,0
BRDA:965,21,1,0
BRDA:1002,22,0,0
BRDA:1002,22,1,0
BRDA:1145,23,0,0
BRDA:1145,23,1,0
BRDA:1233,24,0,0
BRDA:1233,24,1,0
BRDA:1234,25,0,0
BRDA:1234,25,1,0
BRDA:1236,26,0,0
BRDA:1236,26,1,0
BRDA:1241,27,0,0
BRDA:1241,27,1,0
BRDA:1288,28,0,0
BRDA:1288,28,1,0
BRDA:1333,29,0,0
BRDA:1333,29,1,0
BRDA:1376,30,0,0
BRDA:1376,30,1,0
BRDA:1421,31,0,0
BRDA:1421,31,1,0
BRDA:1455,32,0,0
BRDA:1455,32,1,0
BRDA:1491,33,0,0
BRDA:1491,33,1,0
BRDA:1529,34,0,0
BRDA:1529,34,1,0
BRDA:1565,35,0,0
BRDA:1565,35,1,0
BRDA:1599,36,0,0
BRDA:1599,36,1,0
BRDA:1633,37,0,0
BRDA:1633,37,1,0
BRDA:1667,38,0,0
BRDA:1667,38,1,0
BRDA:1711,39,0,0
BRDA:1711,39,1,0
BRDA:1743,40,0,0
BRDA:1743,40,1,0
BRDA:1783,41,0,0
BRDA:1783,41,1,0
BRDA:1823,42,0,0
BRDA:1823,42,1,0
BRDA:1867,43,0,0
BRDA:1867,43,1,0
BRDA:1915,44,0,0
BRDA:1915,44,1,0
BRDA:1963,45,0,0
BRDA:1963,45,1,0
BRDA:2015,46,0,0
BRDA:2015,46,1,0
BRDA:2047,47,0,0
BRDA:2047,47,1,0
BRDA:2078,48,0,0
BRDA:2078,48,1,0
BRDA:2110,49,0,0
BRDA:2110,49,1,0
BRDA:2142,50,0,0
BRDA:2142,50,1,0
BRDA:2176,51,0,0
BRDA:2176,51,1,0
BRDA:2209,52,0,0
BRDA:2209,52,1,0
BRDA:2242,53,0,0
BRDA:2242,53,1,0
BRDA:2288,54,0,0
BRDA:2288,54,1,0
BRDA:2330,55,0,0
BRDA:2330,55,1,0
BRDA:2363,56,0,0
BRDA:2363,56,1,0
BRDA:2399,57,0,0
BRDA:2399,57,1,0
BRDA:2431,58,0,0
BRDA:2431,58,1,0
BRDA:2462,59,0,0
BRDA:2462,59,1,0
BRDA:2493,60,0,0
BRDA:2493,60,1,0
BRDA:2524,61,0,0
BRDA:2524,61,1,0
BRDA:2563,62,0,0
BRDA:2563,62,1,0
BRDA:2600,63,0,0
BRDA:2600,63,1,0
BRDA:2636,64,0,0
BRDA:2636,64,1,0
BRDA:2672,65,0,0
BRDA:2672,65,1,0
BRDA:2709,66,0,0
BRDA:2709,66,1,0
BRDA:2739,67,0,0
BRDA:2739,67,1,0
BRDA:2779,68,0,0
BRDA:2779,68,1,0
BRDA:2810,69,0,0
BRDA:2810,69,1,0
BRDA:2843,70,0,0
BRDA:2843,70,1,0
BRDA:2907,71,0,0
BRDA:2907,71,1,0
BRDA:2908,72,0,0
BRDA:2908,72,1,0
BRDA:2910,73,0,0
BRDA:2910,73,1,0
BRDA:2946,74,0,0
BRDA:2946,74,1,0
BRDA:2951,75,0,0
BRDA:2951,75,1,0
BRDA:2953,76,0,0
BRDA:2953,76,1,0
BRDA:2992,77,0,0
BRDA:2992,77,1,0
BRDA:2994,78,0,0
BRDA:2994,78,1,0
BRDA:3030,79,0,0
BRDA:3030,79,1,0
BRDA:3035,80,0,0
BRDA:3035,80,1,0
BRDA:3037,81,0,0
BRDA:3037,81,1,0
BRDA:3072,82,0,0
BRDA:3072,82,1,0
BRDA:3105,83,0,0
BRDA:3105,83,1,0
BRDA:3139,84,0,0
BRDA:3139,84,1,0
BRDA:3172,85,0,0
BRDA:3172,85,1,0
BRDA:3203,86,0,0
BRDA:3203,86,1,0
BRF:172
BRH:0
end_of_record
TN:
SF:/Users/erz/code/preceptorjs/taxi/lib/keys.js
FNF:0
FNH:0
DA:8,1
DA:529,1
LF:2
LH:2
BRF:0
BRH:0
end_of_record
TN:
SF:/Users/erz/code/preceptorjs/taxi/lib/logEntry.js
FN:14,LogEntry
FN:135,(anonymous_2)
FN:146,(anonymous_3)
FN:157,(anonymous_4)
FNF:4
FNH:0
FNDA:0,LogEntry
FNDA:0,(anonymous_2)
FNDA:0,(anonymous_3)
FNDA:0,(anonymous_4)
DA:3,1
DA:14,1
DA:15,0
DA:30,1
DA:39,1
DA:48,1
DA:57,1
DA:66,1
DA:75,1
DA:85,1
DA:94,1
DA:103,1
DA:112,1
DA:121,1
DA:135,1
DA:136,0
DA:146,1
DA:147,0
DA:157,1
DA:158,0
LF:20
LH:16
BRF:0
BRH:0
end_of_record
TN:
SF:/Users/erz/code/preceptorjs/taxi/lib/session.js
FN:17,Session
FN:185,(anonymous_2)
FN:196,(anonymous_3)
FNF:3
FNH:3
FNDA:2,Session
FNDA:3744,(anonymous_2)
FNDA:2,(anonymous_3)
DA:3,1
DA:4,1
DA:6,1
DA:17,1
DA:18,2
DA:34,1
DA:43,1
DA:52,1
DA:61,1
DA:70,1
DA:79,1
DA:88,1
DA:97,1
DA:106,1
DA:115,1
DA:126,1
DA:135,1
DA:144,1
DA:153,1
DA:162,1
DA:171,1
DA:185,1
DA:186,3744
DA:196,1
DA:197,2
LF:25
LH:25
BRF:0
BRH:0
end_of_record
TN:
SF:/Users/erz/code/preceptorjs/taxi/lib/sessionStorage.js
FN:17,SessionStorage
FN:33,(anonymous_2)
FN:50,(anonymous_3)
FN:65,(anonymous_4)
FN:76,(anonymous_5)
FN:87,(anonymous_6)
FN:99,(anonymous_7)
FN:111,(anonymous_8)
FN:121,(anonymous_9)
FN:131,(anonymous_10)
FNF:10
FNH:9
FNDA:22,SessionStorage
FNDA:40,(anonymous_2)
FNDA:20,(anonymous_3)
FNDA:0,(anonymous_4)
FNDA:4,(anonymous_5)
FNDA:2,(anonymous_6)
FNDA:4,(anonymous_7)
FNDA:2,(anonymous_8)
FNDA:2,(anonymous_9)
FNDA:6,(anonymous_10)
DA:3,1
DA:4,1
DA:6,1
DA:17,1
DA:18,22
DA:33,1
DA:34,40
DA:35,40
DA:50,1
DA:51,20
DA:65,1
DA:66,0
DA:76,1
DA:77,4
DA:87,1
DA:88,2
DA:89,2
DA:99,1
DA:100,4
DA:101,4
DA:102,4
DA:111,1
DA:112,2
DA:113,2
DA:121,1
DA:122,2
DA:131,1
DA:132,6
DA:136,1
LF:29
LH:28
BRF:0
BRH:0
end_of_record
TN:
SF:/Users/erz/code/preceptorjs/taxi/lib/status.js
FN:14,Status
FN:30,(anonymous_2)
FN:41,(anonymous_3)
FN:52,(anonymous_4)
FN:64,(anonymous_5)
FN:75,(anonymous_6)
FN:86,(anonymous_7)
FNF:7
FNH:7
FNDA:2,Status
FNDA:2,(anonymous_2)
FNDA:2,(anonymous_3)
FNDA:2,(anonymous_4)
FNDA:2,(anonymous_5)
FNDA:2,(anonymous_6)
FNDA:2,(anonymous_7)
DA:3,1
DA:14,1
DA:15,2
DA:30,1
DA:31,2
DA:41,1
DA:42,2
DA:52,1
DA:53,2
DA:64,1
DA:65,2
DA:75,1
DA:76,2
DA:86,1
DA:87,2
LF:15
LH:15
BRF:0
BRH:0
end_of_record
TN:
SF:/Users/erz/code/preceptorjs/taxi/lib/timeOut.js
FN:22,TimeOut
FN:80,(anonymous_2)
FN:97,(anonymous_3)
FN:112,(anonymous_4)
FN:124,(anonymous_5)
FN:146,(anonymous_6)
FN:157,unwrap
FN:174,(anonymous_8)
FN:187,(anonymous_9)
FN:200,(anonymous_10)
FN:213,(anonymous_11)
FNF:11
FNH:8
FNDA:2,TimeOut
FNDA:20,(anonymous_2)
FNDA:4,(anonymous_3)
FNDA:0,(anonymous_4)
FNDA:4,(anonymous_5)
FNDA:2,(anonymous_6)
FNDA:6,unwrap
FNDA:0,(anonymous_8)
FNDA:2,(anonymous_9)
FNDA:0,(anonymous_10)
FNDA:2,(anonymous_11)
DA:3,1
DA:5,1
DA:6,1
DA:7,1
DA:8,1
DA:11,1
DA:22,1
DA:23,2
DA:38,1
DA:47,1
DA:56,1
DA:66,1
DA:80,1
DA:81,20
DA:82,20
DA:97,1
DA:98,4
DA:112,1
DA:113,0
DA:124,1
DA:126,4
DA:128,0
DA:130,2
DA:132,0
DA:134,2
DA:136,0
DA:146,1
DA:147,2
DA:149,2
DA:151,2
DA:152,4
DA:153,4
DA:157,1
DA:158,6
DA:159,4
DA:163,2
DA:174,1
DA:175,0
DA:176,0
DA:177,0
DA:187,1
DA:188,2
DA:189,2
DA:190,2
DA:200,1
DA:201,0
DA:202,0
DA:203,0
DA:213,1
DA:214,2
DA:215,2
DA:216,2
DA:220,1
LF:53
LH:43
BRDA:126,1,0,0
BRDA:126,1,1,2
BRDA:126,1,2,0
BRDA:126,1,3,2
BRDA:126,1,4,0
BRDA:152,2,0,4
BRDA:152,2,1,0
BRDA:158,3,0,4
BRDA:158,3,1,2
BRF:9
BRH:5
end_of_record
TN:
SF:/Users/erz/code/preceptorjs/taxi/lib/json.js
FN:26,parse
FN:45,stringify
FNF:2
FNH:2
FNDA:498,parse
FNDA:231,stringify
DA:3,1
DA:6,1
DA:7,1
DA:8,1
DA:16,1
DA:26,1
DA:27,498
DA:28,498
DA:29,498
DA:30,498
DA:32,0
DA:33,0
DA:37,1
DA:45,1
DA:46,231
LF:15
LH:13
BRDA:7,1,0,1
BRDA:7,1,1,0
BRDA:27,2,0,0
BRDA:27,2,1,498
BRF:4
BRH:2
end_of_record
TN:
SF:/Users/erz/code/preceptorjs/taxi/lib/driver.js
FN:49,Driver
FN:69,(anonymous_2)
FN:72,(anonymous_3)
FN:137,(anonymous_4)
FN:140,(anonymous_5)
FN:155,(anonymous_6)
FN:158,(anonymous_7)
FN:159,(anonymous_8)
FN:178,(anonymous_9)
FN:184,(anonymous_10)
FN:203,(anonymous_11)
FN:213,(anonymous_12)
FN:224,(anonymous_13)
FN:234,(anonymous_14)
FN:244,(anonymous_15)
FN:254,(anonymous_16)
FN:264,(anonymous_17)
FN:274,(anonymous_18)
FN:300,(anonymous_19)
FN:311,(anonymous_20)
FN:325,(anonymous_21)
FN:334,(anonymous_22)
FN:346,(anonymous_23)
FN:350,(anonymous_24)
FN:369,(anonymous_25)
FN:467,(anonymous_26)
FN:487,(anonymous_27)
FN:499,(anonymous_28)
FN:511,(anonymous_29)
FN:523,(anonymous_30)
FN:534,(anonymous_31)
FN:545,(anonymous_32)
FN:557,(anonymous_33)
FN:562,(anonymous_34)
FN:563,(anonymous_35)
FN:575,(anonymous_36)
FN:586,(anonymous_37)
FN:587,(anonymous_38)
FN:588,(anonymous_39)
FN:593,(anonymous_40)
FN:600,(anonymous_41)
FN:625,(anonymous_42)
FN:637,(anonymous_43)
FN:641,makeRequest
FN:660,(anonymous_45)
FN:681,extractSessionData
FN:703,setupDebug
FN:706,stringFill
FN:712,getIndentation
FN:718,(anonymous_50)
FN:721,(anonymous_51)
FN:725,(anonymous_52)
FN:732,(anonymous_53)
FNF:53
FNH:25
FNDA:3,Driver
FNDA:498,(anonymous_2)
FNDA:498,(anonymous_3)
FNDA:2,(anonymous_4)
FNDA:2,(anonymous_5)
FNDA:0,(anonymous_6)
FNDA:0,(anonymous_7)
FNDA:0,(anonymous_8)
FNDA:2,(anonymous_9)
FNDA:1,(anonymous_10)
FNDA:0,(anonymous_11)
FNDA:0,(anonymous_12)
FNDA:0,(anonymous_13)
FNDA:0,(anonymous_14)
FNDA:0,(anonymous_15)
FNDA:0,(anonymous_16)
FNDA:0,(anonymous_17)
FNDA:0,(anonymous_18)
FNDA:2,(anonymous_19)
FNDA:0,(anonymous_20)
FNDA:2,(anonymous_21)
FNDA:2,(anonymous_22)
FNDA:3248,(anonymous_23)
FNDA:3248,(anonymous_24)
FNDA:496,(anonymous_25)
FNDA:3750,(anonymous_26)
FNDA:474,(anonymous_27)
FNDA:2,(anonymous_28)
FNDA:0,(anonymous_29)
FNDA:0,(anonymous_30)
FNDA:0,(anonymous_31)
FNDA:0,(anonymous_32)
FNDA:0,(anonymous_33)
FNDA:0,(anonymous_34)
FNDA:0,(anonymous_35)
FNDA:0,(anonymous_36)
FNDA:2,(anonymous_37)
FNDA:2,(anonymous_38)
FNDA:2,(anonymous_39)
FNDA:0,(anonymous_40)
FNDA:2,(anonymous_41)
FNDA:22,(anonymous_42)
FNDA:4,(anonymous_43)
FNDA:4,makeRequest
FNDA:0,(anonymous_45)
FNDA:2,extractSessionData
FNDA:3,setupDebug
FNDA:0,stringFill
FNDA:0,getIndentation
FNDA:0,(anonymous_50)
FNDA:0,(anonymous_51)
FNDA:0,(anonymous_52)
FNDA:0,(anonymous_53)
DA:3,1
DA:4,1
DA:5,1
DA:7,1
DA:8,1
DA:9,1
DA:10,1
DA:12,1
DA:14,1
DA:15,1
DA:16,1
DA:17,1
DA:18,1
DA:20,1
DA:21,1
DA:22,1
DA:24,1
DA:26,1
DA:29,1
DA:49,1
DA:50,3
DA:52,3
DA:53,3
DA:54,3
DA:55,3
DA:57,3
DA:59,3
DA:60,3
DA:61,3
DA:62,3
DA:63,3
DA:65,3
DA:66,3
DA:67,3
DA:68,3
DA:69,2
DA:70,498
DA:72,2
DA:73,498
DA:76,2
DA:82,2
DA:83,0
DA:85,2
DA:88,2
DA:90,1
DA:137,1
DA:138,2
DA:140,2
DA:141,2
DA:155,1
DA:156,0
DA:158,0
DA:159,0
DA:160,0
DA:178,1
DA:180,2
DA:182,2
DA:184,1
DA:185,1
DA:187,1
DA:188,1
DA:190,0
DA:193,2
DA:203,1
DA:204,0
DA:213,1
DA:214,0
DA:224,1
DA:225,0
DA:234,1
DA:235,0
DA:244,1
DA:245,0
DA:254,1
DA:255,0
DA:264,1
DA:265,0
DA:274,1
DA:276,0
DA:282,0
DA:283,0
DA:285,0
DA:286,0
DA:287,0
DA:289,0
DA:300,1
DA:301,2
DA:311,1
DA:312,0
DA:325,1
DA:327,2
DA:329,2
DA:330,2
DA:331,0
DA:334,2
DA:335,2
DA:346,1
DA:347,3248
DA:348,508
DA:350,3248
DA:351,3248
DA:352,3248
DA:369,1
DA:370,496
DA:371,496
DA:372,496
DA:387,1
DA:396,1
DA:406,1
DA:415,1
DA:424,1
DA:433,1
DA:442,1
DA:451,1
DA:467,1
DA:468,3750
DA:477,1
DA:487,1
DA:488,474
DA:499,1
DA:500,2
DA:511,1
DA:512,0
DA:523,1
DA:524,0
DA:534,1
DA:535,0
DA:545,1
DA:546,0
DA:557,1
DA:558,0
DA:560,0
DA:563,0
DA:564,0
DA:575,1
DA:576,0
DA:586,1
DA:587,2
DA:588,2
DA:590,2
DA:593,2
DA:595,2
DA:600,2
DA:601,2
DA:602,2
DA:604,0
DA:615,1
DA:625,1
DA:626,22
DA:637,1
DA:638,4
DA:639,4
DA:641,1
DA:642,4
DA:643,0
DA:645,4
DA:646,4
DA:648,0
DA:649,0
DA:651,0
DA:653,0
DA:661,0
DA:665,4
DA:668,1
DA:681,1
DA:682,2
DA:684,2
DA:685,0
DA:686,0
DA:689,2
DA:690,2
DA:691,2
DA:693,0
DA:703,1
DA:704,3
DA:706,1
DA:707,0
DA:708,0
DA:709,0
DA:712,1
DA:713,0
DA:716,3
DA:717,0
DA:718,0
DA:719,0
DA:721,0
DA:722,0
DA:725,0
DA:726,0
DA:727,0
DA:728,0
DA:729,0
DA:731,0
DA:732,0
DA:733,0
DA:735,0
DA:736,0
DA:738,0
DA:739,0
DA:740,0
LF:200
LH:137
BRDA:59,1,0,3
BRDA:59,1,1,3
BRDA:60,2,0,3
BRDA:60,2,1,3
BRDA:62,3,0,3
BRDA:62,3,1,3
BRDA:63,4,0,3
BRDA:63,4,1,3
BRDA:82,5,0,0
BRDA:82,5,1,2
BRDA:88,6,0,2
BRDA:88,6,1,2
BRDA:182,7,0,1
BRDA:182,7,1,1
BRDA:182,7,2,0
BRDA:225,8,0,0
BRDA:225,8,1,0
BRDA:235,9,0,0
BRDA:235,9,1,0
BRDA:245,10,0,0
BRDA:245,10,1,0
BRDA:255,11,0,0
BRDA:255,11,1,0
BRDA:265,12,0,0
BRDA:265,12,1,0
BRDA:282,13,0,0
BRDA:282,13,1,0
BRDA:283,14,0,0
BRDA:283,14,1,0
BRDA:287,15,0,0
BRDA:287,15,1,0
BRDA:330,16,0,0
BRDA:330,16,1,2
BRDA:347,17,0,508
BRDA:347,17,1,2740
BRDA:370,18,0,496
BRDA:370,18,1,496
BRDA:601,19,0,2
BRDA:601,19,1,0
BRDA:601,20,0,2
BRDA:601,20,1,2
BRDA:601,20,2,0
BRDA:642,21,0,0
BRDA:642,21,1,4
BRDA:645,22,0,4
BRDA:645,22,1,0
BRDA:648,23,0,0
BRDA:648,23,1,0
BRDA:684,24,0,0
BRDA:684,24,1,2
BRDA:690,25,0,2
BRDA:690,25,1,0
BRDA:716,26,0,0
BRDA:716,26,1,3
BRDA:717,27,0,0
BRDA:717,27,1,0
BRDA:728,28,0,0
BRDA:728,28,1,0
BRDA:735,29,0,0
BRDA:735,29,1,0
BRDA:735,30,0,0
BRDA:735,30,1,0
BRDA:739,31,0,0
BRDA:739,31,1,0
BRF:64
BRH:26
end_of_record
TN:
SF:/Users/erz/code/preceptorjs/taxi/lib/errors.js
FN:55,(anonymous_1)
FNF:1
FNH:1
FNDA:2,(anonymous_1)
DA:18,1
DA:55,1
DA:56,2
DA:57,2
DA:58,2
DA:61,1
LF:6
LH:6
BRDA:56,1,0,2
BRDA:56,1,1,0
BRDA:57,2,0,2
BRDA:57,2,1,0
BRDA:57,3,0,2
BRDA:57,3,1,2
BRF:6
BRH:4
end_of_record
TN:
SF:/Users/erz/code/preceptorjs/taxi/lib/connection.js
FN:31,Connection
FN:80,(anonymous_2)
FN:81,(anonymous_3)
FN:102,(anonymous_4)
FN:104,(anonymous_5)
FN:121,(anonymous_6)
FN:136,(anonymous_7)
FN:152,(anonymous_8)
FN:233,getNextScreenshotId
FN:248,stringifyStackTrace
FN:267,createInternalConnection
FNF:11
FNH:9
FNDA:5,Connection
FNDA:496,(anonymous_2)
FNDA:496,(anonymous_3)
FNDA:496,(anonymous_4)
FNDA:496,(anonymous_5)
FNDA:500,(anonymous_6)
FNDA:500,(anonymous_7)
FNDA:498,(anonymous_8)
FNDA:0,getNextScreenshotId
FNDA:0,stringifyStackTrace
FNDA:5,createInternalConnection
DA:3,1
DA:4,1
DA:5,1
DA:6,1
DA:7,1
DA:8,1
DA:10,1
DA:11,1
DA:12,1
DA:14,1
DA:16,1
DA:31,1
DA:32,5
DA:34,5
DA:35,5
DA:38,5
DA:39,5
DA:40,5
DA:41,5
DA:43,1
DA:80,1
DA:81,496
DA:82,496
DA:102,1
DA:104,496
DA:105,496
DA:106,496
DA:109,496
DA:121,1
DA:122,500
DA:124,500
DA:125,230
DA:128,500
DA:136,500
DA:137,500
DA:138,500
DA:139,500
DA:152,1
DA:154,498
DA:161,498
DA:163,498
DA:164,0
DA:166,498
DA:167,0
DA:169,498
DA:170,0
DA:172,0
DA:173,0
DA:174,0
DA:177,0
DA:180,0
DA:183,0
DA:184,0
DA:187,0
DA:191,0
DA:192,0
DA:194,0
DA:197,498
DA:199,498
DA:200,0
DA:203,498
DA:205,498
DA:206,496
DA:208,2
DA:214,0
DA:215,0
DA:217,0
DA:233,1
DA:234,0
DA:235,0
DA:236,0
DA:238,0
DA:248,1
DA:250,0
DA:252,0
DA:253,0
DA:254,0
DA:258,0
DA:267,1
DA:269,5
DA:271,5
DA:273,2
DA:274,2
DA:276,2
DA:277,2
DA:279,1
DA:282,4
LF:87
LH:60
BRDA:34,1,0,5
BRDA:34,1,1,0
BRDA:39,2,0,5
BRDA:39,2,1,5
BRDA:40,3,0,5
BRDA:40,3,1,0
BRDA:87,4,0,496
BRDA:87,4,1,496
BRDA:124,5,0,230
BRDA:124,5,1,270
BRDA:124,6,0,500
BRDA:124,6,1,498
BRDA:132,7,0,500
BRDA:132,7,1,498
BRDA:132,7,2,270
BRDA:133,8,0,500
BRDA:133,8,1,498
BRDA:133,8,2,500
BRDA:161,9,0,498
BRDA:161,9,1,2
BRDA:163,10,0,0
BRDA:163,10,1,498
BRDA:163,11,0,498
BRDA:163,11,1,498
BRDA:166,12,0,0
BRDA:166,12,1,498
BRDA:166,13,0,498
BRDA:166,13,1,0
BRDA:169,14,0,0
BRDA:169,14,1,498
BRDA:169,15,0,498
BRDA:169,15,1,0
BRDA:172,16,0,0
BRDA:172,16,1,0
BRDA:172,16,2,0
BRDA:173,17,0,0
BRDA:173,17,1,0
BRDA:174,18,0,0
BRDA:174,18,1,0
BRDA:177,19,0,0
BRDA:177,19,1,0
BRDA:177,20,0,0
BRDA:177,20,1,0
BRDA:177,20,2,0
BRDA:191,21,0,0
BRDA:191,21,1,0
BRDA:194,22,0,0
BRDA:194,22,1,0
BRDA:194,23,0,0
BRDA:194,23,1,0
BRDA:197,24,0,498
BRDA:197,24,1,0
BRDA:197,25,0,498
BRDA:197,25,1,498
BRDA:199,26,0,0
BRDA:199,26,1,498
BRDA:205,27,0,496
BRDA:205,27,1,2
BRDA:214,28,0,0
BRDA:214,28,1,0
BRDA:235,29,0,0
BRDA:235,29,1,0
BRDA:253,30,0,0
BRDA:253,30,1,0
BRDA:271,31,0,2
BRDA:271,31,1,2
BRDA:271,31,2,1
BRF:67
BRH:34
end_of_record
TN:
SF:/Users/erz/code/preceptorjs/taxi/lib/utils.js
FN:21,Utils
FN:36,(anonymous_2)
FN:53,(anonymous_3)
FN:68,(anonymous_4)
FN:82,(anonymous_5)
FN:84,(anonymous_6)
FN:93,(anonymous_7)
FN:112,(anonymous_8)
FN:117,(anonymous_9)
FN:121,(anonymous_10)
FN:122,(anonymous_11)
FN:130,(anonymous_12)
FN:142,(anonymous_13)
FN:152,(anonymous_14)
FN:156,(anonymous_15)
FN:157,(anonymous_16)
FN:170,(anonymous_17)
FN:185,(anonymous_18)
FN:189,(anonymous_19)
FN:190,(anonymous_20)
FN:204,(anonymous_21)
FN:207,(anonymous_22)
FNF:22
FNH:0
FNDA:0,Utils
FNDA:0,(anonymous_2)
FNDA:0,(anonymous_3)
FNDA:0,(anonymous_4)
FNDA:0,(anonymous_5)
FNDA:0,(anonymous_6)
FNDA:0,(anonymous_7)
FNDA:0,(anonymous_8)
FNDA:0,(anonymous_9)
FNDA:0,(anonymous_10)
FNDA:0,(anonymous_11)
FNDA:0,(anonymous_12)
FNDA:0,(anonymous_13)
FNDA:0,(anonymous_14)
FNDA:0,(anonymous_15)
FNDA:0,(anonymous_16)
FNDA:0,(anonymous_17)
FNDA:0,(anonymous_18)
FNDA:0,(anonymous_19)
FNDA:0,(anonymous_20)
FNDA:0,(anonymous_21)
FNDA:0,(anonymous_22)
DA:3,1
DA:4,1
DA:5,1
DA:6,1
DA:7,1
DA:8,1
DA:10,1
DA:21,1
DA:22,0
DA:36,1
DA:37,0
DA:38,0
DA:53,1
DA:54,0
DA:68,1
DA:69,0
DA:82,1
DA:84,0
DA:86,0
DA:87,0
DA:88,0
DA:89,0
DA:93,0
DA:94,0
DA:95,0
DA:100,0
DA:112,1
DA:114,0
DA:117,0
DA:118,0
DA:119,0
DA:121,0
DA:122,0
DA:123,0
DA:124,0
DA:130,0
DA:131,0
DA:142,1
DA:143,0
DA:152,1
DA:153,0
DA:154,0
DA:156,0
DA:157,0
DA:158,0
DA:170,1
DA:171,0
DA:172,0
DA:174,0
DA:185,1
DA:186,0
DA:187,0
DA:189,0
DA:190,0
DA:191,0
DA:204,1
DA:205,0
DA:207,0
DA:208,0
DA:212,1
LF:60
LH:19
BRDA:87,1,0,0
BRDA:87,1,1,0
BRDA:88,2,0,0
BRDA:88,2,1,0
BRDA:89,3,0,0
BRDA:89,3,1,0
BRDA:94,4,0,0
BRDA:94,4,1,0
BRDA:118,5,0,0
BRDA:118,5,1,0
BRDA:153,6,0,0
BRDA:153,6,1,0
BRDA:171,7,0,0
BRDA:171,7,1,0
BRDA:186,8,0,0
BRDA:186,8,1,0
BRF:16
BRH:0
end_of_record
TN:
SF:/Users/erz/code/preceptorjs/taxi/lib/compatibility.js
FN:20,Compatibility
FN:35,(anonymous_2)
FN:52,(anonymous_3)
FN:67,(anonymous_4)
FN:78,(anonymous_5)
FNF:5
FNH:0
FNDA:0,Compatibility
FNDA:0,(anonymous_2)
FNDA:0,(anonymous_3)
FNDA:0,(anonymous_4)
FNDA:0,(anonymous_5)
DA:3,1
DA:4,1
DA:5,1
DA:7,1
DA:9,1
DA:20,1
DA:21,0
DA:35,1
DA:36,0
DA:37,0
DA:52,1
DA:53,0
DA:67,1
DA:68,0
DA:78,1
DA:79,0
DA:82,1
LF:17
LH:11
BRF:0
BRH:0
end_of_record
TN:
SF:/Users/erz/code/preceptorjs/taxi/lib/compatibility/nightwatch.js
FN:20,Nightwatch
FN:35,(anonymous_2)
FN:52,(anonymous_3)
FN:67,(anonymous_4)
FN:72,(anonymous_5)
FN:73,(anonymous_6)
FN:74,(anonymous_7)
FN:76,(anonymous_8)
FN:82,(anonymous_9)
FN:83,(anonymous_10)
FN:84,(anonymous_11)
FN:90,(anonymous_12)
FN:95,(anonymous_13)
FN:96,(anonymous_14)
FN:97,(anonymous_15)
FN:103,(anonymous_16)
FN:104,(anonymous_17)
FN:105,(anonymous_18)
FN:111,(anonymous_19)
FN:112,(anonymous_20)
FN:117,(anonymous_21)
FN:118,(anonymous_22)
FN:123,(anonymous_23)
FN:124,(anonymous_24)
FN:129,(anonymous_25)
FN:130,(anonymous_26)
FN:131,(anonymous_27)
FN:137,(anonymous_28)
FN:138,(anonymous_29)
FN:143,(anonymous_30)
FN:144,(anonymous_31)
FN:149,(anonymous_32)
FN:150,(anonymous_33)
FN:151,(anonymous_34)
FN:157,(anonymous_35)
FN:158,(anonymous_36)
FN:159,(anonymous_37)
FN:165,(anonymous_38)
FN:166,(anonymous_39)
FN:167,(anonymous_40)
FN:173,(anonymous_41)
FN:174,(anonymous_42)
FN:175,(anonymous_43)
FN:181,(anonymous_44)
FN:182,(anonymous_45)
FN:187,(anonymous_46)
FN:188,(anonymous_47)
FN:193,(anonymous_48)
FN:194,(anonymous_49)
FN:195,(anonymous_50)
FN:201,(anonymous_51)
FN:202,(anonymous_52)
FN:203,(anonymous_53)
FN:209,(anonymous_54)
FN:210,(anonymous_55)
FN:215,(anonymous_56)
FN:216,(anonymous_57)
FN:217,(anonymous_58)
FN:223,(anonymous_59)
FN:227,(anonymous_60)
FN:232,(anonymous_61)
FN:237,(anonymous_62)
FN:238,(anonymous_63)
FN:243,(anonymous_64)
FN:244,(anonymous_65)
FN:245,(anonymous_66)
FN:251,(anonymous_67)
FN:252,(anonymous_68)
FN:258,(anonymous_69)
FN:259,(anonymous_70)
FN:264,(anonymous_71)
FN:265,(anonymous_72)
FN:270,(anonymous_73)
FN:271,(anonymous_74)
FN:276,(anonymous_75)
FN:277,(anonymous_76)
FN:278,(anonymous_77)
FN:284,(anonymous_78)
FN:285,(anonymous_79)
FN:286,(anonymous_80)
FN:292,(anonymous_81)
FN:293,(anonymous_82)
FN:298,(anonymous_83)
FN:303,(anonymous_84)
FN:305,(anonymous_85)
FN:306,(anonymous_86)
FN:309,(anonymous_87)
FN:311,(anonymous_88)
FN:316,(anonymous_89)
FN:318,(anonymous_90)
FN:319,(anonymous_91)
FN:321,(anonymous_92)
FN:324,(anonymous_93)
FN:326,(anonymous_94)
FN:331,(anonymous_95)
FN:333,(anonymous_96)
FN:334,(anonymous_97)
FN:337,(anonymous_98)
FN:339,(anonymous_99)
FN:344,(anonymous_100)
FN:346,(anonymous_101)
FN:347,(anonymous_102)
FN:349,(anonymous_103)
FN:352,(anonymous_104)
FN:354,(anonymous_105)
FNF:105
FNH:0
FNDA:0,Nightwatch
FNDA:0,(anonymous_2)
FNDA:0,(anonymous_3)
FNDA:0,(anonymous_4)
FNDA:0,(anonymous_5)
FNDA:0,(anonymous_6)
FNDA:0,(anonymous_7)
FNDA:0,(anonymous_8)
FNDA:0,(anonymous_9)
FNDA:0,(anonymous_10)
FNDA:0,(anonymous_11)
FNDA:0,(anonymous_12)
FNDA:0,(anonymous_13)
FNDA:0,(anonymous_14)
FNDA:0,(anonymous_15)
FNDA:0,(anonymous_16)
FNDA:0,(anonymous_17)
FNDA:0,(anonymous_18)
FNDA:0,(anonymous_19)
FNDA:0,(anonymous_20)
FNDA:0,(anonymous_21)
FNDA:0,(anonymous_22)
FNDA:0,(anonymous_23)
FNDA:0,(anonymous_24)
FNDA:0,(anonymous_25)
FNDA:0,(anonymous_26)
FNDA:0,(anonymous_27)
FNDA:0,(anonymous_28)
FNDA:0,(anonymous_29)
FNDA:0,(anonymous_30)
FNDA:0,(anonymous_31)
FNDA:0,(anonymous_32)
FNDA:0,(anonymous_33)
FNDA:0,(anonymous_34)
FNDA:0,(anonymous_35)
FNDA:0,(anonymous_36)
FNDA:0,(anonymous_37)
FNDA:0,(anonymous_38)
FNDA:0,(anonymous_39)
FNDA:0,(anonymous_40)
FNDA:0,(anonymous_41)
FNDA:0,(anonymous_42)
FNDA:0,(anonymous_43)
FNDA:0,(anonymous_44)
FNDA:0,(anonymous_45)
FNDA:0,(anonymous_46)
FNDA:0,(anonymous_47)
FNDA:0,(anonymous_48)
FNDA:0,(anonymous_49)
FNDA:0,(anonymous_50)
FNDA:0,(anonymous_51)
FNDA:0,(anonymous_52)
FNDA:0,(anonymous_53)
FNDA:0,(anonymous_54)
FNDA:0,(anonymous_55)
FNDA:0,(anonymous_56)
FNDA:0,(anonymous_57)
FNDA:0,(anonymous_58)
FNDA:0,(anonymous_59)
FNDA:0,(anonymous_60)
FNDA:0,(anonymous_61)
FNDA:0,(anonymous_62)
FNDA:0,(anonymous_63)
FNDA:0,(anonymous_64)
FNDA:0,(anonymous_65)
FNDA:0,(anonymous_66)
FNDA:0,(anonymous_67)
FNDA:0,(anonymous_68)
FNDA:0,(anonymous_69)
FNDA:0,(anonymous_70)
FNDA:0,(anonymous_71)
FNDA:0,(anonymous_72)
FNDA:0,(anonymous_73)
FNDA:0,(anonymous_74)
FNDA:0,(anonymous_75)
FNDA:0,(anonymous_76)
FNDA:0,(anonymous_77)
FNDA:0,(anonymous_78)
FNDA:0,(anonymous_79)
FNDA:0,(anonymous_80)
FNDA:0,(anonymous_81)
FNDA:0,(anonymous_82)
FNDA:0,(anonymous_83)
FNDA:0,(anonymous_84)
FNDA:0,(anonymous_85)
FNDA:0,(anonymous_86)
FNDA:0,(anonymous_87)
FNDA:0,(anonymous_88)
FNDA:0,(anonymous_89)
FNDA:0,(anonymous_90)
FNDA:0,(anonymous_91)
FNDA:0,(anonymous_92)
FNDA:0,(anonymous_93)
FNDA:0,(anonymous_94)
FNDA:0,(anonymous_95)
FNDA:0,(anonymous_96)
FNDA:0,(anonymous_97)
FNDA:0,(anonymous_98)
FNDA:0,(anonymous_99)
FNDA:0,(anonymous_100)
FNDA:0,(anonymous_101)
FNDA:0,(anonymous_102)
FNDA:0,(anonymous_103)
FNDA:0,(anonymous_104)
FNDA:0,(anonymous_105)
DA:3,1
DA:4,1
DA:5,1
DA:7,1
DA:9,1
DA:20,1
DA:21,0
DA:35,1
DA:36,0
DA:37,0
DA:52,1
DA:53,0
DA:67,1
DA:68,0
DA:72,1
DA:73,0
DA:74,0
DA:75,0
DA:77,0
DA:82,1
DA:83,0
DA:84,0
DA:85,0
DA:90,1
DA:91,0
DA:95,1
DA:96,0
DA:97,0
DA:98,0
DA:103,1
DA:104,0
DA:105,0
DA:106,0
DA:111,1
DA:112,0
DA:113,0
DA:117,1
DA:118,0
DA:119,0
DA:123,1
DA:124,0
DA:125,0
DA:129,1
DA:130,0
DA:131,0
DA:132,0
DA:137,1
DA:138,0
DA:139,0
DA:143,1
DA:144,0
DA:145,0
DA:149,1
DA:150,0
DA:151,0
DA:152,0
DA:157,1
DA:158,0
DA:159,0
DA:160,0
DA:165,1
DA:166,0
DA:167,0
DA:168,0
DA:173,1
DA:174,0
DA:175,0
DA:176,0
DA:181,1
DA:182,0
DA:183,0
DA:187,1
DA:188,0
DA:189,0
DA:193,1
DA:194,0
DA:195,0
DA:196,0
DA:201,1
DA:202,0
DA:203,0
DA:204,0
DA:209,1
DA:210,0
DA:211,0
DA:215,1
DA:216,0
DA:217,0
DA:218,0
DA:223,1
DA:224,0
DA:227,1
DA:229,0
DA:232,1
DA:234,0
DA:237,1
DA:238,0
DA:239,0
DA:243,1
DA:244,0
DA:245,0
DA:246,0
DA:251,1
DA:252,0
DA:253,0
DA:258,1
DA:259,0
DA:260,0
DA:264,1
DA:265,0
DA:266,0
DA:270,1
DA:271,0
DA:272,0
DA:276,1
DA:277,0
DA:278,0
DA:279,0
DA:284,1
DA:285,0
DA:286,0
DA:287,0
DA:292,1
DA:293,0
DA:294,0
DA:298,1
DA:299,0
DA:303,1
DA:304,0
DA:305,0
DA:306,0
DA:307,0
DA:310,0
DA:312,0
DA:316,1
DA:317,0
DA:318,0
DA:319,0
DA:320,0
DA:321,0
DA:325,0
DA:327,0
DA:331,1
DA:332,0
DA:333,0
DA:334,0
DA:335,0
DA:338,0
DA:340,0
DA:344,1
DA:345,0
DA:346,0
DA:347,0
DA:348,0
DA:349,0
DA:353,0
DA:355,0
DA:361,1
LF:158
LH:48
BRDA:304,1,0,0
BRDA:304,1,1,0
BRDA:310,2,0,0
BRDA:310,2,1,0
BRDA:317,3,0,0
BRDA:317,3,1,0
BRDA:320,4,0,0
BRDA:320,4,1,0
BRDA:325,5,0,0
BRDA:325,5,1,0
BRDA:332,6,0,0
BRDA:332,6,1,0
BRDA:338,7,0,0
BRDA:338,7,1,0
BRDA:345,8,0,0
BRDA:345,8,1,0
BRDA:348,9,0,0
BRDA:348,9,1,0
BRDA:353,10,0,0
BRDA:353,10,1,0
BRF:20
BRH:0
end_of_record
TN:
SF:/Users/erz/code/preceptorjs/taxi/lib/helpers/comparison.js
FN:19,Comparison
FN:23,(anonymous_2)
FN:40,(anonymous_3)
FN:57,(anonymous_4)
FN:72,(anonymous_5)
FN:84,(anonymous_6)
FN:105,(anonymous_7)
FN:117,(anonymous_8)
FN:143,(anonymous_9)
FN:147,(anonymous_10)
FN:166,(anonymous_11)
FN:184,(anonymous_12)
FNF:12
FNH:6
FNDA:2,Comparison
FNDA:2,(anonymous_2)
FNDA:8,(anonymous_3)
FNDA:0,(anonymous_4)
FNDA:2,(anonymous_5)
FNDA:2,(anonymous_6)
FNDA:0,(anonymous_7)
FNDA:0,(anonymous_8)
FNDA:0,(anonymous_9)
FNDA:0,(anonymous_10)
FNDA:0,(anonymous_11)
FNDA:2,(anonymous_12)
DA:3,1
DA:4,1
DA:5,1
DA:7,1
DA:19,1
DA:20,2
DA:22,2
DA:23,2
DA:24,2
DA:40,1
DA:41,8
DA:42,8
DA:57,1
DA:58,0
DA:72,1
DA:73,2
DA:84,1
DA:86,2
DA:90,2
DA:91,2
DA:92,2
DA:94,2
DA:105,1
DA:106,0
DA:117,1
DA:119,0
DA:121,0
DA:123,0
DA:124,0
DA:126,0
DA:127,0
DA:130,0
DA:143,1
DA:145,0
DA:147,0
DA:149,0
DA:150,0
DA:155,0
DA:166,1
DA:168,0
DA:170,0
DA:171,0
DA:172,0
DA:176,0
DA:184,1
DA:185,2
DA:186,2
DA:187,2
DA:192,1
LF:49
LH:30
BRDA:121,1,0,0
BRDA:121,1,1,0
BRDA:123,2,0,0
BRDA:123,2,1,0
BRDA:126,3,0,0
BRDA:126,3,1,0
BRDA:145,4,0,0
BRDA:145,4,1,0
BRDA:171,5,0,0
BRDA:171,5,1,0
BRDA:186,6,0,2
BRDA:186,6,1,0
BRF:12
BRH:1
end_of_record
TN:
SF:/Users/erz/code/preceptorjs/taxi/lib/comparison/blinkdiff.js
FN:24,BlinkDiffComparison
FN:40,(anonymous_2)
FN:57,(anonymous_3)
FN:73,(anonymous_4)
FN:84,(anonymous_5)
FN:94,(anonymous_6)
FN:111,(anonymous_7)
FN:128,(anonymous_8)
FN:139,(anonymous_9)
FN:149,(anonymous_10)
FN:159,(anonymous_11)
FN:171,(anonymous_12)
FN:192,(anonymous_13)
FN:210,(anonymous_14)
FN:224,(anonymous_15)
FN:241,(anonymous_16)
FN:258,(anonymous_17)
FN:276,(anonymous_18)
FN:294,(anonymous_19)
FN:312,(anonymous_20)
FN:329,(anonymous_21)
FN:344,(anonymous_22)
FN:346,(anonymous_23)
FN:363,(anonymous_24)
FN:419,(anonymous_25)
FN:428,(anonymous_26)
FNF:26
FNH:4
FNDA:2,BlinkDiffComparison
FNDA:8,(anonymous_2)
FNDA:0,(anonymous_3)
FNDA:0,(anonymous_4)
FNDA:0,(anonymous_5)
FNDA:0,(anonymous_6)
FNDA:0,(anonymous_7)
FNDA:0,(anonymous_8)
FNDA:0,(anonymous_9)
FNDA:0,(anonymous_10)
FNDA:0,(anonymous_11)
FNDA:0,(anonymous_12)
FNDA:0,(anonymous_13)
FNDA:0,(anonymous_14)
FNDA:0,(anonymous_15)
FNDA:0,(anonymous_16)
FNDA:0,(anonymous_17)
FNDA:0,(anonymous_18)
FNDA:0,(anonymous_19)
FNDA:0,(anonymous_20)
FNDA:0,(anonymous_21)
FNDA:0,(anonymous_22)
FNDA:0,(anonymous_23)
FNDA:0,(anonymous_24)
FNDA:2,(anonymous_25)
FNDA:2,(anonymous_26)
DA:3,1
DA:4,1
DA:5,1
DA:7,1
DA:8,1
DA:9,1
DA:10,1
DA:11,1
DA:13,1
DA:24,1
DA:25,2
DA:40,1
DA:41,8
DA:42,8
DA:57,1
DA:58,0
DA:73,1
DA:74,0
DA:84,1
DA:85,0
DA:94,1
DA:96,0
DA:98,0
DA:99,0
DA:102,0
DA:111,1
DA:113,0
DA:115,0
DA:116,0
DA:119,0
DA:128,1
DA:129,0
DA:139,1
DA:140,0
DA:149,1
DA:150,0
DA:159,1
DA:160,0
DA:171,1
DA:173,0
DA:175,0
DA:176,0
DA:178,0
DA:181,0
DA:192,1
DA:193,0
DA:195,0
DA:196,0
DA:198,0
DA:210,1
DA:211,0
DA:224,1
DA:225,0
DA:229,0
DA:241,1
DA:242,0
DA:246,0
DA:258,1
DA:259,0
DA:263,0
DA:276,1
DA:277,0
DA:281,0
DA:294,1
DA:295,0
DA:299,0
DA:312,1
DA:313,0
DA:317,0
DA:329,1
DA:331,0
DA:333,0
DA:334,0
DA:344,1
DA:346,0
DA:348,0
DA:349,0
DA:363,1
DA:365,0
DA:370,0
DA:372,0
DA:373,0
DA:374,0
DA:377,0
DA:380,0
DA:382,0
DA:384,0
DA:386,0
DA:387,0
DA:390,0
DA:394,0
DA:395,0
DA:397,0
DA:398,0
DA:399,0
DA:401,0
DA:402,0
DA:403,0
DA:405,0
DA:406,0
DA:409,0
DA:419,1
DA:428,1
DA:432,1
LF:104
LH:38
BRDA:85,1,0,0
BRDA:85,1,1,0
BRDA:98,2,0,0
BRDA:98,2,1,0
BRDA:115,3,0,0
BRDA:115,3,1,0
BRDA:140,4,0,0
BRDA:140,4,1,0
BRDA:150,5,0,0
BRDA:150,5,1,0
BRDA:160,6,0,0
BRDA:160,6,1,0
BRDA:225,7,0,0
BRDA:225,7,1,0
BRDA:227,8,0,0
BRDA:227,8,1,0
BRDA:242,9,0,0
BRDA:242,9,1,0
BRDA:244,10,0,0
BRDA:244,10,1,0
BRDA:259,11,0,0
BRDA:259,11,1,0
BRDA:261,12,0,0
BRDA:261,12,1,0
BRDA:281,13,0,0
BRDA:281,13,1,0
BRDA:299,14,0,0
BRDA:299,14,1,0
BRDA:317,15,0,0
BRDA:317,15,1,0
BRDA:348,16,0,0
BRDA:348,16,1,0
BRDA:384,17,0,0
BRDA:384,17,1,0
BRDA:386,18,0,0
BRDA:386,18,1,0
BRDA:402,19,0,0
BRDA:402,19,1,0
BRDA:402,20,0,0
BRDA:402,20,1,0
BRDA:402,20,2,0
BRDA:405,21,0,0
BRDA:405,21,1,0
BRDA:405,22,0,0
BRDA:405,22,1,0
BRF:45
BRH:0
end_of_record
TN:
SF:/Users/erz/code/preceptorjs/taxi/lib/helpers/devicePixelRatio.js
FN:22,DevicePixelRatio
FN:38,(anonymous_2)
FN:55,(anonymous_3)
FN:70,(anonymous_4)
FN:84,(anonymous_5)
FN:88,(anonymous_6)
FN:104,(anonymous_7)
FN:110,(anonymous_8)
FN:114,(anonymous_9)
FN:117,(anonymous_10)
FN:149,(anonymous_11)
FNF:11
FNH:6
FNDA:2,DevicePixelRatio
FNDA:16,(anonymous_2)
FNDA:0,(anonymous_3)
FNDA:6,(anonymous_4)
FNDA:2,(anonymous_5)
FNDA:0,(anonymous_6)
FNDA:2,(anonymous_7)
FNDA:0,(anonymous_8)
FNDA:0,(anonymous_9)
FNDA:0,(anonymous_10)
FNDA:2,(anonymous_11)
DA:3,1
DA:4,1
DA:5,1
DA:7,1
DA:9,1
DA:11,1
DA:22,1
DA:23,2
DA:38,1
DA:39,16
DA:40,16
DA:55,1
DA:56,0
DA:70,1
DA:71,6
DA:84,1
DA:85,2
DA:87,2
DA:88,2
DA:89,0
DA:90,0
DA:93,0
DA:104,1
DA:106,2
DA:110,2
DA:111,0
DA:114,0
DA:117,0
DA:120,0
DA:123,0
DA:124,0
DA:127,0
DA:128,0
DA:130,0
DA:149,1
DA:150,2
DA:151,2
DA:154,0
DA:158,1
LF:39
LH:25
BRDA:87,1,0,2
BRDA:87,1,1,0
BRDA:123,2,0,0
BRDA:123,2,1,0
BRDA:127,3,0,0
BRDA:127,3,1,0
BRDA:150,4,0,2
BRDA:150,4,1,0
BRF:8
BRH:2
end_of_record
TN:
SF:/Users/erz/code/preceptorjs/taxi/lib/scripts/devicePixelRatio.js
FN:14,(anonymous_1)
FN:64,(anonymous_2)
FNF:2
FNH:0
FNDA:0,(anonymous_1)
FNDA:0,(anonymous_2)
DA:1,1
DA:15,0
DA:20,0
DA:21,0
DA:22,0
DA:23,0
DA:24,0
DA:25,0
DA:26,0
DA:28,0
DA:38,0
DA:41,0
DA:44,0
DA:45,0
DA:46,0
DA:47,0
DA:49,0
DA:50,0
DA:51,0
DA:52,0
DA:53,0
DA:55,0
DA:65,0
DA:67,0
DA:68,0
DA:69,0
LF:26
LH:1
BRDA:33,1,0,0
BRDA:33,1,1,0
BRF:2
BRH:0
end_of_record
TN:
SF:/Users/erz/code/preceptorjs/taxi/lib/helpers/stitching.js
FN:22,Stitching
FN:38,(anonymous_2)
FN:55,(anonymous_3)
FN:70,(anonymous_4)
FN:84,(anonymous_5)
FN:88,(anonymous_6)
FN:105,(anonymous_7)
FN:114,(anonymous_8)
FN:117,(anonymous_9)
FN:121,(anonymous_10)
FN:124,(anonymous_11)
FN:146,(anonymous_12)
FN:184,(anonymous_13)
FNF:13
FNH:1
FNDA:2,Stitching
FNDA:0,(anonymous_2)
FNDA:0,(anonymous_3)
FNDA:0,(anonymous_4)
FNDA:0,(anonymous_5)
FNDA:0,(anonymous_6)
FNDA:0,(anonymous_7)
FNDA:0,(anonymous_8)
FNDA:0,(anonymous_9)
FNDA:0,(anonymous_10)
FNDA:0,(anonymous_11)
FNDA:0,(anonymous_12)
FNDA:0,(anonymous_13)
DA:3,1
DA:4,1
DA:5,1
DA:7,1
DA:9,1
DA:11,1
DA:22,1
DA:23,2
DA:38,1
DA:39,0
DA:40,0
DA:55,1
DA:56,0
DA:70,1
DA:71,0
DA:84,1
DA:85,0
DA:87,0
DA:88,0
DA:89,0
DA:90,0
DA:93,0
DA:105,1
DA:107,0
DA:114,0
DA:117,0
DA:118,0
DA:121,0
DA:124,0
DA:126,0
DA:146,1
DA:150,0
DA:161,0
DA:163,0
DA:164,0
DA:165,0
DA:169,0
DA:184,1
DA:185,0
DA:186,0
DA:189,0
DA:193,1
LF:42
LH:16
BRDA:87,1,0,0
BRDA:87,1,1,0
BRDA:161,2,0,0
BRDA:161,2,1,0
BRDA:163,3,0,0
BRDA:163,3,1,0
BRDA:164,4,0,0
BRDA:164,4,1,0
BRDA:164,5,0,0
BRDA:164,5,1,0
BRDA:185,6,0,0
BRDA:185,6,1,0
BRF:12
BRH:0
end_of_record
TN:
SF:/Users/erz/code/preceptorjs/taxi/lib/scripts/stitching.js
FN:10,(anonymous_1)
FN:49,(anonymous_2)
FNF:2
FNH:0
FNDA:0,(anonymous_1)
FNDA:0,(anonymous_2)
DA:1,1
DA:11,0
DA:16,0
DA:17,0
DA:18,0
DA:19,0
DA:20,0
DA:21,0
DA:22,0
DA:24,0
DA:31,0
DA:34,0
DA:37,0
DA:38,0
DA:40,0
DA:50,0
DA:52,0
DA:53,0
DA:54,0
LF:19
LH:1
BRF:0
BRH:0
end_of_record
