TN:
SF:/Users/erz/code/preceptorjs/taxi/index.js
FN:50,taxi
FNF:1
FNH:1
FNDA:3,taxi
DA:3,1
DA:4,1
DA:5,1
DA:6,1
DA:7,1
DA:8,1
DA:9,1
DA:10,1
DA:11,1
DA:12,1
DA:13,1
DA:14,1
DA:15,1
DA:16,1
DA:17,1
DA:18,1
DA:19,1
DA:20,1
DA:21,1
DA:22,1
DA:23,1
DA:24,1
DA:26,1
DA:28,1
DA:50,1
DA:51,3
DA:59,1
DA:65,1
DA:71,1
DA:77,1
DA:83,1
DA:89,1
DA:95,1
DA:101,1
DA:107,1
DA:113,1
DA:119,1
DA:125,1
DA:131,1
DA:137,1
DA:143,1
DA:149,1
DA:155,1
DA:161,1
DA:167,1
DA:173,1
DA:179,1
DA:185,1
DA:191,1
LF:49
LH:49
BRF:0
BRH:0
end_of_record
TN:
SF:/Users/erz/code/preceptorjs/taxi/lib/alert.js
FN:19,Alert
FN:35,(anonymous_2)
FN:52,(anonymous_3)
FN:67,(anonymous_4)
FN:78,(anonymous_5)
FN:88,(anonymous_6)
FN:100,(anonymous_7)
FN:113,(anonymous_8)
FNF:8
FNH:7
FNDA:36,Alert
FNDA:72,(anonymous_2)
FNDA:36,(anonymous_3)
FNDA:0,(anonymous_4)
FNDA:14,(anonymous_5)
FNDA:2,(anonymous_6)
FNDA:16,(anonymous_7)
FNDA:4,(anonymous_8)
DA:3,1
DA:4,1
DA:6,1
DA:19,1
DA:20,36
DA:35,1
DA:36,72
DA:37,72
DA:52,1
DA:53,36
DA:67,1
DA:68,0
DA:78,1
DA:79,14
DA:88,1
DA:89,2
DA:90,2
DA:100,1
DA:101,16
DA:113,1
DA:114,4
DA:118,1
LF:22
LH:21
BRF:0
BRH:0
end_of_record
TN:
SF:/Users/erz/code/preceptorjs/taxi/lib/log.js
FN:19,logMethods
FN:41,logMethod
FN:42,(anonymous_3)
FN:48,(anonymous_4)
FN:54,(anonymous_5)
FN:60,(anonymous_6)
FNF:6
FNH:6
FNDA:26,logMethods
FNDA:344,logMethod
FNDA:1624,(anonymous_3)
FNDA:1624,(anonymous_4)
FNDA:1614,(anonymous_5)
FNDA:10,(anonymous_6)
DA:3,1
DA:4,1
DA:6,1
DA:8,1
DA:19,1
DA:20,26
DA:21,456
DA:22,439
DA:23,344
DA:41,1
DA:42,344
DA:43,1624
DA:44,1624
DA:48,1624
DA:49,1624
DA:50,1624
DA:51,1624
DA:52,1624
DA:53,1624
DA:55,1614
DA:56,1614
DA:57,1614
DA:58,1614
DA:59,1614
DA:61,10
DA:62,10
DA:63,10
DA:64,10
DA:65,10
DA:69,344
DA:71,344
LF:31
LH:31
BRDA:21,1,0,439
BRDA:21,1,1,17
BRDA:22,2,0,344
BRDA:22,2,1,95
BRDA:22,3,0,439
BRDA:22,3,1,344
BRDA:22,3,2,344
BRDA:22,3,3,344
BRF:8
BRH:8
end_of_record
TN:
SF:/Users/erz/code/preceptorjs/taxi/lib/when.js
FN:19,when
FN:32,whenDone
FN:40,whenTry
FN:65,isPromise
FNF:4
FNH:4
FNDA:1745,when
FNDA:3248,whenDone
FNDA:1624,whenTry
FNDA:6612,isPromise
DA:3,1
DA:4,1
DA:5,1
DA:19,1
DA:20,1745
DA:21,873
DA:23,872
DA:32,1
DA:33,3248
DA:34,1624
DA:36,1624
DA:40,1
DA:41,1624
DA:42,1624
DA:43,1624
DA:45,5
DA:47,1619
DA:48,290
DA:50,1329
DA:65,1
DA:66,6612
LF:21
LH:21
BRDA:20,1,0,873
BRDA:20,1,1,872
BRDA:33,2,0,1624
BRDA:33,2,1,1624
BRDA:47,3,0,290
BRDA:47,3,1,1329
BRDA:66,4,0,6612
BRDA:66,4,1,6474
BRDA:66,4,2,109
BRDA:66,4,3,6365
BRF:10
BRH:10
end_of_record
TN:
SF:/Users/erz/code/preceptorjs/taxi/lib/type.js
FN:10,checkType
FN:16,(anonymous_2)
FN:34,type
FN:46,(anonymous_4)
FNF:4
FNH:4
FNDA:980,checkType
FNDA:848,(anonymous_2)
FNDA:850,type
FNDA:4,(anonymous_4)
DA:8,1
DA:10,1
DA:11,980
DA:12,154
DA:13,154
DA:15,840
DA:16,840
DA:17,848
DA:18,0
DA:20,848
DA:21,2
DA:23,846
DA:25,840
DA:26,0
DA:34,1
DA:35,850
DA:37,0
DA:39,0
DA:41,0
DA:43,0
DA:45,6
DA:46,6
DA:47,4
DA:49,6
DA:50,0
DA:53,844
DA:54,844
DA:55,844
DA:57,844
DA:58,844
LF:30
LH:23
BRDA:11,1,0,154
BRDA:11,1,1,826
BRDA:13,2,0,140
BRDA:13,2,1,14
BRDA:13,3,0,154
BRDA:13,3,1,154
BRDA:17,4,0,0
BRDA:17,4,1,848
BRDA:17,5,0,848
BRDA:17,5,1,0
BRDA:17,5,2,0
BRDA:20,6,0,2
BRDA:20,6,1,846
BRDA:20,7,0,848
BRDA:20,7,1,846
BRDA:25,8,0,840
BRDA:25,8,1,0
BRDA:35,9,0,0
BRDA:35,9,1,0
BRDA:35,9,2,0
BRDA:35,9,3,0
BRDA:35,9,4,6
BRDA:45,10,0,0
BRDA:45,10,1,6
BRDA:47,11,0,4
BRDA:47,11,1,0
BRDA:49,12,0,6
BRDA:49,12,1,0
BRDA:53,13,0,0
BRDA:53,13,1,844
BRDA:54,14,0,0
BRDA:54,14,1,844
BRDA:55,15,0,0
BRDA:55,15,1,844
BRF:34
BRH:20
end_of_record
TN:
SF:/Users/erz/code/preceptorjs/taxi/lib/activeWindow.js
FN:36,ActiveWindow
FN:54,(anonymous_2)
FN:70,(anonymous_3)
FN:87,(anonymous_4)
FN:104,(anonymous_5)
FN:120,(anonymous_6)
FN:133,(anonymous_7)
FN:149,(anonymous_8)
FN:183,(anonymous_9)
FN:221,(anonymous_10)
FN:259,(anonymous_11)
FN:260,(anonymous_12)
FN:264,(anonymous_13)
FN:265,(anonymous_14)
FN:293,(anonymous_15)
FN:296,(anonymous_16)
FN:316,(anonymous_17)
FN:319,(anonymous_18)
FN:343,(anonymous_19)
FN:346,(anonymous_20)
FN:358,(anonymous_21)
FN:359,(anonymous_22)
FN:373,(anonymous_23)
FN:380,(anonymous_24)
FN:393,(anonymous_25)
FN:400,(anonymous_26)
FN:401,(anonymous_27)
FN:415,(anonymous_28)
FN:416,(anonymous_29)
FN:427,(anonymous_30)
FN:438,(anonymous_31)
FN:448,(anonymous_32)
FN:460,(anonymous_33)
FN:471,(anonymous_34)
FN:482,(anonymous_35)
FN:493,(anonymous_36)
FN:504,(anonymous_37)
FN:515,(anonymous_38)
FN:516,(anonymous_39)
FN:531,(anonymous_40)
FN:532,(anonymous_41)
FN:544,(anonymous_42)
FN:545,(anonymous_43)
FN:564,codeToString
FNF:44
FNH:26
FNDA:288,ActiveWindow
FNDA:588,(anonymous_2)
FNDA:2,(anonymous_3)
FNDA:8,(anonymous_4)
FNDA:2,(anonymous_5)
FNDA:4,(anonymous_6)
FNDA:2,(anonymous_7)
FNDA:2,(anonymous_8)
FNDA:0,(anonymous_9)
FNDA:0,(anonymous_10)
FNDA:0,(anonymous_11)
FNDA:0,(anonymous_12)
FNDA:0,(anonymous_13)
FNDA:0,(anonymous_14)
FNDA:0,(anonymous_15)
FNDA:0,(anonymous_16)
FNDA:0,(anonymous_17)
FNDA:0,(anonymous_18)
FNDA:0,(anonymous_19)
FNDA:0,(anonymous_20)
FNDA:2,(anonymous_21)
FNDA:2,(anonymous_22)
FNDA:128,(anonymous_23)
FNDA:128,(anonymous_24)
FNDA:6,(anonymous_25)
FNDA:6,(anonymous_26)
FNDA:8,(anonymous_27)
FNDA:4,(anonymous_28)
FNDA:4,(anonymous_29)
FNDA:2,(anonymous_30)
FNDA:4,(anonymous_31)
FNDA:2,(anonymous_32)
FNDA:2,(anonymous_33)
FNDA:46,(anonymous_34)
FNDA:20,(anonymous_35)
FNDA:2,(anonymous_36)
FNDA:36,(anonymous_37)
FNDA:0,(anonymous_38)
FNDA:0,(anonymous_39)
FNDA:0,(anonymous_40)
FNDA:0,(anonymous_41)
FNDA:0,(anonymous_42)
FNDA:0,(anonymous_43)
FNDA:10,codeToString
DA:3,1
DA:5,1
DA:6,1
DA:7,1
DA:9,1
DA:10,1
DA:11,1
DA:12,1
DA:13,1
DA:14,1
DA:15,1
DA:17,1
DA:19,1
DA:20,1
DA:22,1
DA:36,1
DA:37,288
DA:38,288
DA:40,1
DA:54,1
DA:55,588
DA:56,588
DA:70,1
DA:71,2
DA:87,1
DA:88,8
DA:89,8
DA:90,8
DA:104,1
DA:105,2
DA:106,2
DA:107,2
DA:120,1
DA:121,4
DA:122,4
DA:133,1
DA:134,2
DA:149,1
DA:150,2
DA:151,2
DA:152,2
DA:153,2
DA:169,1
DA:183,1
DA:184,0
DA:185,0
DA:186,0
DA:187,0
DA:203,1
DA:221,1
DA:222,0
DA:223,0
DA:224,0
DA:225,0
DA:245,1
DA:259,1
DA:260,0
DA:261,0
DA:262,0
DA:264,0
DA:265,0
DA:266,0
DA:267,0
DA:269,0
DA:293,1
DA:294,0
DA:296,0
DA:297,0
DA:316,1
DA:317,0
DA:319,0
DA:320,0
DA:343,1
DA:344,0
DA:346,0
DA:347,0
DA:358,1
DA:359,2
DA:360,2
DA:373,1
DA:374,128
DA:375,128
DA:377,128
DA:381,128
DA:393,1
DA:394,6
DA:395,6
DA:397,6
DA:401,6
DA:402,8
DA:415,1
DA:416,4
DA:417,4
DA:427,1
DA:428,2
DA:438,1
DA:439,4
DA:448,1
DA:449,2
DA:460,1
DA:461,2
DA:471,1
DA:472,46
DA:482,1
DA:483,20
DA:493,1
DA:494,2
DA:504,1
DA:505,36
DA:515,1
DA:516,0
DA:517,0
DA:531,1
DA:532,0
DA:533,0
DA:544,1
DA:545,0
DA:546,0
DA:551,1
DA:564,1
DA:565,10
DA:566,6
DA:568,10
LF:123
LH:92
BRDA:90,1,0,8
BRDA:90,1,1,6
BRDA:107,2,0,2
BRDA:107,2,1,2
BRDA:122,3,0,2
BRDA:122,3,1,2
BRDA:150,4,0,2
BRDA:150,4,1,2
BRDA:184,5,0,0
BRDA:184,5,1,0
BRDA:222,6,0,0
BRDA:222,6,1,0
BRDA:261,7,0,0
BRDA:261,7,1,0
BRDA:266,8,0,0
BRDA:266,8,1,0
BRDA:294,9,0,0
BRDA:294,9,1,0
BRDA:317,10,0,0
BRDA:317,10,1,0
BRDA:344,11,0,0
BRDA:344,11,1,0
BRDA:378,12,0,128
BRDA:378,12,1,116
BRDA:398,13,0,6
BRDA:398,13,1,6
BRDA:518,14,0,0
BRDA:518,14,1,0
BRDA:519,15,0,0
BRDA:519,15,1,0
BRDA:533,16,0,0
BRDA:533,16,1,0
BRDA:533,17,0,0
BRDA:533,17,1,0
BRDA:546,18,0,0
BRDA:546,18,1,0
BRDA:546,19,0,0
BRDA:546,19,1,0
BRDA:565,20,0,6
BRDA:565,20,1,4
BRF:40
BRH:14
end_of_record
TN:
SF:/Users/erz/code/preceptorjs/taxi/lib/element.js
FN:26,Element
FN:124,(anonymous_2)
FN:142,(anonymous_3)
FN:157,(anonymous_4)
FN:169,(anonymous_5)
FN:180,(anonymous_6)
FN:192,(anonymous_7)
FN:203,(anonymous_8)
FN:215,(anonymous_9)
FN:227,(anonymous_10)
FN:229,(anonymous_11)
FN:240,(anonymous_12)
FN:241,(anonymous_13)
FN:254,(anonymous_14)
FN:265,(anonymous_15)
FN:267,(anonymous_16)
FN:282,(anonymous_17)
FN:293,(anonymous_18)
FN:305,(anonymous_19)
FN:317,(anonymous_20)
FN:328,(anonymous_21)
FN:339,(anonymous_22)
FN:350,(anonymous_23)
FN:360,(anonymous_24)
FN:361,(anonymous_25)
FN:375,(anonymous_26)
FN:386,(anonymous_27)
FN:396,(anonymous_28)
FN:407,(anonymous_29)
FN:417,(anonymous_30)
FN:427,(anonymous_31)
FN:437,(anonymous_32)
FN:438,(anonymous_33)
FN:439,(anonymous_34)
FN:456,(anonymous_35)
FN:457,(anonymous_36)
FN:471,(anonymous_37)
FN:472,(anonymous_38)
FN:490,(anonymous_39)
FN:497,(anonymous_40)
FN:510,(anonymous_41)
FN:517,(anonymous_42)
FN:518,(anonymous_43)
FN:532,(anonymous_44)
FN:533,(anonymous_45)
FN:552,(anonymous_46)
FN:556,(anonymous_47)
FN:588,(anonymous_48)
FN:591,(anonymous_49)
FNF:49
FNH:40
FNDA:148,Element
FNDA:496,(anonymous_2)
FNDA:156,(anonymous_3)
FNDA:0,(anonymous_4)
FNDA:44,(anonymous_5)
FNDA:2,(anonymous_6)
FNDA:32,(anonymous_7)
FNDA:2,(anonymous_8)
FNDA:18,(anonymous_9)
FNDA:6,(anonymous_10)
FNDA:6,(anonymous_11)
FNDA:6,(anonymous_12)
FNDA:6,(anonymous_13)
FNDA:52,(anonymous_14)
FNDA:0,(anonymous_15)
FNDA:0,(anonymous_16)
FNDA:0,(anonymous_17)
FNDA:2,(anonymous_18)
FNDA:2,(anonymous_19)
FNDA:4,(anonymous_20)
FNDA:4,(anonymous_21)
FNDA:8,(anonymous_22)
FNDA:8,(anonymous_23)
FNDA:4,(anonymous_24)
FNDA:4,(anonymous_25)
FNDA:6,(anonymous_26)
FNDA:6,(anonymous_27)
FNDA:2,(anonymous_28)
FNDA:8,(anonymous_29)
FNDA:6,(anonymous_30)
FNDA:0,(anonymous_31)
FNDA:4,(anonymous_32)
FNDA:4,(anonymous_33)
FNDA:4,(anonymous_34)
FNDA:2,(anonymous_35)
FNDA:2,(anonymous_36)
FNDA:2,(anonymous_37)
FNDA:2,(anonymous_38)
FNDA:4,(anonymous_39)
FNDA:4,(anonymous_40)
FNDA:6,(anonymous_41)
FNDA:6,(anonymous_42)
FNDA:6,(anonymous_43)
FNDA:4,(anonymous_44)
FNDA:4,(anonymous_45)
FNDA:0,(anonymous_46)
FNDA:0,(anonymous_47)
FNDA:0,(anonymous_48)
FNDA:0,(anonymous_49)
DA:3,1
DA:4,1
DA:5,1
DA:7,1
DA:8,1
DA:10,1
DA:12,1
DA:26,1
DA:27,148
DA:28,148
DA:29,148
DA:30,148
DA:45,1
DA:54,1
DA:63,1
DA:72,1
DA:82,1
DA:92,1
DA:101,1
DA:110,1
DA:124,1
DA:125,496
DA:126,496
DA:127,496
DA:142,1
DA:143,156
DA:157,1
DA:158,0
DA:169,1
DA:170,44
DA:180,1
DA:181,2
DA:192,1
DA:193,32
DA:203,1
DA:204,2
DA:215,1
DA:216,18
DA:217,18
DA:227,1
DA:228,6
DA:229,6
DA:230,6
DA:240,1
DA:241,6
DA:242,6
DA:254,1
DA:255,52
DA:265,1
DA:266,0
DA:267,0
DA:268,0
DA:282,1
DA:283,0
DA:293,1
DA:294,2
DA:305,1
DA:306,2
DA:307,2
DA:317,1
DA:318,4
DA:328,1
DA:329,4
DA:339,1
DA:340,8
DA:341,8
DA:350,1
DA:351,8
DA:360,1
DA:361,4
DA:362,4
DA:375,1
DA:376,6
DA:377,6
DA:386,1
DA:387,6
DA:396,1
DA:397,2
DA:407,1
DA:408,8
DA:417,1
DA:418,6
DA:427,1
DA:428,0
DA:437,1
DA:438,4
DA:439,4
DA:440,4
DA:456,1
DA:457,2
DA:458,2
DA:471,1
DA:472,2
DA:473,2
DA:490,1
DA:491,4
DA:492,4
DA:494,4
DA:498,4
DA:510,1
DA:511,6
DA:512,6
DA:514,6
DA:518,6
DA:519,6
DA:532,1
DA:533,4
DA:534,4
DA:552,1
DA:554,0
DA:556,0
DA:557,0
DA:558,0
DA:559,0
DA:571,1
DA:588,1
DA:589,0
DA:591,0
DA:592,0
DA:597,1
LF:120
LH:106
BRDA:377,1,0,2
BRDA:377,1,1,4
BRDA:495,2,0,4
BRDA:495,2,1,4
BRDA:515,3,0,6
BRDA:515,3,1,6
BRDA:554,4,0,0
BRDA:554,4,1,0
BRDA:589,5,0,0
BRDA:589,5,1,0
BRF:10
BRH:6
end_of_record
TN:
SF:/Users/erz/code/preceptorjs/taxi/lib/mouse.js
FN:19,Mouse
FN:68,(anonymous_2)
FN:85,(anonymous_3)
FN:100,(anonymous_4)
FN:111,(anonymous_5)
FN:113,(anonymous_6)
FN:129,(anonymous_7)
FN:130,(anonymous_8)
FN:143,(anonymous_9)
FN:154,(anonymous_10)
FN:164,(anonymous_11)
FN:165,(anonymous_12)
FN:177,(anonymous_13)
FN:178,(anonymous_14)
FN:190,(anonymous_15)
FN:191,(anonymous_16)
FN:204,(anonymous_17)
FN:205,(anonymous_18)
FN:217,(anonymous_19)
FN:218,(anonymous_20)
FN:231,(anonymous_21)
FN:232,(anonymous_22)
FNF:22
FNH:21
FNDA:44,Mouse
FNDA:128,(anonymous_2)
FNDA:20,(anonymous_3)
FNDA:0,(anonymous_4)
FNDA:24,(anonymous_5)
FNDA:4,(anonymous_6)
FNDA:2,(anonymous_7)
FNDA:2,(anonymous_8)
FNDA:12,(anonymous_9)
FNDA:10,(anonymous_10)
FNDA:2,(anonymous_11)
FNDA:2,(anonymous_12)
FNDA:2,(anonymous_13)
FNDA:2,(anonymous_14)
FNDA:2,(anonymous_15)
FNDA:2,(anonymous_16)
FNDA:4,(anonymous_17)
FNDA:4,(anonymous_18)
FNDA:2,(anonymous_19)
FNDA:2,(anonymous_20)
FNDA:4,(anonymous_21)
FNDA:4,(anonymous_22)
DA:3,1
DA:4,1
DA:5,1
DA:7,1
DA:19,1
DA:20,44
DA:21,44
DA:36,1
DA:45,1
DA:54,1
DA:68,1
DA:69,128
DA:70,128
DA:85,1
DA:86,20
DA:100,1
DA:101,0
DA:111,1
DA:112,24
DA:113,4
DA:114,4
DA:117,20
DA:129,1
DA:130,2
DA:131,2
DA:143,1
DA:144,12
DA:145,12
DA:146,12
DA:154,1
DA:155,10
DA:164,1
DA:165,2
DA:166,2
DA:177,1
DA:178,2
DA:179,2
DA:190,1
DA:191,2
DA:192,2
DA:204,1
DA:205,4
DA:206,4
DA:217,1
DA:218,2
DA:219,2
DA:231,1
DA:232,4
DA:233,4
DA:238,1
LF:50
LH:49
BRDA:112,1,0,4
BRDA:112,1,1,20
BRF:2
BRH:2
end_of_record
TN:
SF:/Users/erz/code/preceptorjs/taxi/lib/touch.js
FN:19,Touch
FN:36,(anonymous_2)
FN:53,(anonymous_3)
FN:68,(anonymous_4)
FN:78,(anonymous_5)
FN:87,(anonymous_6)
FN:96,(anonymous_7)
FN:108,(anonymous_8)
FN:111,(anonymous_9)
FN:121,(anonymous_10)
FN:122,(anonymous_11)
FN:135,(anonymous_12)
FN:138,(anonymous_13)
FN:148,(anonymous_14)
FN:149,(anonymous_15)
FN:162,(anonymous_16)
FN:165,(anonymous_17)
FN:175,(anonymous_18)
FN:176,(anonymous_19)
FNF:19
FNH:1
FNDA:2,Touch
FNDA:0,(anonymous_2)
FNDA:0,(anonymous_3)
FNDA:0,(anonymous_4)
FNDA:0,(anonymous_5)
FNDA:0,(anonymous_6)
FNDA:0,(anonymous_7)
FNDA:0,(anonymous_8)
FNDA:0,(anonymous_9)
FNDA:0,(anonymous_10)
FNDA:0,(anonymous_11)
FNDA:0,(anonymous_12)
FNDA:0,(anonymous_13)
FNDA:0,(anonymous_14)
FNDA:0,(anonymous_15)
FNDA:0,(anonymous_16)
FNDA:0,(anonymous_17)
FNDA:0,(anonymous_18)
FNDA:0,(anonymous_19)
DA:3,1
DA:4,1
DA:5,1
DA:7,1
DA:19,1
DA:20,2
DA:21,2
DA:36,1
DA:37,0
DA:38,0
DA:53,1
DA:54,0
DA:68,1
DA:69,0
DA:78,1
DA:79,0
DA:87,1
DA:88,0
DA:96,1
DA:97,0
DA:108,1
DA:109,0
DA:110,0
DA:111,0
DA:112,0
DA:121,1
DA:122,0
DA:123,0
DA:135,1
DA:136,0
DA:137,0
DA:138,0
DA:139,0
DA:148,1
DA:149,0
DA:150,0
DA:162,1
DA:163,0
DA:164,0
DA:165,0
DA:166,0
DA:175,1
DA:176,0
DA:177,0
DA:185,1
LF:45
LH:20
BRF:0
BRH:0
end_of_record
TN:
SF:/Users/erz/code/preceptorjs/taxi/lib/helpers/screenshot.js
FN:23,Screenshot
FN:39,(anonymous_2)
FN:56,(anonymous_3)
FN:71,(anonymous_4)
FN:84,(anonymous_5)
FN:86,(anonymous_6)
FN:103,(anonymous_7)
FN:105,(anonymous_8)
FN:118,(anonymous_9)
FN:136,(anonymous_10)
FN:138,(anonymous_11)
FN:161,(anonymous_12)
FN:163,(anonymous_13)
FN:190,(anonymous_14)
FN:192,(anonymous_15)
FN:219,(anonymous_16)
FN:223,(anonymous_17)
FN:227,(anonymous_18)
FN:229,(anonymous_19)
FN:246,(anonymous_20)
FN:251,(anonymous_21)
FN:253,(anonymous_22)
FN:262,(anonymous_23)
FN:279,(anonymous_24)
FN:296,(anonymous_25)
FN:338,(anonymous_26)
FN:339,(anonymous_27)
FN:381,(anonymous_28)
FN:389,(anonymous_29)
FN:391,(anonymous_30)
FN:393,(anonymous_31)
FN:395,(anonymous_32)
FN:426,(anonymous_33)
FN:427,(anonymous_34)
FN:432,(anonymous_35)
FN:456,(anonymous_36)
FN:457,(anonymous_37)
FN:478,(anonymous_38)
FN:557,(anonymous_39)
FN:612,(anonymous_40)
FN:697,(anonymous_41)
FN:750,(anonymous_42)
FN:752,(anonymous_43)
FN:755,(anonymous_44)
FN:773,(anonymous_45)
FN:775,(anonymous_46)
FN:793,(anonymous_47)
FN:801,(anonymous_48)
FN:804,(anonymous_49)
FN:806,(anonymous_50)
FN:809,(anonymous_51)
FN:830,(anonymous_52)
FN:861,(anonymous_53)
FN:870,(anonymous_54)
FN:872,(anonymous_55)
FN:913,(anonymous_56)
FNF:56
FNH:5
FNDA:4,Screenshot
FNDA:12,(anonymous_2)
FNDA:0,(anonymous_3)
FNDA:4,(anonymous_4)
FNDA:0,(anonymous_5)
FNDA:0,(anonymous_6)
FNDA:0,(anonymous_7)
FNDA:0,(anonymous_8)
FNDA:0,(anonymous_9)
FNDA:2,(anonymous_10)
FNDA:0,(anonymous_11)
FNDA:0,(anonymous_12)
FNDA:0,(anonymous_13)
FNDA:0,(anonymous_14)
FNDA:0,(anonymous_15)
FNDA:0,(anonymous_16)
FNDA:0,(anonymous_17)
FNDA:0,(anonymous_18)
FNDA:0,(anonymous_19)
FNDA:0,(anonymous_20)
FNDA:0,(anonymous_21)
FNDA:0,(anonymous_22)
FNDA:0,(anonymous_23)
FNDA:0,(anonymous_24)
FNDA:0,(anonymous_25)
FNDA:0,(anonymous_26)
FNDA:0,(anonymous_27)
FNDA:2,(anonymous_28)
FNDA:0,(anonymous_29)
FNDA:0,(anonymous_30)
FNDA:0,(anonymous_31)
FNDA:0,(anonymous_32)
FNDA:0,(anonymous_33)
FNDA:0,(anonymous_34)
FNDA:0,(anonymous_35)
FNDA:0,(anonymous_36)
FNDA:0,(anonymous_37)
FNDA:0,(anonymous_38)
FNDA:0,(anonymous_39)
FNDA:0,(anonymous_40)
FNDA:0,(anonymous_41)
FNDA:0,(anonymous_42)
FNDA:0,(anonymous_43)
FNDA:0,(anonymous_44)
FNDA:0,(anonymous_45)
FNDA:0,(anonymous_46)
FNDA:0,(anonymous_47)
FNDA:0,(anonymous_48)
FNDA:0,(anonymous_49)
FNDA:0,(anonymous_50)
FNDA:0,(anonymous_51)
FNDA:0,(anonymous_52)
FNDA:0,(anonymous_53)
FNDA:0,(anonymous_54)
FNDA:0,(anonymous_55)
FNDA:0,(anonymous_56)
DA:3,1
DA:4,1
DA:5,1
DA:7,1
DA:9,1
DA:10,1
DA:12,1
DA:23,1
DA:24,4
DA:39,1
DA:40,12
DA:41,12
DA:56,1
DA:57,0
DA:71,1
DA:72,4
DA:84,1
DA:86,0
DA:87,0
DA:91,0
DA:103,1
DA:105,0
DA:106,0
DA:118,1
DA:119,0
DA:136,1
DA:138,2
DA:139,0
DA:161,1
DA:163,0
DA:164,0
DA:190,1
DA:192,0
DA:194,0
DA:199,0
DA:219,1
DA:221,0
DA:223,0
DA:225,0
DA:227,0
DA:229,0
DA:230,0
DA:234,0
DA:236,0
DA:237,0
DA:239,0
DA:243,0
DA:248,0
DA:251,0
DA:252,0
DA:253,0
DA:254,0
DA:257,0
DA:262,0
DA:264,0
DA:265,0
DA:268,0
DA:269,0
DA:272,0
DA:274,0
DA:279,0
DA:280,0
DA:283,0
DA:296,1
DA:298,0
DA:299,0
DA:300,0
DA:302,0
DA:303,0
DA:304,0
DA:307,0
DA:308,0
DA:309,0
DA:311,0
DA:312,0
DA:313,0
DA:316,0
DA:317,0
DA:319,0
DA:320,0
DA:323,0
DA:324,0
DA:326,0
DA:327,0
DA:338,1
DA:339,0
DA:340,0
DA:341,0
DA:343,0
DA:344,0
DA:381,1
DA:383,2
DA:389,2
DA:391,0
DA:393,0
DA:395,0
DA:396,0
DA:398,0
DA:401,0
DA:406,0
DA:407,0
DA:411,0
DA:413,0
DA:416,0
DA:417,0
DA:418,0
DA:419,0
DA:421,0
DA:424,0
DA:426,0
DA:427,0
DA:430,0
DA:432,0
DA:435,0
DA:437,0
DA:456,1
DA:457,0
DA:458,0
DA:478,1
DA:480,0
DA:493,0
DA:498,0
DA:499,0
DA:502,0
DA:506,0
DA:507,0
DA:509,0
DA:512,0
DA:513,0
DA:514,0
DA:515,0
DA:516,0
DA:518,0
DA:519,0
DA:520,0
DA:521,0
DA:522,0
DA:524,0
DA:525,0
DA:526,0
DA:527,0
DA:528,0
DA:530,0
DA:557,1
DA:559,0
DA:560,0
DA:562,0
DA:563,0
DA:566,0
DA:567,0
DA:569,0
DA:570,0
DA:572,0
DA:573,0
DA:575,0
DA:576,0
DA:579,0
DA:580,0
DA:582,0
DA:583,0
DA:612,1
DA:614,0
DA:621,0
DA:624,0
DA:626,0
DA:632,0
DA:635,0
DA:637,0
DA:639,0
DA:640,0
DA:651,0
DA:652,0
DA:653,0
DA:655,0
DA:667,0
DA:670,0
DA:673,0
DA:697,1
DA:699,0
DA:713,0
DA:714,0
DA:716,0
DA:717,0
DA:719,0
DA:730,0
DA:734,0
DA:750,1
DA:752,0
DA:753,0
DA:756,0
DA:773,1
DA:775,0
DA:776,0
DA:793,1
DA:795,0
DA:801,0
DA:804,0
DA:806,0
DA:809,0
DA:811,0
DA:830,1
DA:832,0
DA:838,0
DA:841,0
DA:842,0
DA:844,0
DA:847,0
DA:861,1
DA:863,0
DA:865,0
DA:870,0
DA:872,0
DA:874,0
DA:879,0
DA:890,0
DA:895,0
DA:896,0
DA:899,0
DA:913,1
DA:914,0
DA:915,0
DA:918,0
DA:922,1
LF:223
LH:40
BRDA:194,1,0,0
BRDA:194,1,1,0
BRDA:195,2,0,0
BRDA:195,2,1,0
BRDA:196,3,0,0
BRDA:196,3,1,0
BRDA:197,4,0,0
BRDA:197,4,1,0
BRDA:221,5,0,0
BRDA:221,5,1,0
BRDA:225,6,0,0
BRDA:225,6,1,0
BRDA:234,7,0,0
BRDA:234,7,1,0
BRDA:236,8,0,0
BRDA:236,8,1,0
BRDA:252,9,0,0
BRDA:252,9,1,0
BRDA:252,10,0,0
BRDA:252,10,1,0
BRDA:272,11,0,0
BRDA:272,11,1,0
BRDA:280,12,0,0
BRDA:280,12,1,0
BRDA:298,13,0,0
BRDA:298,13,1,0
BRDA:302,14,0,0
BRDA:302,14,1,0
BRDA:307,15,0,0
BRDA:307,15,1,0
BRDA:311,16,0,0
BRDA:311,16,1,0
BRDA:316,17,0,0
BRDA:316,17,1,0
BRDA:319,18,0,0
BRDA:319,18,1,0
BRDA:323,19,0,0
BRDA:323,19,1,0
BRDA:326,20,0,0
BRDA:326,20,1,0
BRDA:340,21,0,0
BRDA:340,21,1,0
BRDA:343,22,0,0
BRDA:343,22,1,0
BRDA:406,23,0,0
BRDA:406,23,1,0
BRDA:411,24,0,0
BRDA:411,24,1,0
BRDA:411,24,2,0
BRDA:426,25,0,0
BRDA:426,25,1,0
BRDA:426,26,0,0
BRDA:426,26,1,0
BRDA:493,27,0,0
BRDA:493,27,1,0
BRDA:506,28,0,0
BRDA:506,28,1,0
BRDA:512,29,0,0
BRDA:512,29,1,0
BRDA:513,30,0,0
BRDA:513,30,1,0
BRDA:514,31,0,0
BRDA:514,31,1,0
BRDA:515,32,0,0
BRDA:515,32,1,0
BRDA:516,33,0,0
BRDA:516,33,1,0
BRDA:518,34,0,0
BRDA:518,34,1,0
BRDA:519,35,0,0
BRDA:519,35,1,0
BRDA:520,36,0,0
BRDA:520,36,1,0
BRDA:521,37,0,0
BRDA:521,37,1,0
BRDA:522,38,0,0
BRDA:522,38,1,0
BRDA:524,39,0,0
BRDA:524,39,1,0
BRDA:525,40,0,0
BRDA:525,40,1,0
BRDA:526,41,0,0
BRDA:526,41,1,0
BRDA:527,42,0,0
BRDA:527,42,1,0
BRDA:528,43,0,0
BRDA:528,43,1,0
BRDA:559,44,0,0
BRDA:559,44,1,0
BRDA:562,45,0,0
BRDA:562,45,1,0
BRDA:566,46,0,0
BRDA:566,46,1,0
BRDA:569,47,0,0
BRDA:569,47,1,0
BRDA:572,48,0,0
BRDA:572,48,1,0
BRDA:575,49,0,0
BRDA:575,49,1,0
BRDA:579,50,0,0
BRDA:579,50,1,0
BRDA:582,51,0,0
BRDA:582,51,1,0
BRDA:626,52,0,0
BRDA:626,52,1,0
BRDA:651,53,0,0
BRDA:651,53,1,0
BRDA:798,54,0,0
BRDA:798,54,1,0
BRDA:799,55,0,0
BRDA:799,55,1,0
BRDA:799,55,2,0
BRDA:838,56,0,0
BRDA:841,57,0,0
BRDA:841,57,1,0
BRDA:895,58,0,0
BRDA:895,58,1,0
BRDA:914,59,0,0
BRDA:914,59,1,0
BRF:119
BRH:0
end_of_record
TN:
SF:/Users/erz/code/preceptorjs/taxi/lib/scripts/screenshot.js
FN:10,(anonymous_1)
FN:74,(anonymous_2)
FN:93,(anonymous_3)
FNF:3
FNH:0
FNDA:0,(anonymous_1)
FNDA:0,(anonymous_2)
FNDA:0,(anonymous_3)
DA:1,1
DA:12,0
DA:23,0
DA:24,0
DA:27,0
DA:28,0
DA:29,0
DA:30,0
DA:31,0
DA:32,0
DA:33,0
DA:34,0
DA:35,0
DA:40,0
DA:41,0
DA:42,0
DA:43,0
DA:47,0
DA:48,0
DA:49,0
DA:50,0
DA:51,0
DA:52,0
DA:53,0
DA:54,0
DA:56,0
DA:58,0
DA:63,0
DA:65,0
DA:75,0
DA:78,0
DA:81,0
DA:94,0
DA:99,0
DA:101,0
DA:102,0
LF:36
LH:1
BRDA:23,1,0,0
BRDA:23,1,1,0
BRDA:23,1,2,0
BRDA:24,2,0,0
BRDA:24,2,1,0
BRDA:24,2,2,0
BRDA:47,3,0,0
BRDA:47,3,1,0
BRDA:49,4,0,0
BRDA:49,4,1,0
BRDA:51,5,0,0
BRDA:51,5,1,0
BRDA:53,6,0,0
BRDA:53,6,1,0
BRDA:101,7,0,0
BRDA:101,7,1,0
BRF:16
BRH:0
end_of_record
TN:
SF:/Users/erz/code/preceptorjs/taxi/lib/globalTouch.js
FN:17,GlobalTouch
FN:33,(anonymous_2)
FN:50,(anonymous_3)
FN:65,(anonymous_4)
FN:77,(anonymous_5)
FN:88,(anonymous_6)
FN:99,(anonymous_7)
FN:111,(anonymous_8)
FN:124,(anonymous_9)
FN:138,(anonymous_10)
FN:152,(anonymous_11)
FN:165,(anonymous_12)
FNF:12
FNH:1
FNDA:2,GlobalTouch
FNDA:0,(anonymous_2)
FNDA:0,(anonymous_3)
FNDA:0,(anonymous_4)
FNDA:0,(anonymous_5)
FNDA:0,(anonymous_6)
FNDA:0,(anonymous_7)
FNDA:0,(anonymous_8)
FNDA:0,(anonymous_9)
FNDA:0,(anonymous_10)
FNDA:0,(anonymous_11)
FNDA:0,(anonymous_12)
DA:3,1
DA:4,1
DA:6,1
DA:17,1
DA:18,2
DA:33,1
DA:34,0
DA:35,0
DA:50,1
DA:51,0
DA:65,1
DA:66,0
DA:77,1
DA:78,0
DA:88,1
DA:89,0
DA:99,1
DA:100,0
DA:111,1
DA:112,0
DA:113,0
DA:114,0
DA:124,1
DA:125,0
DA:126,0
DA:127,0
DA:138,1
DA:139,0
DA:140,0
DA:141,0
DA:152,1
DA:153,0
DA:154,0
DA:155,0
DA:165,1
DA:166,0
DA:167,0
DA:168,0
DA:172,1
LF:39
LH:17
BRF:0
BRH:0
end_of_record
TN:
SF:/Users/erz/code/preceptorjs/taxi/lib/globalMouse.js
FN:20,GlobalMouse
FN:36,(anonymous_2)
FN:53,(anonymous_3)
FN:68,(anonymous_4)
FN:85,(anonymous_5)
FN:106,(anonymous_6)
FN:119,(anonymous_7)
FN:133,(anonymous_8)
FN:134,(anonymous_9)
FN:144,(anonymous_10)
FN:155,(anonymous_11)
FN:156,(anonymous_12)
FN:168,(anonymous_13)
FN:182,(anonymous_14)
FN:183,(anonymous_15)
FN:195,(anonymous_16)
FN:209,(anonymous_17)
FN:210,(anonymous_18)
FNF:18
FNH:8
FNDA:46,GlobalMouse
FNDA:44,(anonymous_2)
FNDA:44,(anonymous_3)
FNDA:0,(anonymous_4)
FNDA:22,(anonymous_5)
FNDA:0,(anonymous_6)
FNDA:6,(anonymous_7)
FNDA:0,(anonymous_8)
FNDA:0,(anonymous_9)
FNDA:4,(anonymous_10)
FNDA:0,(anonymous_11)
FNDA:0,(anonymous_12)
FNDA:6,(anonymous_13)
FNDA:0,(anonymous_14)
FNDA:0,(anonymous_15)
FNDA:6,(anonymous_16)
FNDA:0,(anonymous_17)
FNDA:0,(anonymous_18)
DA:3,1
DA:4,1
DA:5,1
DA:7,1
DA:9,1
DA:20,1
DA:21,46
DA:36,1
DA:37,44
DA:38,44
DA:53,1
DA:54,44
DA:68,1
DA:69,0
DA:85,1
DA:86,22
DA:88,22
DA:89,22
DA:91,22
DA:92,12
DA:93,12
DA:96,22
DA:106,1
DA:107,0
DA:108,0
DA:109,0
DA:119,1
DA:120,6
DA:121,6
DA:122,6
DA:133,1
DA:134,0
DA:135,0
DA:144,1
DA:145,4
DA:155,1
DA:156,0
DA:157,0
DA:168,1
DA:169,6
DA:170,6
DA:171,6
DA:182,1
DA:183,0
DA:184,0
DA:195,1
DA:196,6
DA:197,6
DA:198,6
DA:209,1
DA:210,0
DA:211,0
DA:216,1
LF:53
LH:41
BRDA:88,1,0,22
BRDA:88,1,1,0
BRDA:91,2,0,12
BRDA:91,2,1,10
BRDA:91,3,0,22
BRDA:91,3,1,10
BRDA:120,4,0,6
BRDA:120,4,1,0
BRDA:169,5,0,6
BRDA:169,5,1,6
BRDA:196,6,0,6
BRDA:196,6,1,6
BRF:12
BRH:10
end_of_record
TN:
SF:/Users/erz/code/preceptorjs/taxi/lib/navigator.js
FN:18,Navigator
FN:34,(anonymous_2)
FN:51,(anonymous_3)
FN:66,(anonymous_4)
FN:76,(anonymous_5)
FN:85,(anonymous_6)
FN:94,(anonymous_7)
FN:105,(anonymous_8)
FN:119,(anonymous_9)
FN:125,(anonymous_10)
FNF:10
FNH:8
FNDA:20,Navigator
FNDA:36,(anonymous_2)
FNDA:8,(anonymous_3)
FNDA:0,(anonymous_4)
FNDA:2,(anonymous_5)
FNDA:4,(anonymous_6)
FNDA:2,(anonymous_7)
FNDA:8,(anonymous_8)
FNDA:2,(anonymous_9)
FNDA:0,(anonymous_10)
DA:3,1
DA:4,1
DA:5,1
DA:7,1
DA:18,1
DA:19,20
DA:34,1
DA:35,36
DA:36,36
DA:51,1
DA:52,8
DA:66,1
DA:67,0
DA:76,1
DA:77,2
DA:85,1
DA:86,4
DA:94,1
DA:95,2
DA:105,1
DA:106,8
DA:119,1
DA:120,2
DA:122,2
DA:123,0
DA:124,2
DA:125,0
DA:126,0
DA:130,2
DA:141,1
DA:144,1
LF:31
LH:27
BRDA:122,1,0,0
BRDA:122,1,1,2
BRDA:124,2,0,0
BRDA:124,2,1,2
BRF:4
BRH:2
end_of_record
TN:
SF:/Users/erz/code/preceptorjs/taxi/lib/frame.js
FN:18,Frame
FN:34,(anonymous_2)
FN:51,(anonymous_3)
FN:66,(anonymous_4)
FN:76,(anonymous_5)
FN:86,(anonymous_6)
FN:95,(anonymous_7)
FNF:7
FNH:1
FNDA:2,Frame
FNDA:0,(anonymous_2)
FNDA:0,(anonymous_3)
FNDA:0,(anonymous_4)
FNDA:0,(anonymous_5)
FNDA:0,(anonymous_6)
FNDA:0,(anonymous_7)
DA:3,1
DA:4,1
DA:7,1
DA:18,1
DA:19,2
DA:34,1
DA:35,0
DA:36,0
DA:51,1
DA:52,0
DA:66,1
DA:67,0
DA:76,1
DA:77,0
DA:86,1
DA:87,0
DA:95,1
DA:96,0
DA:100,1
LF:19
LH:12
BRF:0
BRH:0
end_of_record
TN:
SF:/Users/erz/code/preceptorjs/taxi/lib/window.js
FN:19,WindowHandler
FN:36,(anonymous_2)
FN:53,(anonymous_3)
FN:68,(anonymous_4)
FN:80,(anonymous_5)
FN:91,(anonymous_6)
FN:105,(anonymous_7)
FN:120,(anonymous_8)
FN:131,(anonymous_9)
FN:143,(anonymous_10)
FN:154,(anonymous_11)
FN:165,(anonymous_12)
FNF:12
FNH:9
FNDA:0,WindowHandler
FNDA:0,(anonymous_2)
FNDA:14,(anonymous_3)
FNDA:0,(anonymous_4)
FNDA:2,(anonymous_5)
FNDA:2,(anonymous_6)
FNDA:2,(anonymous_7)
FNDA:4,(anonymous_8)
FNDA:2,(anonymous_9)
FNDA:2,(anonymous_10)
FNDA:4,(anonymous_11)
FNDA:2,(anonymous_12)
DA:3,1
DA:4,1
DA:5,1
DA:7,1
DA:19,1
DA:20,0
DA:21,0
DA:36,1
DA:37,0
DA:38,0
DA:53,1
DA:54,14
DA:68,1
DA:69,0
DA:80,1
DA:81,2
DA:91,1
DA:92,2
DA:93,2
DA:95,0
DA:105,1
DA:106,2
DA:107,2
DA:109,0
DA:120,1
DA:121,4
DA:131,1
DA:132,2
DA:133,2
DA:134,2
DA:143,1
DA:144,2
DA:154,1
DA:155,4
DA:165,1
DA:166,2
DA:167,2
DA:168,2
DA:172,1
LF:39
LH:32
BRDA:92,1,0,2
BRDA:92,1,1,0
BRDA:106,2,0,2
BRDA:106,2,1,0
BRF:4
BRH:2
end_of_record
TN:
SF:/Users/erz/code/preceptorjs/taxi/lib/browser.js
FN:24,Browser
FN:40,(anonymous_2)
FN:56,(anonymous_3)
FN:94,(anonymous_4)
FN:105,(anonymous_5)
FN:116,(anonymous_6)
FN:130,(anonymous_7)
FN:140,(anonymous_8)
FN:141,(anonymous_9)
FN:142,(anonymous_10)
FN:155,(anonymous_11)
FN:165,(anonymous_12)
FN:177,(anonymous_13)
FN:189,(anonymous_14)
FN:204,(anonymous_15)
FN:216,(anonymous_16)
FN:227,(anonymous_17)
FNF:17
FNH:6
FNDA:474,Browser
FNDA:1160,(anonymous_2)
FNDA:0,(anonymous_3)
FNDA:0,(anonymous_4)
FNDA:0,(anonymous_5)
FNDA:0,(anonymous_6)
FNDA:288,(anonymous_7)
FNDA:0,(anonymous_8)
FNDA:0,(anonymous_9)
FNDA:0,(anonymous_10)
FNDA:0,(anonymous_11)
FNDA:0,(anonymous_12)
FNDA:0,(anonymous_13)
FNDA:0,(anonymous_14)
FNDA:2,(anonymous_15)
FNDA:24,(anonymous_16)
FNDA:22,(anonymous_17)
DA:3,1
DA:4,1
DA:5,1
DA:7,1
DA:8,1
DA:9,1
DA:10,1
DA:11,1
DA:13,1
DA:24,1
DA:25,474
DA:40,1
DA:41,1160
DA:42,1160
DA:56,1
DA:57,0
DA:72,1
DA:81,1
DA:94,1
DA:95,0
DA:105,1
DA:106,0
DA:108,0
DA:110,0
DA:111,0
DA:113,0
DA:116,0
DA:117,0
DA:130,1
DA:131,288
DA:140,1
DA:141,0
DA:142,0
DA:143,0
DA:155,1
DA:156,0
DA:165,1
DA:166,0
DA:167,0
DA:177,1
DA:178,0
DA:189,1
DA:190,0
DA:191,0
DA:192,0
DA:193,0
DA:204,1
DA:205,2
DA:216,1
DA:217,24
DA:227,1
DA:228,22
DA:232,1
LF:53
LH:33
BRDA:110,1,0,0
BRDA:110,1,1,0
BRF:2
BRH:0
end_of_record
TN:
SF:/Users/erz/code/preceptorjs/taxi/lib/ime.js
FN:17,IME
FN:33,(anonymous_2)
FN:50,(anonymous_3)
FN:65,(anonymous_4)
FN:76,(anonymous_5)
FN:87,(anonymous_6)
FN:97,(anonymous_7)
FN:114,(anonymous_8)
FN:124,(anonymous_9)
FNF:9
FNH:1
FNDA:2,IME
FNDA:0,(anonymous_2)
FNDA:0,(anonymous_3)
FNDA:0,(anonymous_4)
FNDA:0,(anonymous_5)
FNDA:0,(anonymous_6)
FNDA:0,(anonymous_7)
FNDA:0,(anonymous_8)
FNDA:0,(anonymous_9)
DA:3,1
DA:4,1
DA:6,1
DA:17,1
DA:18,2
DA:33,1
DA:34,0
DA:35,0
DA:50,1
DA:51,0
DA:65,1
DA:66,0
DA:76,1
DA:77,0
DA:87,1
DA:88,0
DA:97,1
DA:98,0
DA:114,1
DA:115,0
DA:116,0
DA:124,1
DA:125,0
DA:129,1
LF:24
LH:14
BRF:0
BRH:0
end_of_record
TN:
SF:/Users/erz/code/preceptorjs/taxi/lib/localStorage.js
FN:17,LocalStorage
FN:33,(anonymous_2)
FN:50,(anonymous_3)
FN:65,(anonymous_4)
FN:76,(anonymous_5)
FN:87,(anonymous_6)
FN:99,(anonymous_7)
FN:111,(anonymous_8)
FN:121,(anonymous_9)
FN:131,(anonymous_10)
FNF:10
FNH:9
FNDA:22,LocalStorage
FNDA:40,(anonymous_2)
FNDA:20,(anonymous_3)
FNDA:0,(anonymous_4)
FNDA:4,(anonymous_5)
FNDA:2,(anonymous_6)
FNDA:4,(anonymous_7)
FNDA:2,(anonymous_8)
FNDA:2,(anonymous_9)
FNDA:6,(anonymous_10)
DA:3,1
DA:4,1
DA:6,1
DA:17,1
DA:18,22
DA:33,1
DA:34,40
DA:35,40
DA:50,1
DA:51,20
DA:65,1
DA:66,0
DA:76,1
DA:77,4
DA:87,1
DA:88,2
DA:89,2
DA:99,1
DA:100,4
DA:101,4
DA:102,4
DA:111,1
DA:112,2
DA:113,2
DA:121,1
DA:122,2
DA:131,1
DA:132,6
DA:135,1
LF:29
LH:28
BRF:0
BRH:0
end_of_record
TN:
SF:/Users/erz/code/preceptorjs/taxi/lib/cookieStorage.js
FN:23,CookieStorage
FN:39,(anonymous_2)
FN:56,(anonymous_3)
FN:71,(anonymous_4)
FN:82,(anonymous_5)
FN:83,(anonymous_6)
FN:84,(anonymous_7)
FN:96,(anonymous_8)
FN:97,(anonymous_9)
FN:98,(anonymous_10)
FN:111,(anonymous_11)
FN:114,(anonymous_12)
FN:115,(anonymous_13)
FN:128,(anonymous_14)
FN:135,(anonymous_15)
FN:149,(anonymous_16)
FN:159,(anonymous_17)
FN:169,(anonymous_18)
FN:170,(anonymous_19)
FNF:19
FNH:18
FNDA:24,CookieStorage
FNDA:60,(anonymous_2)
FNDA:22,(anonymous_3)
FNDA:0,(anonymous_4)
FNDA:10,(anonymous_5)
FNDA:10,(anonymous_6)
FNDA:12,(anonymous_7)
FNDA:4,(anonymous_8)
FNDA:4,(anonymous_9)
FNDA:6,(anonymous_10)
FNDA:2,(anonymous_11)
FNDA:2,(anonymous_12)
FNDA:4,(anonymous_13)
FNDA:4,(anonymous_14)
FNDA:4,(anonymous_15)
FNDA:2,(anonymous_16)
FNDA:2,(anonymous_17)
FNDA:6,(anonymous_18)
FNDA:6,(anonymous_19)
DA:3,1
DA:5,1
DA:6,1
DA:7,1
DA:9,1
DA:12,1
DA:23,1
DA:24,24
DA:39,1
DA:40,60
DA:41,60
DA:56,1
DA:57,22
DA:71,1
DA:72,0
DA:82,1
DA:83,10
DA:84,10
DA:85,12
DA:96,1
DA:97,4
DA:98,4
DA:99,6
DA:111,1
DA:112,2
DA:114,2
DA:115,2
DA:116,4
DA:118,2
DA:128,1
DA:129,4
DA:130,4
DA:132,4
DA:133,0
DA:135,4
DA:136,4
DA:137,4
DA:149,1
DA:150,2
DA:151,2
DA:159,1
DA:160,2
DA:169,1
DA:170,6
DA:171,6
DA:176,1
LF:46
LH:44
BRDA:118,1,0,2
BRDA:118,1,1,0
BRDA:132,2,0,0
BRDA:132,2,1,4
BRF:4
BRH:2
end_of_record
TN:
SF:/Users/erz/code/preceptorjs/taxi/lib/cookie.js
FN:17,Cookie
FN:34,(anonymous_2)
FN:45,(anonymous_3)
FN:59,(anonymous_4)
FN:70,(anonymous_5)
FN:84,(anonymous_6)
FN:95,(anonymous_7)
FN:108,(anonymous_8)
FN:119,(anonymous_9)
FN:133,(anonymous_10)
FN:144,(anonymous_11)
FN:158,(anonymous_12)
FN:169,(anonymous_13)
FN:183,(anonymous_14)
FN:194,(anonymous_15)
FN:208,(anonymous_16)
FN:218,(anonymous_17)
FNF:17
FNH:17
FNDA:18,Cookie
FNDA:10,(anonymous_2)
FNDA:6,(anonymous_3)
FNDA:6,(anonymous_4)
FNDA:6,(anonymous_5)
FNDA:4,(anonymous_6)
FNDA:2,(anonymous_7)
FNDA:8,(anonymous_8)
FNDA:6,(anonymous_9)
FNDA:4,(anonymous_10)
FNDA:2,(anonymous_11)
FNDA:4,(anonymous_12)
FNDA:2,(anonymous_13)
FNDA:4,(anonymous_14)
FNDA:2,(anonymous_15)
FNDA:6,(anonymous_16)
FNDA:48,(anonymous_17)
DA:3,1
DA:6,1
DA:17,1
DA:18,18
DA:19,18
DA:34,1
DA:35,10
DA:45,1
DA:46,6
DA:47,6
DA:48,6
DA:59,1
DA:60,6
DA:70,1
DA:71,6
DA:72,6
DA:73,6
DA:84,1
DA:85,4
DA:95,1
DA:96,2
DA:97,2
DA:98,2
DA:108,1
DA:109,8
DA:119,1
DA:120,6
DA:121,6
DA:122,6
DA:133,1
DA:134,4
DA:144,1
DA:145,2
DA:146,2
DA:147,2
DA:158,1
DA:159,4
DA:169,1
DA:170,2
DA:171,2
DA:172,2
DA:183,1
DA:184,4
DA:194,1
DA:195,2
DA:196,2
DA:197,2
DA:208,1
DA:209,6
DA:218,1
DA:220,48
DA:221,4
DA:222,0
DA:224,4
DA:225,0
DA:229,48
DA:230,6
DA:234,48
LF:58
LH:56
BRDA:18,1,0,18
BRDA:18,1,1,6
BRDA:220,2,0,4
BRDA:220,2,1,44
BRDA:221,3,0,0
BRDA:221,3,1,4
BRDA:224,4,0,0
BRDA:224,4,1,4
BRDA:229,5,0,6
BRDA:229,5,1,42
BRDA:234,6,0,16
BRDA:234,6,1,32
BRF:12
BRH:10
end_of_record
TN:
SF:/Users/erz/code/preceptorjs/taxi/lib/chain.js
FN:59,Chain
FN:74,(anonymous_2)
FN:91,(anonymous_3)
FN:111,(anonymous_4)
FN:137,(anonymous_5)
FN:138,(anonymous_6)
FN:142,(anonymous_7)
FN:144,(anonymous_8)
FN:160,(anonymous_9)
FN:161,(anonymous_10)
FN:162,(anonymous_11)
FN:178,(anonymous_12)
FN:219,(anonymous_13)
FN:220,(anonymous_14)
FN:260,(anonymous_15)
FN:261,(anonymous_16)
FN:262,(anonymous_17)
FN:306,(anonymous_18)
FN:307,(anonymous_19)
FN:308,(anonymous_20)
FN:348,(anonymous_21)
FN:349,(anonymous_22)
FN:350,(anonymous_23)
FN:390,(anonymous_24)
FN:391,(anonymous_25)
FN:392,(anonymous_26)
FN:439,(anonymous_27)
FN:440,(anonymous_28)
FN:441,(anonymous_29)
FN:476,(anonymous_30)
FN:477,(anonymous_31)
FN:478,(anonymous_32)
FN:510,(anonymous_33)
FN:511,(anonymous_34)
FN:512,(anonymous_35)
FN:548,(anonymous_36)
FN:549,(anonymous_37)
FN:550,(anonymous_38)
FN:582,(anonymous_39)
FN:583,(anonymous_40)
FN:584,(anonymous_41)
FN:619,(anonymous_42)
FN:620,(anonymous_43)
FN:621,(anonymous_44)
FN:653,(anonymous_45)
FN:654,(anonymous_46)
FN:655,(anonymous_47)
FN:688,(anonymous_48)
FN:689,(anonymous_49)
FN:690,(anonymous_50)
FN:724,(anonymous_51)
FN:725,(anonymous_52)
FN:726,(anonymous_53)
FN:761,(anonymous_54)
FN:762,(anonymous_55)
FN:763,(anonymous_56)
FN:797,(anonymous_57)
FN:798,(anonymous_58)
FN:799,(anonymous_59)
FN:833,(anonymous_60)
FN:834,(anonymous_61)
FN:835,(anonymous_62)
FN:869,(anonymous_63)
FN:870,(anonymous_64)
FN:871,(anonymous_65)
FN:907,(anonymous_66)
FN:908,(anonymous_67)
FN:909,(anonymous_68)
FN:943,(anonymous_69)
FN:944,(anonymous_70)
FN:945,(anonymous_71)
FN:979,(anonymous_72)
FN:980,(anonymous_73)
FN:981,(anonymous_74)
FN:1109,(anonymous_75)
FN:1110,(anonymous_76)
FN:1111,(anonymous_77)
FN:1188,(anonymous_78)
FN:1195,(anonymous_79)
FN:1197,(anonymous_80)
FN:1241,(anonymous_81)
FN:1242,(anonymous_82)
FN:1243,(anonymous_83)
FN:1285,(anonymous_84)
FN:1286,(anonymous_85)
FN:1287,(anonymous_86)
FN:1327,(anonymous_87)
FN:1328,(anonymous_88)
FN:1329,(anonymous_89)
FN:1371,(anonymous_90)
FN:1372,(anonymous_91)
FN:1373,(anonymous_92)
FN:1404,(anonymous_93)
FN:1405,(anonymous_94)
FN:1406,(anonymous_95)
FN:1439,(anonymous_96)
FN:1440,(anonymous_97)
FN:1441,(anonymous_98)
FN:1476,(anonymous_99)
FN:1477,(anonymous_100)
FN:1478,(anonymous_101)
FN:1511,(anonymous_102)
FN:1512,(anonymous_103)
FN:1513,(anonymous_104)
FN:1544,(anonymous_105)
FN:1545,(anonymous_106)
FN:1546,(anonymous_107)
FN:1577,(anonymous_108)
FN:1578,(anonymous_109)
FN:1579,(anonymous_110)
FN:1610,(anonymous_111)
FN:1611,(anonymous_112)
FN:1612,(anonymous_113)
FN:1652,(anonymous_114)
FN:1655,(anonymous_115)
FN:1683,(anonymous_116)
FN:1686,(anonymous_117)
FN:1722,(anonymous_118)
FN:1725,(anonymous_119)
FN:1761,(anonymous_120)
FN:1764,(anonymous_121)
FN:1804,(anonymous_122)
FN:1807,(anonymous_123)
FN:1851,(anonymous_124)
FN:1854,(anonymous_125)
FN:1898,(anonymous_126)
FN:1901,(anonymous_127)
FN:1949,(anonymous_128)
FN:1952,(anonymous_129)
FN:1980,(anonymous_130)
FN:1983,(anonymous_131)
FN:2010,(anonymous_132)
FN:2013,(anonymous_133)
FN:2041,(anonymous_134)
FN:2044,(anonymous_135)
FN:2072,(anonymous_136)
FN:2075,(anonymous_137)
FN:2105,(anonymous_138)
FN:2108,(anonymous_139)
FN:2137,(anonymous_140)
FN:2140,(anonymous_141)
FN:2169,(anonymous_142)
FN:2172,(anonymous_143)
FN:2214,(anonymous_144)
FN:2217,(anonymous_145)
FN:2255,(anonymous_146)
FN:2258,(anonymous_147)
FN:2287,(anonymous_148)
FN:2290,(anonymous_149)
FN:2322,(anonymous_150)
FN:2325,(anonymous_151)
FN:2353,(anonymous_152)
FN:2356,(anonymous_153)
FN:2383,(anonymous_154)
FN:2386,(anonymous_155)
FN:2413,(anonymous_156)
FN:2416,(anonymous_157)
FN:2443,(anonymous_158)
FN:2446,(anonymous_159)
FN:2481,(anonymous_160)
FN:2484,(anonymous_161)
FN:2517,(anonymous_162)
FN:2520,(anonymous_163)
FN:2554,(anonymous_164)
FN:2557,(anonymous_165)
FN:2589,(anonymous_166)
FN:2592,(anonymous_167)
FN:2624,(anonymous_168)
FN:2627,(anonymous_169)
FN:2654,(anonymous_170)
FN:2657,(anonymous_171)
FN:2693,(anonymous_172)
FN:2696,(anonymous_173)
FN:2724,(anonymous_174)
FN:2727,(anonymous_175)
FN:2759,(anonymous_176)
FN:2760,(anonymous_177)
FN:2786,(anonymous_178)
FN:2818,(anonymous_179)
FN:2822,(anonymous_180)
FN:2823,(anonymous_181)
FN:2826,(anonymous_182)
FN:2828,(anonymous_183)
FN:2858,(anonymous_184)
FN:2862,(anonymous_185)
FN:2863,(anonymous_186)
FN:2865,(anonymous_187)
FN:2868,(anonymous_188)
FN:2870,(anonymous_189)
FN:2900,(anonymous_190)
FN:2904,(anonymous_191)
FN:2905,(anonymous_192)
FN:2908,(anonymous_193)
FN:2910,(anonymous_194)
FN:2940,(anonymous_195)
FN:2944,(anonymous_196)
FN:2945,(anonymous_197)
FN:2947,(anonymous_198)
FN:2950,(anonymous_199)
FN:2952,(anonymous_200)
FN:2983,(anonymous_201)
FN:2986,(anonymous_202)
FN:3015,(anonymous_203)
FN:3018,(anonymous_204)
FN:3048,(anonymous_205)
FN:3051,(anonymous_206)
FN:3080,(anonymous_207)
FN:3083,(anonymous_208)
FN:3110,(anonymous_209)
FN:3113,(anonymous_210)
FNF:210
FNH:0
FNDA:0,Chain
FNDA:0,(anonymous_2)
FNDA:0,(anonymous_3)
FNDA:0,(anonymous_4)
FNDA:0,(anonymous_5)
FNDA:0,(anonymous_6)
FNDA:0,(anonymous_7)
FNDA:0,(anonymous_8)
FNDA:0,(anonymous_9)
FNDA:0,(anonymous_10)
FNDA:0,(anonymous_11)
FNDA:0,(anonymous_12)
FNDA:0,(anonymous_13)
FNDA:0,(anonymous_14)
FNDA:0,(anonymous_15)
FNDA:0,(anonymous_16)
FNDA:0,(anonymous_17)
FNDA:0,(anonymous_18)
FNDA:0,(anonymous_19)
FNDA:0,(anonymous_20)
FNDA:0,(anonymous_21)
FNDA:0,(anonymous_22)
FNDA:0,(anonymous_23)
FNDA:0,(anonymous_24)
FNDA:0,(anonymous_25)
FNDA:0,(anonymous_26)
FNDA:0,(anonymous_27)
FNDA:0,(anonymous_28)
FNDA:0,(anonymous_29)
FNDA:0,(anonymous_30)
FNDA:0,(anonymous_31)
FNDA:0,(anonymous_32)
FNDA:0,(anonymous_33)
FNDA:0,(anonymous_34)
FNDA:0,(anonymous_35)
FNDA:0,(anonymous_36)
FNDA:0,(anonymous_37)
FNDA:0,(anonymous_38)
FNDA:0,(anonymous_39)
FNDA:0,(anonymous_40)
FNDA:0,(anonymous_41)
FNDA:0,(anonymous_42)
FNDA:0,(anonymous_43)
FNDA:0,(anonymous_44)
FNDA:0,(anonymous_45)
FNDA:0,(anonymous_46)
FNDA:0,(anonymous_47)
FNDA:0,(anonymous_48)
FNDA:0,(anonymous_49)
FNDA:0,(anonymous_50)
FNDA:0,(anonymous_51)
FNDA:0,(anonymous_52)
FNDA:0,(anonymous_53)
FNDA:0,(anonymous_54)
FNDA:0,(anonymous_55)
FNDA:0,(anonymous_56)
FNDA:0,(anonymous_57)
FNDA:0,(anonymous_58)
FNDA:0,(anonymous_59)
FNDA:0,(anonymous_60)
FNDA:0,(anonymous_61)
FNDA:0,(anonymous_62)
FNDA:0,(anonymous_63)
FNDA:0,(anonymous_64)
FNDA:0,(anonymous_65)
FNDA:0,(anonymous_66)
FNDA:0,(anonymous_67)
FNDA:0,(anonymous_68)
FNDA:0,(anonymous_69)
FNDA:0,(anonymous_70)
FNDA:0,(anonymous_71)
FNDA:0,(anonymous_72)
FNDA:0,(anonymous_73)
FNDA:0,(anonymous_74)
FNDA:0,(anonymous_75)
FNDA:0,(anonymous_76)
FNDA:0,(anonymous_77)
FNDA:0,(anonymous_78)
FNDA:0,(anonymous_79)
FNDA:0,(anonymous_80)
FNDA:0,(anonymous_81)
FNDA:0,(anonymous_82)
FNDA:0,(anonymous_83)
FNDA:0,(anonymous_84)
FNDA:0,(anonymous_85)
FNDA:0,(anonymous_86)
FNDA:0,(anonymous_87)
FNDA:0,(anonymous_88)
FNDA:0,(anonymous_89)
FNDA:0,(anonymous_90)
FNDA:0,(anonymous_91)
FNDA:0,(anonymous_92)
FNDA:0,(anonymous_93)
FNDA:0,(anonymous_94)
FNDA:0,(anonymous_95)
FNDA:0,(anonymous_96)
FNDA:0,(anonymous_97)
FNDA:0,(anonymous_98)
FNDA:0,(anonymous_99)
FNDA:0,(anonymous_100)
FNDA:0,(anonymous_101)
FNDA:0,(anonymous_102)
FNDA:0,(anonymous_103)
FNDA:0,(anonymous_104)
FNDA:0,(anonymous_105)
FNDA:0,(anonymous_106)
FNDA:0,(anonymous_107)
FNDA:0,(anonymous_108)
FNDA:0,(anonymous_109)
FNDA:0,(anonymous_110)
FNDA:0,(anonymous_111)
FNDA:0,(anonymous_112)
FNDA:0,(anonymous_113)
FNDA:0,(anonymous_114)
FNDA:0,(anonymous_115)
FNDA:0,(anonymous_116)
FNDA:0,(anonymous_117)
FNDA:0,(anonymous_118)
FNDA:0,(anonymous_119)
FNDA:0,(anonymous_120)
FNDA:0,(anonymous_121)
FNDA:0,(anonymous_122)
FNDA:0,(anonymous_123)
FNDA:0,(anonymous_124)
FNDA:0,(anonymous_125)
FNDA:0,(anonymous_126)
FNDA:0,(anonymous_127)
FNDA:0,(anonymous_128)
FNDA:0,(anonymous_129)
FNDA:0,(anonymous_130)
FNDA:0,(anonymous_131)
FNDA:0,(anonymous_132)
FNDA:0,(anonymous_133)
FNDA:0,(anonymous_134)
FNDA:0,(anonymous_135)
FNDA:0,(anonymous_136)
FNDA:0,(anonymous_137)
FNDA:0,(anonymous_138)
FNDA:0,(anonymous_139)
FNDA:0,(anonymous_140)
FNDA:0,(anonymous_141)
FNDA:0,(anonymous_142)
FNDA:0,(anonymous_143)
FNDA:0,(anonymous_144)
FNDA:0,(anonymous_145)
FNDA:0,(anonymous_146)
FNDA:0,(anonymous_147)
FNDA:0,(anonymous_148)
FNDA:0,(anonymous_149)
FNDA:0,(anonymous_150)
FNDA:0,(anonymous_151)
FNDA:0,(anonymous_152)
FNDA:0,(anonymous_153)
FNDA:0,(anonymous_154)
FNDA:0,(anonymous_155)
FNDA:0,(anonymous_156)
FNDA:0,(anonymous_157)
FNDA:0,(anonymous_158)
FNDA:0,(anonymous_159)
FNDA:0,(anonymous_160)
FNDA:0,(anonymous_161)
FNDA:0,(anonymous_162)
FNDA:0,(anonymous_163)
FNDA:0,(anonymous_164)
FNDA:0,(anonymous_165)
FNDA:0,(anonymous_166)
FNDA:0,(anonymous_167)
FNDA:0,(anonymous_168)
FNDA:0,(anonymous_169)
FNDA:0,(anonymous_170)
FNDA:0,(anonymous_171)
FNDA:0,(anonymous_172)
FNDA:0,(anonymous_173)
FNDA:0,(anonymous_174)
FNDA:0,(anonymous_175)
FNDA:0,(anonymous_176)
FNDA:0,(anonymous_177)
FNDA:0,(anonymous_178)
FNDA:0,(anonymous_179)
FNDA:0,(anonymous_180)
FNDA:0,(anonymous_181)
FNDA:0,(anonymous_182)
FNDA:0,(anonymous_183)
FNDA:0,(anonymous_184)
FNDA:0,(anonymous_185)
FNDA:0,(anonymous_186)
FNDA:0,(anonymous_187)
FNDA:0,(anonymous_188)
FNDA:0,(anonymous_189)
FNDA:0,(anonymous_190)
FNDA:0,(anonymous_191)
FNDA:0,(anonymous_192)
FNDA:0,(anonymous_193)
FNDA:0,(anonymous_194)
FNDA:0,(anonymous_195)
FNDA:0,(anonymous_196)
FNDA:0,(anonymous_197)
FNDA:0,(anonymous_198)
FNDA:0,(anonymous_199)
FNDA:0,(anonymous_200)
FNDA:0,(anonymous_201)
FNDA:0,(anonymous_202)
FNDA:0,(anonymous_203)
FNDA:0,(anonymous_204)
FNDA:0,(anonymous_205)
FNDA:0,(anonymous_206)
FNDA:0,(anonymous_207)
FNDA:0,(anonymous_208)
FNDA:0,(anonymous_209)
FNDA:0,(anonymous_210)
DA:3,1
DA:4,1
DA:5,1
DA:7,1
DA:59,1
DA:60,0
DA:74,1
DA:75,0
DA:76,0
DA:91,1
DA:92,0
DA:111,1
DA:112,0
DA:124,1
DA:137,1
DA:138,0
DA:139,0
DA:140,0
DA:142,0
DA:143,0
DA:145,0
DA:160,1
DA:161,0
DA:162,0
DA:163,0
DA:178,1
DA:179,0
DA:219,1
DA:220,0
DA:221,0
DA:222,0
DA:260,1
DA:261,0
DA:262,0
DA:263,0
DA:264,0
DA:306,1
DA:307,0
DA:308,0
DA:309,0
DA:310,0
DA:348,1
DA:349,0
DA:350,0
DA:351,0
DA:352,0
DA:390,1
DA:391,0
DA:392,0
DA:393,0
DA:394,0
DA:439,1
DA:440,0
DA:441,0
DA:442,0
DA:443,0
DA:476,1
DA:477,0
DA:478,0
DA:479,0
DA:480,0
DA:510,1
DA:511,0
DA:512,0
DA:513,0
DA:514,0
DA:548,1
DA:549,0
DA:550,0
DA:551,0
DA:552,0
DA:582,1
DA:583,0
DA:584,0
DA:585,0
DA:586,0
DA:619,1
DA:620,0
DA:621,0
DA:622,0
DA:623,0
DA:653,1
DA:654,0
DA:655,0
DA:656,0
DA:657,0
DA:688,1
DA:689,0
DA:690,0
DA:691,0
DA:692,0
DA:724,1
DA:725,0
DA:726,0
DA:727,0
DA:728,0
DA:761,1
DA:762,0
DA:763,0
DA:764,0
DA:765,0
DA:797,1
DA:798,0
DA:799,0
DA:800,0
DA:801,0
DA:833,1
DA:834,0
DA:835,0
DA:836,0
DA:837,0
DA:869,1
DA:870,0
DA:871,0
DA:872,0
DA:873,0
DA:907,1
DA:908,0
DA:909,0
DA:910,0
DA:911,0
DA:943,1
DA:944,0
DA:945,0
DA:946,0
DA:947,0
DA:979,1
DA:980,0
DA:981,0
DA:982,0
DA:983,0
DA:1109,1
DA:1110,0
DA:1111,0
DA:1112,0
DA:1113,0
DA:1188,1
DA:1190,0
DA:1191,0
DA:1193,0
DA:1195,0
DA:1196,0
DA:1197,0
DA:1198,0
DA:1199,0
DA:1241,1
DA:1242,0
DA:1243,0
DA:1244,0
DA:1245,0
DA:1285,1
DA:1286,0
DA:1287,0
DA:1288,0
DA:1289,0
DA:1327,1
DA:1328,0
DA:1329,0
DA:1330,0
DA:1331,0
DA:1371,1
DA:1372,0
DA:1373,0
DA:1374,0
DA:1375,0
DA:1404,1
DA:1405,0
DA:1406,0
DA:1407,0
DA:1408,0
DA:1439,1
DA:1440,0
DA:1441,0
DA:1442,0
DA:1443,0
DA:1476,1
DA:1477,0
DA:1478,0
DA:1479,0
DA:1480,0
DA:1511,1
DA:1512,0
DA:1513,0
DA:1514,0
DA:1515,0
DA:1544,1
DA:1545,0
DA:1546,0
DA:1547,0
DA:1548,0
DA:1577,1
DA:1578,0
DA:1579,0
DA:1580,0
DA:1581,0
DA:1610,1
DA:1611,0
DA:1612,0
DA:1613,0
DA:1614,0
DA:1652,1
DA:1653,0
DA:1655,0
DA:1656,0
DA:1657,0
DA:1683,1
DA:1684,0
DA:1686,0
DA:1687,0
DA:1688,0
DA:1722,1
DA:1723,0
DA:1725,0
DA:1726,0
DA:1727,0
DA:1761,1
DA:1762,0
DA:1764,0
DA:1765,0
DA:1766,0
DA:1804,1
DA:1805,0
DA:1807,0
DA:1808,0
DA:1809,0
DA:1851,1
DA:1852,0
DA:1854,0
DA:1855,0
DA:1856,0
DA:1898,1
DA:1899,0
DA:1901,0
DA:1902,0
DA:1903,0
DA:1949,1
DA:1950,0
DA:1952,0
DA:1953,0
DA:1954,0
DA:1980,1
DA:1981,0
DA:1983,0
DA:1984,0
DA:1985,0
DA:2010,1
DA:2011,0
DA:2013,0
DA:2014,0
DA:2015,0
DA:2041,1
DA:2042,0
DA:2044,0
DA:2045,0
DA:2046,0
DA:2072,1
DA:2073,0
DA:2075,0
DA:2076,0
DA:2077,0
DA:2105,1
DA:2106,0
DA:2108,0
DA:2109,0
DA:2110,0
DA:2137,1
DA:2138,0
DA:2140,0
DA:2141,0
DA:2142,0
DA:2169,1
DA:2170,0
DA:2172,0
DA:2173,0
DA:2174,0
DA:2214,1
DA:2215,0
DA:2217,0
DA:2218,0
DA:2219,0
DA:2255,1
DA:2256,0
DA:2258,0
DA:2259,0
DA:2260,0
DA:2287,1
DA:2288,0
DA:2290,0
DA:2291,0
DA:2292,0
DA:2322,1
DA:2323,0
DA:2325,0
DA:2326,0
DA:2327,0
DA:2353,1
DA:2354,0
DA:2356,0
DA:2357,0
DA:2358,0
DA:2383,1
DA:2384,0
DA:2386,0
DA:2387,0
DA:2388,0
DA:2413,1
DA:2414,0
DA:2416,0
DA:2417,0
DA:2418,0
DA:2443,1
DA:2444,0
DA:2446,0
DA:2447,0
DA:2448,0
DA:2481,1
DA:2482,0
DA:2484,0
DA:2485,0
DA:2486,0
DA:2517,1
DA:2518,0
DA:2520,0
DA:2521,0
DA:2522,0
DA:2527,1
DA:2554,1
DA:2555,0
DA:2557,0
DA:2558,0
DA:2559,0
DA:2589,1
DA:2590,0
DA:2592,0
DA:2593,0
DA:2594,0
DA:2624,1
DA:2625,0
DA:2627,0
DA:2628,0
DA:2629,0
DA:2654,1
DA:2655,0
DA:2657,0
DA:2658,0
DA:2659,0
DA:2693,1
DA:2694,0
DA:2696,0
DA:2697,0
DA:2698,0
DA:2724,1
DA:2725,0
DA:2727,0
DA:2728,0
DA:2729,0
DA:2759,1
DA:2760,0
DA:2761,0
DA:2762,0
DA:2767,1
DA:2786,1
DA:2787,0
DA:2788,0
DA:2818,1
DA:2819,0
DA:2822,0
DA:2823,0
DA:2824,0
DA:2827,0
DA:2829,0
DA:2830,0
DA:2858,1
DA:2859,0
DA:2862,0
DA:2863,0
DA:2864,0
DA:2865,0
DA:2869,0
DA:2871,0
DA:2872,0
DA:2900,1
DA:2901,0
DA:2904,0
DA:2905,0
DA:2906,0
DA:2909,0
DA:2911,0
DA:2912,0
DA:2940,1
DA:2941,0
DA:2944,0
DA:2945,0
DA:2946,0
DA:2947,0
DA:2951,0
DA:2953,0
DA:2954,0
DA:2983,1
DA:2984,0
DA:2986,0
DA:2987,0
DA:2988,0
DA:3015,1
DA:3016,0
DA:3018,0
DA:3019,0
DA:3020,0
DA:3048,1
DA:3049,0
DA:3051,0
DA:3052,0
DA:3053,0
DA:3080,1
DA:3081,0
DA:3083,0
DA:3084,0
DA:3085,0
DA:3110,1
DA:3111,0
DA:3113,0
DA:3114,0
DA:3115,0
DA:3121,1
LF:424
LH:91
BRDA:139,1,0,0
BRDA:139,1,1,0
BRDA:221,2,0,0
BRDA:221,2,1,0
BRDA:263,3,0,0
BRDA:263,3,1,0
BRDA:309,4,0,0
BRDA:309,4,1,0
BRDA:351,5,0,0
BRDA:351,5,1,0
BRDA:393,6,0,0
BRDA:393,6,1,0
BRDA:442,7,0,0
BRDA:442,7,1,0
BRDA:479,8,0,0
BRDA:479,8,1,0
BRDA:513,9,0,0
BRDA:513,9,1,0
BRDA:551,10,0,0
BRDA:551,10,1,0
BRDA:585,11,0,0
BRDA:585,11,1,0
BRDA:622,12,0,0
BRDA:622,12,1,0
BRDA:656,13,0,0
BRDA:656,13,1,0
BRDA:691,14,0,0
BRDA:691,14,1,0
BRDA:727,15,0,0
BRDA:727,15,1,0
BRDA:764,16,0,0
BRDA:764,16,1,0
BRDA:800,17,0,0
BRDA:800,17,1,0
BRDA:836,18,0,0
BRDA:836,18,1,0
BRDA:872,19,0,0
BRDA:872,19,1,0
BRDA:910,20,0,0
BRDA:910,20,1,0
BRDA:946,21,0,0
BRDA:946,21,1,0
BRDA:982,22,0,0
BRDA:982,22,1,0
BRDA:1112,23,0,0
BRDA:1112,23,1,0
BRDA:1190,24,0,0
BRDA:1190,24,1,0
BRDA:1191,25,0,0
BRDA:1191,25,1,0
BRDA:1193,26,0,0
BRDA:1193,26,1,0
BRDA:1198,27,0,0
BRDA:1198,27,1,0
BRDA:1244,28,0,0
BRDA:1244,28,1,0
BRDA:1288,29,0,0
BRDA:1288,29,1,0
BRDA:1330,30,0,0
BRDA:1330,30,1,0
BRDA:1374,31,0,0
BRDA:1374,31,1,0
BRDA:1407,32,0,0
BRDA:1407,32,1,0
BRDA:1442,33,0,0
BRDA:1442,33,1,0
BRDA:1479,34,0,0
BRDA:1479,34,1,0
BRDA:1514,35,0,0
BRDA:1514,35,1,0
BRDA:1547,36,0,0
BRDA:1547,36,1,0
BRDA:1580,37,0,0
BRDA:1580,37,1,0
BRDA:1613,38,0,0
BRDA:1613,38,1,0
BRDA:1656,39,0,0
BRDA:1656,39,1,0
BRDA:1687,40,0,0
BRDA:1687,40,1,0
BRDA:1726,41,0,0
BRDA:1726,41,1,0
BRDA:1765,42,0,0
BRDA:1765,42,1,0
BRDA:1808,43,0,0
BRDA:1808,43,1,0
BRDA:1855,44,0,0
BRDA:1855,44,1,0
BRDA:1902,45,0,0
BRDA:1902,45,1,0
BRDA:1953,46,0,0
BRDA:1953,46,1,0
BRDA:1984,47,0,0
BRDA:1984,47,1,0
BRDA:2014,48,0,0
BRDA:2014,48,1,0
BRDA:2045,49,0,0
BRDA:2045,49,1,0
BRDA:2076,50,0,0
BRDA:2076,50,1,0
BRDA:2109,51,0,0
BRDA:2109,51,1,0
BRDA:2141,52,0,0
BRDA:2141,52,1,0
BRDA:2173,53,0,0
BRDA:2173,53,1,0
BRDA:2218,54,0,0
BRDA:2218,54,1,0
BRDA:2259,55,0,0
BRDA:2259,55,1,0
BRDA:2291,56,0,0
BRDA:2291,56,1,0
BRDA:2326,57,0,0
BRDA:2326,57,1,0
BRDA:2357,58,0,0
BRDA:2357,58,1,0
BRDA:2387,59,0,0
BRDA:2387,59,1,0
BRDA:2417,60,0,0
BRDA:2417,60,1,0
BRDA:2447,61,0,0
BRDA:2447,61,1,0
BRDA:2485,62,0,0
BRDA:2485,62,1,0
BRDA:2521,63,0,0
BRDA:2521,63,1,0
BRDA:2558,64,0,0
BRDA:2558,64,1,0
BRDA:2593,65,0,0
BRDA:2593,65,1,0
BRDA:2628,66,0,0
BRDA:2628,66,1,0
BRDA:2658,67,0,0
BRDA:2658,67,1,0
BRDA:2697,68,0,0
BRDA:2697,68,1,0
BRDA:2728,69,0,0
BRDA:2728,69,1,0
BRDA:2761,70,0,0
BRDA:2761,70,1,0
BRDA:2826,71,0,0
BRDA:2826,71,1,0
BRDA:2827,72,0,0
BRDA:2827,72,1,0
BRDA:2829,73,0,0
BRDA:2829,73,1,0
BRDA:2864,74,0,0
BRDA:2864,74,1,0
BRDA:2869,75,0,0
BRDA:2869,75,1,0
BRDA:2871,76,0,0
BRDA:2871,76,1,0
BRDA:2909,77,0,0
BRDA:2909,77,1,0
BRDA:2911,78,0,0
BRDA:2911,78,1,0
BRDA:2946,79,0,0
BRDA:2946,79,1,0
BRDA:2951,80,0,0
BRDA:2951,80,1,0
BRDA:2953,81,0,0
BRDA:2953,81,1,0
BRDA:2987,82,0,0
BRDA:2987,82,1,0
BRDA:3019,83,0,0
BRDA:3019,83,1,0
BRDA:3052,84,0,0
BRDA:3052,84,1,0
BRDA:3084,85,0,0
BRDA:3084,85,1,0
BRDA:3114,86,0,0
BRDA:3114,86,1,0
BRF:172
BRH:0
end_of_record
TN:
SF:/Users/erz/code/preceptorjs/taxi/lib/keys.js
FNF:0
FNH:0
DA:8,1
DA:529,1
LF:2
LH:2
BRF:0
BRH:0
end_of_record
TN:
SF:/Users/erz/code/preceptorjs/taxi/lib/logEntry.js
FN:14,LogEntry
FN:135,(anonymous_2)
FN:146,(anonymous_3)
FN:157,(anonymous_4)
FNF:4
FNH:0
FNDA:0,LogEntry
FNDA:0,(anonymous_2)
FNDA:0,(anonymous_3)
FNDA:0,(anonymous_4)
DA:3,1
DA:14,1
DA:15,0
DA:30,1
DA:39,1
DA:48,1
DA:57,1
DA:66,1
DA:75,1
DA:85,1
DA:94,1
DA:103,1
DA:112,1
DA:121,1
DA:135,1
DA:136,0
DA:146,1
DA:147,0
DA:157,1
DA:158,0
LF:20
LH:16
BRF:0
BRH:0
end_of_record
TN:
SF:/Users/erz/code/preceptorjs/taxi/lib/session.js
FN:17,Session
FN:185,(anonymous_2)
FN:196,(anonymous_3)
FNF:3
FNH:3
FNDA:2,Session
FNDA:3744,(anonymous_2)
FNDA:2,(anonymous_3)
DA:3,1
DA:4,1
DA:6,1
DA:17,1
DA:18,2
DA:34,1
DA:43,1
DA:52,1
DA:61,1
DA:70,1
DA:79,1
DA:88,1
DA:97,1
DA:106,1
DA:115,1
DA:126,1
DA:135,1
DA:144,1
DA:153,1
DA:162,1
DA:171,1
DA:185,1
DA:186,3744
DA:196,1
DA:197,2
LF:25
LH:25
BRF:0
BRH:0
end_of_record
TN:
SF:/Users/erz/code/preceptorjs/taxi/lib/sessionStorage.js
FN:17,SessionStorage
FN:33,(anonymous_2)
FN:50,(anonymous_3)
FN:65,(anonymous_4)
FN:76,(anonymous_5)
FN:87,(anonymous_6)
FN:99,(anonymous_7)
FN:111,(anonymous_8)
FN:121,(anonymous_9)
FN:131,(anonymous_10)
FNF:10
FNH:9
FNDA:22,SessionStorage
FNDA:40,(anonymous_2)
FNDA:20,(anonymous_3)
FNDA:0,(anonymous_4)
FNDA:4,(anonymous_5)
FNDA:2,(anonymous_6)
FNDA:4,(anonymous_7)
FNDA:2,(anonymous_8)
FNDA:2,(anonymous_9)
FNDA:6,(anonymous_10)
DA:3,1
DA:4,1
DA:6,1
DA:17,1
DA:18,22
DA:33,1
DA:34,40
DA:35,40
DA:50,1
DA:51,20
DA:65,1
DA:66,0
DA:76,1
DA:77,4
DA:87,1
DA:88,2
DA:89,2
DA:99,1
DA:100,4
DA:101,4
DA:102,4
DA:111,1
DA:112,2
DA:113,2
DA:121,1
DA:122,2
DA:131,1
DA:132,6
DA:136,1
LF:29
LH:28
BRF:0
BRH:0
end_of_record
TN:
SF:/Users/erz/code/preceptorjs/taxi/lib/status.js
FN:14,Status
FN:30,(anonymous_2)
FN:41,(anonymous_3)
FN:52,(anonymous_4)
FN:64,(anonymous_5)
FN:75,(anonymous_6)
FN:86,(anonymous_7)
FNF:7
FNH:7
FNDA:2,Status
FNDA:2,(anonymous_2)
FNDA:2,(anonymous_3)
FNDA:2,(anonymous_4)
FNDA:2,(anonymous_5)
FNDA:2,(anonymous_6)
FNDA:2,(anonymous_7)
DA:3,1
DA:14,1
DA:15,2
DA:30,1
DA:31,2
DA:41,1
DA:42,2
DA:52,1
DA:53,2
DA:64,1
DA:65,2
DA:75,1
DA:76,2
DA:86,1
DA:87,2
LF:15
LH:15
BRF:0
BRH:0
end_of_record
TN:
SF:/Users/erz/code/preceptorjs/taxi/lib/timeOut.js
FN:22,TimeOut
FN:80,(anonymous_2)
FN:97,(anonymous_3)
FN:112,(anonymous_4)
FN:124,(anonymous_5)
FN:146,(anonymous_6)
FN:157,unwrap
FN:174,(anonymous_8)
FN:187,(anonymous_9)
FN:200,(anonymous_10)
FN:213,(anonymous_11)
FNF:11
FNH:8
FNDA:2,TimeOut
FNDA:20,(anonymous_2)
FNDA:4,(anonymous_3)
FNDA:0,(anonymous_4)
FNDA:4,(anonymous_5)
FNDA:2,(anonymous_6)
FNDA:6,unwrap
FNDA:0,(anonymous_8)
FNDA:2,(anonymous_9)
FNDA:0,(anonymous_10)
FNDA:2,(anonymous_11)
DA:3,1
DA:5,1
DA:6,1
DA:7,1
DA:8,1
DA:11,1
DA:22,1
DA:23,2
DA:38,1
DA:47,1
DA:56,1
DA:66,1
DA:80,1
DA:81,20
DA:82,20
DA:97,1
DA:98,4
DA:112,1
DA:113,0
DA:124,1
DA:126,4
DA:128,0
DA:130,2
DA:132,0
DA:134,2
DA:136,0
DA:146,1
DA:147,2
DA:149,2
DA:151,2
DA:152,4
DA:153,4
DA:157,1
DA:158,6
DA:159,4
DA:163,2
DA:174,1
DA:175,0
DA:176,0
DA:177,0
DA:187,1
DA:188,2
DA:189,2
DA:190,2
DA:200,1
DA:201,0
DA:202,0
DA:203,0
DA:213,1
DA:214,2
DA:215,2
DA:216,2
DA:220,1
LF:53
LH:43
BRDA:126,1,0,0
BRDA:126,1,1,2
BRDA:126,1,2,0
BRDA:126,1,3,2
BRDA:126,1,4,0
BRDA:152,2,0,4
BRDA:152,2,1,0
BRDA:158,3,0,4
BRDA:158,3,1,2
BRF:9
BRH:5
end_of_record
TN:
SF:/Users/erz/code/preceptorjs/taxi/lib/json.js
FN:26,parse
FN:45,stringify
FNF:2
FNH:2
FNDA:498,parse
FNDA:231,stringify
DA:3,1
DA:6,1
DA:7,1
DA:8,1
DA:16,1
DA:26,1
DA:27,498
DA:28,498
DA:29,498
DA:30,498
DA:32,0
DA:33,0
DA:37,1
DA:45,1
DA:46,231
LF:15
LH:13
BRDA:7,1,0,1
BRDA:7,1,1,0
BRDA:27,2,0,0
BRDA:27,2,1,498
BRF:4
BRH:2
end_of_record
TN:
SF:/Users/erz/code/preceptorjs/taxi/lib/driver.js
FN:49,Driver
FN:69,(anonymous_2)
FN:72,(anonymous_3)
FN:137,(anonymous_4)
FN:140,(anonymous_5)
FN:155,(anonymous_6)
FN:158,(anonymous_7)
FN:159,(anonymous_8)
FN:178,(anonymous_9)
FN:184,(anonymous_10)
FN:203,(anonymous_11)
FN:213,(anonymous_12)
FN:224,(anonymous_13)
FN:234,(anonymous_14)
FN:244,(anonymous_15)
FN:254,(anonymous_16)
FN:264,(anonymous_17)
FN:274,(anonymous_18)
FN:300,(anonymous_19)
FN:311,(anonymous_20)
FN:325,(anonymous_21)
FN:334,(anonymous_22)
FN:346,(anonymous_23)
FN:350,(anonymous_24)
FN:369,(anonymous_25)
FN:467,(anonymous_26)
FN:487,(anonymous_27)
FN:499,(anonymous_28)
FN:511,(anonymous_29)
FN:523,(anonymous_30)
FN:534,(anonymous_31)
FN:545,(anonymous_32)
FN:557,(anonymous_33)
FN:562,(anonymous_34)
FN:563,(anonymous_35)
FN:575,(anonymous_36)
FN:586,(anonymous_37)
FN:587,(anonymous_38)
FN:588,(anonymous_39)
FN:593,(anonymous_40)
FN:600,(anonymous_41)
FN:625,(anonymous_42)
FN:637,(anonymous_43)
FN:641,makeRequest
FN:660,(anonymous_45)
FN:681,extractSessionData
FN:703,setupDebug
FN:706,stringFill
FN:712,getIndentation
FN:718,(anonymous_50)
FN:721,(anonymous_51)
FN:725,(anonymous_52)
FN:732,(anonymous_53)
FNF:53
FNH:25
FNDA:3,Driver
FNDA:498,(anonymous_2)
FNDA:498,(anonymous_3)
FNDA:2,(anonymous_4)
FNDA:2,(anonymous_5)
FNDA:0,(anonymous_6)
FNDA:0,(anonymous_7)
FNDA:0,(anonymous_8)
FNDA:2,(anonymous_9)
FNDA:1,(anonymous_10)
FNDA:0,(anonymous_11)
FNDA:0,(anonymous_12)
FNDA:0,(anonymous_13)
FNDA:0,(anonymous_14)
FNDA:0,(anonymous_15)
FNDA:0,(anonymous_16)
FNDA:0,(anonymous_17)
FNDA:0,(anonymous_18)
FNDA:2,(anonymous_19)
FNDA:0,(anonymous_20)
FNDA:2,(anonymous_21)
FNDA:2,(anonymous_22)
FNDA:3248,(anonymous_23)
FNDA:3248,(anonymous_24)
FNDA:496,(anonymous_25)
FNDA:3750,(anonymous_26)
FNDA:474,(anonymous_27)
FNDA:2,(anonymous_28)
FNDA:0,(anonymous_29)
FNDA:0,(anonymous_30)
FNDA:0,(anonymous_31)
FNDA:0,(anonymous_32)
FNDA:0,(anonymous_33)
FNDA:0,(anonymous_34)
FNDA:0,(anonymous_35)
FNDA:0,(anonymous_36)
FNDA:2,(anonymous_37)
FNDA:2,(anonymous_38)
FNDA:2,(anonymous_39)
FNDA:0,(anonymous_40)
FNDA:2,(anonymous_41)
FNDA:22,(anonymous_42)
FNDA:4,(anonymous_43)
FNDA:4,makeRequest
FNDA:0,(anonymous_45)
FNDA:2,extractSessionData
FNDA:3,setupDebug
FNDA:0,stringFill
FNDA:0,getIndentation
FNDA:0,(anonymous_50)
FNDA:0,(anonymous_51)
FNDA:0,(anonymous_52)
FNDA:0,(anonymous_53)
DA:3,1
DA:4,1
DA:5,1
DA:7,1
DA:8,1
DA:9,1
DA:10,1
DA:12,1
DA:14,1
DA:15,1
DA:16,1
DA:17,1
DA:18,1
DA:20,1
DA:21,1
DA:22,1
DA:24,1
DA:26,1
DA:29,1
DA:49,1
DA:50,3
DA:52,3
DA:53,3
DA:54,3
DA:55,3
DA:57,3
DA:59,3
DA:60,3
DA:61,3
DA:62,3
DA:63,3
DA:65,3
DA:66,3
DA:67,3
DA:68,3
DA:69,2
DA:70,498
DA:72,2
DA:73,498
DA:76,2
DA:82,2
DA:83,0
DA:85,2
DA:88,2
DA:90,1
DA:137,1
DA:138,2
DA:140,2
DA:141,2
DA:155,1
DA:156,0
DA:158,0
DA:159,0
DA:160,0
DA:178,1
DA:180,2
DA:182,2
DA:184,1
DA:185,1
DA:187,1
DA:188,1
DA:190,0
DA:193,2
DA:203,1
DA:204,0
DA:213,1
DA:214,0
DA:224,1
DA:225,0
DA:234,1
DA:235,0
DA:244,1
DA:245,0
DA:254,1
DA:255,0
DA:264,1
DA:265,0
DA:274,1
DA:276,0
DA:282,0
DA:283,0
DA:285,0
DA:286,0
DA:287,0
DA:289,0
DA:300,1
DA:301,2
DA:311,1
DA:312,0
DA:325,1
DA:327,2
DA:329,2
DA:330,2
DA:331,0
DA:334,2
DA:335,2
DA:346,1
DA:347,3248
DA:348,508
DA:350,3248
DA:351,3248
DA:352,3248
DA:369,1
DA:370,496
DA:371,496
DA:372,496
DA:387,1
DA:396,1
DA:406,1
DA:415,1
DA:424,1
DA:433,1
DA:442,1
DA:451,1
DA:467,1
DA:468,3750
DA:477,1
DA:487,1
DA:488,474
DA:499,1
DA:500,2
DA:511,1
DA:512,0
DA:523,1
DA:524,0
DA:534,1
DA:535,0
DA:545,1
DA:546,0
DA:557,1
DA:558,0
DA:560,0
DA:563,0
DA:564,0
DA:575,1
DA:576,0
DA:586,1
DA:587,2
DA:588,2
DA:590,2
DA:593,2
DA:595,2
DA:600,2
DA:601,2
DA:602,2
DA:604,0
DA:615,1
DA:625,1
DA:626,22
DA:637,1
DA:638,4
DA:639,4
DA:641,1
DA:642,4
DA:643,0
DA:645,4
DA:646,4
DA:648,0
DA:649,0
DA:651,0
DA:653,0
DA:661,0
DA:665,4
DA:668,1
DA:681,1
DA:682,2
DA:684,2
DA:685,0
DA:686,0
DA:689,2
DA:690,2
DA:691,2
DA:693,0
DA:703,1
DA:704,3
DA:706,1
DA:707,0
DA:708,0
DA:709,0
DA:712,1
DA:713,0
DA:716,3
DA:717,0
DA:718,0
DA:719,0
DA:721,0
DA:722,0
DA:725,0
DA:726,0
DA:727,0
DA:728,0
DA:729,0
DA:731,0
DA:732,0
DA:733,0
DA:735,0
DA:736,0
DA:738,0
DA:739,0
DA:740,0
LF:200
LH:137
BRDA:59,1,0,3
BRDA:59,1,1,3
BRDA:60,2,0,3
BRDA:60,2,1,3
BRDA:62,3,0,3
BRDA:62,3,1,3
BRDA:63,4,0,3
BRDA:63,4,1,3
BRDA:82,5,0,0
BRDA:82,5,1,2
BRDA:88,6,0,2
BRDA:88,6,1,2
BRDA:182,7,0,1
BRDA:182,7,1,1
BRDA:182,7,2,0
BRDA:225,8,0,0
BRDA:225,8,1,0
BRDA:235,9,0,0
BRDA:235,9,1,0
BRDA:245,10,0,0
BRDA:245,10,1,0
BRDA:255,11,0,0
BRDA:255,11,1,0
BRDA:265,12,0,0
BRDA:265,12,1,0
BRDA:282,13,0,0
BRDA:282,13,1,0
BRDA:283,14,0,0
BRDA:283,14,1,0
BRDA:287,15,0,0
BRDA:287,15,1,0
BRDA:330,16,0,0
BRDA:330,16,1,2
BRDA:347,17,0,508
BRDA:347,17,1,2740
BRDA:370,18,0,496
BRDA:370,18,1,496
BRDA:601,19,0,2
BRDA:601,19,1,0
BRDA:601,20,0,2
BRDA:601,20,1,2
BRDA:601,20,2,0
BRDA:642,21,0,0
BRDA:642,21,1,4
BRDA:645,22,0,4
BRDA:645,22,1,0
BRDA:648,23,0,0
BRDA:648,23,1,0
BRDA:684,24,0,0
BRDA:684,24,1,2
BRDA:690,25,0,2
BRDA:690,25,1,0
BRDA:716,26,0,0
BRDA:716,26,1,3
BRDA:717,27,0,0
BRDA:717,27,1,0
BRDA:728,28,0,0
BRDA:728,28,1,0
BRDA:735,29,0,0
BRDA:735,29,1,0
BRDA:735,30,0,0
BRDA:735,30,1,0
BRDA:739,31,0,0
BRDA:739,31,1,0
BRF:64
BRH:26
end_of_record
TN:
SF:/Users/erz/code/preceptorjs/taxi/lib/errors.js
FN:55,(anonymous_1)
FNF:1
FNH:1
FNDA:2,(anonymous_1)
DA:18,1
DA:55,1
DA:56,2
DA:57,2
DA:58,2
DA:61,1
LF:6
LH:6
BRDA:56,1,0,2
BRDA:56,1,1,0
BRDA:57,2,0,2
BRDA:57,2,1,0
BRDA:57,3,0,2
BRDA:57,3,1,2
BRF:6
BRH:4
end_of_record
TN:
SF:/Users/erz/code/preceptorjs/taxi/lib/connection.js
FN:31,Connection
FN:80,(anonymous_2)
FN:81,(anonymous_3)
FN:102,(anonymous_4)
FN:104,(anonymous_5)
FN:121,(anonymous_6)
FN:136,(anonymous_7)
FN:152,(anonymous_8)
FN:233,getNextScreenshotId
FN:248,stringifyStackTrace
FN:267,createInternalConnection
FNF:11
FNH:9
FNDA:5,Connection
FNDA:496,(anonymous_2)
FNDA:496,(anonymous_3)
FNDA:496,(anonymous_4)
FNDA:496,(anonymous_5)
FNDA:500,(anonymous_6)
FNDA:500,(anonymous_7)
FNDA:498,(anonymous_8)
FNDA:0,getNextScreenshotId
FNDA:0,stringifyStackTrace
FNDA:5,createInternalConnection
DA:3,1
DA:4,1
DA:5,1
DA:6,1
DA:7,1
DA:8,1
DA:10,1
DA:11,1
DA:12,1
DA:14,1
DA:16,1
DA:31,1
DA:32,5
DA:34,5
DA:35,5
DA:38,5
DA:39,5
DA:40,5
DA:41,5
DA:43,1
DA:80,1
DA:81,496
DA:82,496
DA:102,1
DA:104,496
DA:105,496
DA:106,496
DA:109,496
DA:121,1
DA:122,500
DA:124,500
DA:125,230
DA:128,500
DA:136,500
DA:137,500
DA:138,500
DA:139,500
DA:152,1
DA:154,498
DA:161,498
DA:163,498
DA:164,0
DA:166,498
DA:167,0
DA:169,498
DA:170,0
DA:172,0
DA:173,0
DA:174,0
DA:177,0
DA:180,0
DA:183,0
DA:184,0
DA:187,0
DA:191,0
DA:192,0
DA:194,0
DA:197,498
DA:199,498
DA:200,0
DA:203,498
DA:205,498
DA:206,496
DA:208,2
DA:214,0
DA:215,0
DA:217,0
DA:233,1
DA:234,0
DA:235,0
DA:236,0
DA:238,0
DA:248,1
DA:250,0
DA:252,0
DA:253,0
DA:254,0
DA:258,0
DA:267,1
DA:269,5
DA:271,5
DA:273,2
DA:274,2
DA:276,2
DA:277,2
DA:279,1
DA:282,4
LF:87
LH:60
BRDA:34,1,0,5
BRDA:34,1,1,0
BRDA:39,2,0,5
BRDA:39,2,1,5
BRDA:40,3,0,5
BRDA:40,3,1,0
BRDA:87,4,0,496
BRDA:87,4,1,496
BRDA:124,5,0,230
BRDA:124,5,1,270
BRDA:124,6,0,500
BRDA:124,6,1,498
BRDA:132,7,0,500
BRDA:132,7,1,498
BRDA:132,7,2,270
BRDA:133,8,0,500
BRDA:133,8,1,498
BRDA:133,8,2,500
BRDA:161,9,0,498
BRDA:161,9,1,2
BRDA:163,10,0,0
BRDA:163,10,1,498
BRDA:163,11,0,498
BRDA:163,11,1,498
BRDA:166,12,0,0
BRDA:166,12,1,498
BRDA:166,13,0,498
BRDA:166,13,1,0
BRDA:169,14,0,0
BRDA:169,14,1,498
BRDA:169,15,0,498
BRDA:169,15,1,0
BRDA:172,16,0,0
BRDA:172,16,1,0
BRDA:172,16,2,0
BRDA:173,17,0,0
BRDA:173,17,1,0
BRDA:174,18,0,0
BRDA:174,18,1,0
BRDA:177,19,0,0
BRDA:177,19,1,0
BRDA:177,20,0,0
BRDA:177,20,1,0
BRDA:177,20,2,0
BRDA:191,21,0,0
BRDA:191,21,1,0
BRDA:194,22,0,0
BRDA:194,22,1,0
BRDA:194,23,0,0
BRDA:194,23,1,0
BRDA:197,24,0,498
BRDA:197,24,1,0
BRDA:197,25,0,498
BRDA:197,25,1,498
BRDA:199,26,0,0
BRDA:199,26,1,498
BRDA:205,27,0,496
BRDA:205,27,1,2
BRDA:214,28,0,0
BRDA:214,28,1,0
BRDA:235,29,0,0
BRDA:235,29,1,0
BRDA:253,30,0,0
BRDA:253,30,1,0
BRDA:271,31,0,2
BRDA:271,31,1,2
BRDA:271,31,2,1
BRF:67
BRH:34
end_of_record
TN:
SF:/Users/erz/code/preceptorjs/taxi/lib/utils.js
FN:21,Utils
FN:36,(anonymous_2)
FN:53,(anonymous_3)
FN:68,(anonymous_4)
FN:82,(anonymous_5)
FN:84,(anonymous_6)
FN:93,(anonymous_7)
FN:112,(anonymous_8)
FN:117,(anonymous_9)
FN:121,(anonymous_10)
FN:122,(anonymous_11)
FN:130,(anonymous_12)
FN:142,(anonymous_13)
FN:152,(anonymous_14)
FN:156,(anonymous_15)
FN:157,(anonymous_16)
FN:170,(anonymous_17)
FN:185,(anonymous_18)
FN:189,(anonymous_19)
FN:190,(anonymous_20)
FN:204,(anonymous_21)
FN:207,(anonymous_22)
FNF:22
FNH:0
FNDA:0,Utils
FNDA:0,(anonymous_2)
FNDA:0,(anonymous_3)
FNDA:0,(anonymous_4)
FNDA:0,(anonymous_5)
FNDA:0,(anonymous_6)
FNDA:0,(anonymous_7)
FNDA:0,(anonymous_8)
FNDA:0,(anonymous_9)
FNDA:0,(anonymous_10)
FNDA:0,(anonymous_11)
FNDA:0,(anonymous_12)
FNDA:0,(anonymous_13)
FNDA:0,(anonymous_14)
FNDA:0,(anonymous_15)
FNDA:0,(anonymous_16)
FNDA:0,(anonymous_17)
FNDA:0,(anonymous_18)
FNDA:0,(anonymous_19)
FNDA:0,(anonymous_20)
FNDA:0,(anonymous_21)
FNDA:0,(anonymous_22)
DA:3,1
DA:4,1
DA:5,1
DA:6,1
DA:7,1
DA:8,1
DA:10,1
DA:21,1
DA:22,0
DA:36,1
DA:37,0
DA:38,0
DA:53,1
DA:54,0
DA:68,1
DA:69,0
DA:82,1
DA:84,0
DA:86,0
DA:87,0
DA:88,0
DA:89,0
DA:93,0
DA:94,0
DA:95,0
DA:100,0
DA:112,1
DA:114,0
DA:117,0
DA:118,0
DA:119,0
DA:121,0
DA:122,0
DA:123,0
DA:124,0
DA:130,0
DA:131,0
DA:142,1
DA:143,0
DA:152,1
DA:153,0
DA:154,0
DA:156,0
DA:157,0
DA:158,0
DA:170,1
DA:171,0
DA:172,0
DA:174,0
DA:185,1
DA:186,0
DA:187,0
DA:189,0
DA:190,0
DA:191,0
DA:204,1
DA:205,0
DA:207,0
DA:208,0
DA:212,1
LF:60
LH:19
BRDA:87,1,0,0
BRDA:87,1,1,0
BRDA:88,2,0,0
BRDA:88,2,1,0
BRDA:89,3,0,0
BRDA:89,3,1,0
BRDA:94,4,0,0
BRDA:94,4,1,0
BRDA:118,5,0,0
BRDA:118,5,1,0
BRDA:153,6,0,0
BRDA:153,6,1,0
BRDA:171,7,0,0
BRDA:171,7,1,0
BRDA:186,8,0,0
BRDA:186,8,1,0
BRF:16
BRH:0
end_of_record
TN:
SF:/Users/erz/code/preceptorjs/taxi/lib/compatibility.js
FN:20,Compatibility
FN:35,(anonymous_2)
FN:52,(anonymous_3)
FN:67,(anonymous_4)
FN:78,(anonymous_5)
FNF:5
FNH:0
FNDA:0,Compatibility
FNDA:0,(anonymous_2)
FNDA:0,(anonymous_3)
FNDA:0,(anonymous_4)
FNDA:0,(anonymous_5)
DA:3,1
DA:4,1
DA:5,1
DA:7,1
DA:9,1
DA:20,1
DA:21,0
DA:35,1
DA:36,0
DA:37,0
DA:52,1
DA:53,0
DA:67,1
DA:68,0
DA:78,1
DA:79,0
DA:82,1
LF:17
LH:11
BRF:0
BRH:0
end_of_record
TN:
SF:/Users/erz/code/preceptorjs/taxi/lib/compatibility/nightwatch.js
FN:20,Nightwatch
FN:35,(anonymous_2)
FN:52,(anonymous_3)
FN:67,(anonymous_4)
FN:72,(anonymous_5)
FN:73,(anonymous_6)
FN:74,(anonymous_7)
FN:76,(anonymous_8)
FN:82,(anonymous_9)
FN:83,(anonymous_10)
FN:84,(anonymous_11)
FN:90,(anonymous_12)
FN:95,(anonymous_13)
FN:96,(anonymous_14)
FN:97,(anonymous_15)
FN:103,(anonymous_16)
FN:104,(anonymous_17)
FN:105,(anonymous_18)
FN:111,(anonymous_19)
FN:112,(anonymous_20)
FN:117,(anonymous_21)
FN:118,(anonymous_22)
FN:123,(anonymous_23)
FN:124,(anonymous_24)
FN:129,(anonymous_25)
FN:130,(anonymous_26)
FN:131,(anonymous_27)
FN:137,(anonymous_28)
FN:138,(anonymous_29)
FN:143,(anonymous_30)
FN:144,(anonymous_31)
FN:149,(anonymous_32)
FN:150,(anonymous_33)
FN:151,(anonymous_34)
FN:157,(anonymous_35)
FN:158,(anonymous_36)
FN:159,(anonymous_37)
FN:165,(anonymous_38)
FN:166,(anonymous_39)
FN:167,(anonymous_40)
FN:173,(anonymous_41)
FN:174,(anonymous_42)
FN:175,(anonymous_43)
FN:181,(anonymous_44)
FN:182,(anonymous_45)
FN:187,(anonymous_46)
FN:188,(anonymous_47)
FN:193,(anonymous_48)
FN:194,(anonymous_49)
FN:195,(anonymous_50)
FN:201,(anonymous_51)
FN:202,(anonymous_52)
FN:203,(anonymous_53)
FN:209,(anonymous_54)
FN:210,(anonymous_55)
FN:215,(anonymous_56)
FN:216,(anonymous_57)
FN:217,(anonymous_58)
FN:223,(anonymous_59)
FN:227,(anonymous_60)
FN:232,(anonymous_61)
FN:237,(anonymous_62)
FN:238,(anonymous_63)
FN:243,(anonymous_64)
FN:244,(anonymous_65)
FN:245,(anonymous_66)
FN:251,(anonymous_67)
FN:252,(anonymous_68)
FN:258,(anonymous_69)
FN:259,(anonymous_70)
FN:264,(anonymous_71)
FN:265,(anonymous_72)
FN:270,(anonymous_73)
FN:271,(anonymous_74)
FN:276,(anonymous_75)
FN:277,(anonymous_76)
FN:278,(anonymous_77)
FN:284,(anonymous_78)
FN:285,(anonymous_79)
FN:286,(anonymous_80)
FN:292,(anonymous_81)
FN:293,(anonymous_82)
FN:298,(anonymous_83)
FN:303,(anonymous_84)
FN:305,(anonymous_85)
FN:306,(anonymous_86)
FN:309,(anonymous_87)
FN:311,(anonymous_88)
FN:316,(anonymous_89)
FN:318,(anonymous_90)
FN:319,(anonymous_91)
FN:321,(anonymous_92)
FN:324,(anonymous_93)
FN:326,(anonymous_94)
FN:331,(anonymous_95)
FN:333,(anonymous_96)
FN:334,(anonymous_97)
FN:337,(anonymous_98)
FN:339,(anonymous_99)
FN:344,(anonymous_100)
FN:346,(anonymous_101)
FN:347,(anonymous_102)
FN:349,(anonymous_103)
FN:352,(anonymous_104)
FN:354,(anonymous_105)
FNF:105
FNH:0
FNDA:0,Nightwatch
FNDA:0,(anonymous_2)
FNDA:0,(anonymous_3)
FNDA:0,(anonymous_4)
FNDA:0,(anonymous_5)
FNDA:0,(anonymous_6)
FNDA:0,(anonymous_7)
FNDA:0,(anonymous_8)
FNDA:0,(anonymous_9)
FNDA:0,(anonymous_10)
FNDA:0,(anonymous_11)
FNDA:0,(anonymous_12)
FNDA:0,(anonymous_13)
FNDA:0,(anonymous_14)
FNDA:0,(anonymous_15)
FNDA:0,(anonymous_16)
FNDA:0,(anonymous_17)
FNDA:0,(anonymous_18)
FNDA:0,(anonymous_19)
FNDA:0,(anonymous_20)
FNDA:0,(anonymous_21)
FNDA:0,(anonymous_22)
FNDA:0,(anonymous_23)
FNDA:0,(anonymous_24)
FNDA:0,(anonymous_25)
FNDA:0,(anonymous_26)
FNDA:0,(anonymous_27)
FNDA:0,(anonymous_28)
FNDA:0,(anonymous_29)
FNDA:0,(anonymous_30)
FNDA:0,(anonymous_31)
FNDA:0,(anonymous_32)
FNDA:0,(anonymous_33)
FNDA:0,(anonymous_34)
FNDA:0,(anonymous_35)
FNDA:0,(anonymous_36)
FNDA:0,(anonymous_37)
FNDA:0,(anonymous_38)
FNDA:0,(anonymous_39)
FNDA:0,(anonymous_40)
FNDA:0,(anonymous_41)
FNDA:0,(anonymous_42)
FNDA:0,(anonymous_43)
FNDA:0,(anonymous_44)
FNDA:0,(anonymous_45)
FNDA:0,(anonymous_46)
FNDA:0,(anonymous_47)
FNDA:0,(anonymous_48)
FNDA:0,(anonymous_49)
FNDA:0,(anonymous_50)
FNDA:0,(anonymous_51)
FNDA:0,(anonymous_52)
FNDA:0,(anonymous_53)
FNDA:0,(anonymous_54)
FNDA:0,(anonymous_55)
FNDA:0,(anonymous_56)
FNDA:0,(anonymous_57)
FNDA:0,(anonymous_58)
FNDA:0,(anonymous_59)
FNDA:0,(anonymous_60)
FNDA:0,(anonymous_61)
FNDA:0,(anonymous_62)
FNDA:0,(anonymous_63)
FNDA:0,(anonymous_64)
FNDA:0,(anonymous_65)
FNDA:0,(anonymous_66)
FNDA:0,(anonymous_67)
FNDA:0,(anonymous_68)
FNDA:0,(anonymous_69)
FNDA:0,(anonymous_70)
FNDA:0,(anonymous_71)
FNDA:0,(anonymous_72)
FNDA:0,(anonymous_73)
FNDA:0,(anonymous_74)
FNDA:0,(anonymous_75)
FNDA:0,(anonymous_76)
FNDA:0,(anonymous_77)
FNDA:0,(anonymous_78)
FNDA:0,(anonymous_79)
FNDA:0,(anonymous_80)
FNDA:0,(anonymous_81)
FNDA:0,(anonymous_82)
FNDA:0,(anonymous_83)
FNDA:0,(anonymous_84)
FNDA:0,(anonymous_85)
FNDA:0,(anonymous_86)
FNDA:0,(anonymous_87)
FNDA:0,(anonymous_88)
FNDA:0,(anonymous_89)
FNDA:0,(anonymous_90)
FNDA:0,(anonymous_91)
FNDA:0,(anonymous_92)
FNDA:0,(anonymous_93)
FNDA:0,(anonymous_94)
FNDA:0,(anonymous_95)
FNDA:0,(anonymous_96)
FNDA:0,(anonymous_97)
FNDA:0,(anonymous_98)
FNDA:0,(anonymous_99)
FNDA:0,(anonymous_100)
FNDA:0,(anonymous_101)
FNDA:0,(anonymous_102)
FNDA:0,(anonymous_103)
FNDA:0,(anonymous_104)
FNDA:0,(anonymous_105)
DA:3,1
DA:4,1
DA:5,1
DA:7,1
DA:9,1
DA:20,1
DA:21,0
DA:35,1
DA:36,0
DA:37,0
DA:52,1
DA:53,0
DA:67,1
DA:68,0
DA:72,1
DA:73,0
DA:74,0
DA:75,0
DA:77,0
DA:82,1
DA:83,0
DA:84,0
DA:85,0
DA:90,1
DA:91,0
DA:95,1
DA:96,0
DA:97,0
DA:98,0
DA:103,1
DA:104,0
DA:105,0
DA:106,0
DA:111,1
DA:112,0
DA:113,0
DA:117,1
DA:118,0
DA:119,0
DA:123,1
DA:124,0
DA:125,0
DA:129,1
DA:130,0
DA:131,0
DA:132,0
DA:137,1
DA:138,0
DA:139,0
DA:143,1
DA:144,0
DA:145,0
DA:149,1
DA:150,0
DA:151,0
DA:152,0
DA:157,1
DA:158,0
DA:159,0
DA:160,0
DA:165,1
DA:166,0
DA:167,0
DA:168,0
DA:173,1
DA:174,0
DA:175,0
DA:176,0
DA:181,1
DA:182,0
DA:183,0
DA:187,1
DA:188,0
DA:189,0
DA:193,1
DA:194,0
DA:195,0
DA:196,0
DA:201,1
DA:202,0
DA:203,0
DA:204,0
DA:209,1
DA:210,0
DA:211,0
DA:215,1
DA:216,0
DA:217,0
DA:218,0
DA:223,1
DA:224,0
DA:227,1
DA:229,0
DA:232,1
DA:234,0
DA:237,1
DA:238,0
DA:239,0
DA:243,1
DA:244,0
DA:245,0
DA:246,0
DA:251,1
DA:252,0
DA:253,0
DA:258,1
DA:259,0
DA:260,0
DA:264,1
DA:265,0
DA:266,0
DA:270,1
DA:271,0
DA:272,0
DA:276,1
DA:277,0
DA:278,0
DA:279,0
DA:284,1
DA:285,0
DA:286,0
DA:287,0
DA:292,1
DA:293,0
DA:294,0
DA:298,1
DA:299,0
DA:303,1
DA:304,0
DA:305,0
DA:306,0
DA:307,0
DA:310,0
DA:312,0
DA:316,1
DA:317,0
DA:318,0
DA:319,0
DA:320,0
DA:321,0
DA:325,0
DA:327,0
DA:331,1
DA:332,0
DA:333,0
DA:334,0
DA:335,0
DA:338,0
DA:340,0
DA:344,1
DA:345,0
DA:346,0
DA:347,0
DA:348,0
DA:349,0
DA:353,0
DA:355,0
DA:361,1
LF:158
LH:48
BRDA:304,1,0,0
BRDA:304,1,1,0
BRDA:310,2,0,0
BRDA:310,2,1,0
BRDA:317,3,0,0
BRDA:317,3,1,0
BRDA:320,4,0,0
BRDA:320,4,1,0
BRDA:325,5,0,0
BRDA:325,5,1,0
BRDA:332,6,0,0
BRDA:332,6,1,0
BRDA:338,7,0,0
BRDA:338,7,1,0
BRDA:345,8,0,0
BRDA:345,8,1,0
BRDA:348,9,0,0
BRDA:348,9,1,0
BRDA:353,10,0,0
BRDA:353,10,1,0
BRF:20
BRH:0
end_of_record
TN:
SF:/Users/erz/code/preceptorjs/taxi/lib/helpers/comparison.js
FN:19,Comparison
FN:23,(anonymous_2)
FN:40,(anonymous_3)
FN:57,(anonymous_4)
FN:72,(anonymous_5)
FN:84,(anonymous_6)
FN:105,(anonymous_7)
FN:117,(anonymous_8)
FN:143,(anonymous_9)
FN:147,(anonymous_10)
FN:166,(anonymous_11)
FN:184,(anonymous_12)
FNF:12
FNH:6
FNDA:2,Comparison
FNDA:2,(anonymous_2)
FNDA:8,(anonymous_3)
FNDA:0,(anonymous_4)
FNDA:2,(anonymous_5)
FNDA:2,(anonymous_6)
FNDA:0,(anonymous_7)
FNDA:0,(anonymous_8)
FNDA:0,(anonymous_9)
FNDA:0,(anonymous_10)
FNDA:0,(anonymous_11)
FNDA:2,(anonymous_12)
DA:3,1
DA:4,1
DA:5,1
DA:7,1
DA:19,1
DA:20,2
DA:22,2
DA:23,2
DA:24,2
DA:40,1
DA:41,8
DA:42,8
DA:57,1
DA:58,0
DA:72,1
DA:73,2
DA:84,1
DA:86,2
DA:90,2
DA:91,2
DA:92,2
DA:94,2
DA:105,1
DA:106,0
DA:117,1
DA:119,0
DA:121,0
DA:123,0
DA:124,0
DA:126,0
DA:127,0
DA:130,0
DA:143,1
DA:145,0
DA:147,0
DA:149,0
DA:150,0
DA:155,0
DA:166,1
DA:168,0
DA:170,0
DA:171,0
DA:172,0
DA:176,0
DA:184,1
DA:185,2
DA:186,2
DA:187,2
DA:192,1
LF:49
LH:30
BRDA:121,1,0,0
BRDA:121,1,1,0
BRDA:123,2,0,0
BRDA:123,2,1,0
BRDA:126,3,0,0
BRDA:126,3,1,0
BRDA:145,4,0,0
BRDA:145,4,1,0
BRDA:171,5,0,0
BRDA:171,5,1,0
BRDA:186,6,0,2
BRDA:186,6,1,0
BRF:12
BRH:1
end_of_record
TN:
SF:/Users/erz/code/preceptorjs/taxi/lib/comparison/blinkdiff.js
FN:24,BlinkDiffComparison
FN:40,(anonymous_2)
FN:57,(anonymous_3)
FN:73,(anonymous_4)
FN:84,(anonymous_5)
FN:101,(anonymous_6)
FN:118,(anonymous_7)
FN:129,(anonymous_8)
FN:139,(anonymous_9)
FN:149,(anonymous_10)
FN:161,(anonymous_11)
FN:182,(anonymous_12)
FN:200,(anonymous_13)
FN:214,(anonymous_14)
FN:230,(anonymous_15)
FN:246,(anonymous_16)
FN:262,(anonymous_17)
FN:279,(anonymous_18)
FN:330,(anonymous_19)
FN:339,(anonymous_20)
FNF:20
FNH:4
FNDA:2,BlinkDiffComparison
FNDA:8,(anonymous_2)
FNDA:0,(anonymous_3)
FNDA:0,(anonymous_4)
FNDA:0,(anonymous_5)
FNDA:0,(anonymous_6)
FNDA:0,(anonymous_7)
FNDA:0,(anonymous_8)
FNDA:0,(anonymous_9)
FNDA:0,(anonymous_10)
FNDA:0,(anonymous_11)
FNDA:0,(anonymous_12)
FNDA:0,(anonymous_13)
FNDA:0,(anonymous_14)
FNDA:0,(anonymous_15)
FNDA:0,(anonymous_16)
FNDA:0,(anonymous_17)
FNDA:0,(anonymous_18)
FNDA:2,(anonymous_19)
FNDA:2,(anonymous_20)
DA:3,1
DA:4,1
DA:5,1
DA:7,1
DA:8,1
DA:9,1
DA:10,1
DA:11,1
DA:13,1
DA:24,1
DA:25,2
DA:40,1
DA:41,8
DA:42,8
DA:57,1
DA:58,0
DA:73,1
DA:74,0
DA:84,1
DA:86,0
DA:88,0
DA:89,0
DA:92,0
DA:101,1
DA:103,0
DA:105,0
DA:106,0
DA:109,0
DA:118,1
DA:119,0
DA:129,1
DA:130,0
DA:139,1
DA:140,0
DA:149,1
DA:150,0
DA:161,1
DA:163,0
DA:165,0
DA:166,0
DA:168,0
DA:171,0
DA:182,1
DA:183,0
DA:185,0
DA:186,0
DA:188,0
DA:200,1
DA:201,0
DA:214,1
DA:215,0
DA:218,0
DA:230,1
DA:231,0
DA:234,0
DA:246,1
DA:247,0
DA:250,0
DA:262,1
DA:264,0
DA:266,0
DA:267,0
DA:279,1
DA:281,0
DA:286,0
DA:287,0
DA:288,0
DA:291,0
DA:293,0
DA:295,0
DA:297,0
DA:298,0
DA:301,0
DA:305,0
DA:306,0
DA:308,0
DA:309,0
DA:310,0
DA:312,0
DA:313,0
DA:314,0
DA:316,0
DA:317,0
DA:320,0
DA:330,1
DA:339,1
DA:343,1
LF:87
LH:33
BRDA:88,1,0,0
BRDA:88,1,1,0
BRDA:105,2,0,0
BRDA:105,2,1,0
BRDA:130,3,0,0
BRDA:130,3,1,0
BRDA:140,4,0,0
BRDA:140,4,1,0
BRDA:150,5,0,0
BRDA:150,5,1,0
BRDA:215,6,0,0
BRDA:215,6,1,0
BRDA:231,7,0,0
BRDA:231,7,1,0
BRDA:247,8,0,0
BRDA:247,8,1,0
BRDA:295,9,0,0
BRDA:295,9,1,0
BRDA:297,10,0,0
BRDA:297,10,1,0
BRDA:313,11,0,0
BRDA:313,11,1,0
BRDA:313,12,0,0
BRDA:313,12,1,0
BRDA:313,12,2,0
BRDA:316,13,0,0
BRDA:316,13,1,0
BRDA:316,14,0,0
BRDA:316,14,1,0
BRF:29
BRH:0
end_of_record
TN:
SF:/Users/erz/code/preceptorjs/taxi/lib/helpers/devicePixelRatio.js
FN:22,DevicePixelRatio
FN:38,(anonymous_2)
FN:55,(anonymous_3)
FN:70,(anonymous_4)
FN:84,(anonymous_5)
FN:88,(anonymous_6)
FN:104,(anonymous_7)
FN:110,(anonymous_8)
FN:114,(anonymous_9)
FN:117,(anonymous_10)
FN:149,(anonymous_11)
FNF:11
FNH:6
FNDA:2,DevicePixelRatio
FNDA:16,(anonymous_2)
FNDA:0,(anonymous_3)
FNDA:6,(anonymous_4)
FNDA:2,(anonymous_5)
FNDA:0,(anonymous_6)
FNDA:2,(anonymous_7)
FNDA:0,(anonymous_8)
FNDA:0,(anonymous_9)
FNDA:0,(anonymous_10)
FNDA:2,(anonymous_11)
DA:3,1
DA:4,1
DA:5,1
DA:7,1
DA:9,1
DA:11,1
DA:22,1
DA:23,2
DA:38,1
DA:39,16
DA:40,16
DA:55,1
DA:56,0
DA:70,1
DA:71,6
DA:84,1
DA:85,2
DA:87,2
DA:88,2
DA:89,0
DA:90,0
DA:93,0
DA:104,1
DA:106,2
DA:110,2
DA:111,0
DA:114,0
DA:117,0
DA:120,0
DA:123,0
DA:124,0
DA:127,0
DA:128,0
DA:130,0
DA:149,1
DA:150,2
DA:151,2
DA:154,0
DA:158,1
LF:39
LH:25
BRDA:87,1,0,2
BRDA:87,1,1,0
BRDA:123,2,0,0
BRDA:123,2,1,0
BRDA:127,3,0,0
BRDA:127,3,1,0
BRDA:150,4,0,2
BRDA:150,4,1,0
BRF:8
BRH:2
end_of_record
TN:
SF:/Users/erz/code/preceptorjs/taxi/lib/scripts/devicePixelRatio.js
FN:14,(anonymous_1)
FN:64,(anonymous_2)
FNF:2
FNH:0
FNDA:0,(anonymous_1)
FNDA:0,(anonymous_2)
DA:1,1
DA:15,0
DA:20,0
DA:21,0
DA:22,0
DA:23,0
DA:24,0
DA:25,0
DA:26,0
DA:28,0
DA:38,0
DA:41,0
DA:44,0
DA:45,0
DA:46,0
DA:47,0
DA:49,0
DA:50,0
DA:51,0
DA:52,0
DA:53,0
DA:55,0
DA:65,0
DA:67,0
DA:68,0
DA:69,0
LF:26
LH:1
BRDA:33,1,0,0
BRDA:33,1,1,0
BRF:2
BRH:0
end_of_record
TN:
SF:/Users/erz/code/preceptorjs/taxi/lib/helpers/stitching.js
FN:22,Stitching
FN:38,(anonymous_2)
FN:55,(anonymous_3)
FN:70,(anonymous_4)
FN:84,(anonymous_5)
FN:88,(anonymous_6)
FN:105,(anonymous_7)
FN:114,(anonymous_8)
FN:117,(anonymous_9)
FN:121,(anonymous_10)
FN:124,(anonymous_11)
FN:146,(anonymous_12)
FN:184,(anonymous_13)
FNF:13
FNH:1
FNDA:2,Stitching
FNDA:0,(anonymous_2)
FNDA:0,(anonymous_3)
FNDA:0,(anonymous_4)
FNDA:0,(anonymous_5)
FNDA:0,(anonymous_6)
FNDA:0,(anonymous_7)
FNDA:0,(anonymous_8)
FNDA:0,(anonymous_9)
FNDA:0,(anonymous_10)
FNDA:0,(anonymous_11)
FNDA:0,(anonymous_12)
FNDA:0,(anonymous_13)
DA:3,1
DA:4,1
DA:5,1
DA:7,1
DA:9,1
DA:11,1
DA:22,1
DA:23,2
DA:38,1
DA:39,0
DA:40,0
DA:55,1
DA:56,0
DA:70,1
DA:71,0
DA:84,1
DA:85,0
DA:87,0
DA:88,0
DA:89,0
DA:90,0
DA:93,0
DA:105,1
DA:107,0
DA:114,0
DA:117,0
DA:118,0
DA:121,0
DA:124,0
DA:126,0
DA:146,1
DA:150,0
DA:161,0
DA:163,0
DA:164,0
DA:165,0
DA:169,0
DA:184,1
DA:185,0
DA:186,0
DA:189,0
DA:193,1
LF:42
LH:16
BRDA:87,1,0,0
BRDA:87,1,1,0
BRDA:161,2,0,0
BRDA:161,2,1,0
BRDA:163,3,0,0
BRDA:163,3,1,0
BRDA:164,4,0,0
BRDA:164,4,1,0
BRDA:164,5,0,0
BRDA:164,5,1,0
BRDA:185,6,0,0
BRDA:185,6,1,0
BRF:12
BRH:0
end_of_record
TN:
SF:/Users/erz/code/preceptorjs/taxi/lib/scripts/stitching.js
FN:10,(anonymous_1)
FN:49,(anonymous_2)
FNF:2
FNH:0
FNDA:0,(anonymous_1)
FNDA:0,(anonymous_2)
DA:1,1
DA:11,0
DA:16,0
DA:17,0
DA:18,0
DA:19,0
DA:20,0
DA:21,0
DA:22,0
DA:24,0
DA:31,0
DA:34,0
DA:37,0
DA:38,0
DA:40,0
DA:50,0
DA:52,0
DA:53,0
DA:54,0
LF:19
LH:1
BRF:0
BRH:0
end_of_record
